#
# There is insufficient memory for the Java Runtime Environment to continue.
# Native memory allocation (mmap) failed to map 65536 bytes. Error detail: Failed to commit metaspace.
# Possible reasons:
#   The system is out of physical RAM or swap space
#   This process is running with CompressedOops enabled, and the Java Heap may be blocking the growth of the native heap
# Possible solutions:
#   Reduce memory load on the system
#   Increase physical memory or swap space
#   Check if swap backing store is full
#   Decrease Java heap size (-Xmx/-Xms)
#
#  , pid=13040
#
# 
V  [jvm.dll+0x8b4b26]
V  [jvm.dll+0x8b70de]
V  [jvm.dll+0x8b77c3]
V  [jvm.dll+0x284346]
V  [jvm.dll+0x8b086e]
V  [jvm.dll+0x679444]
V  [jvm.dll+0x1e82bb]
V  [jvm.dll+0x1e807e]
V  [jvm.dll+0x67bd42]
V  [jvm.dll+0x67bb72]
V  [jvm.dll+0x679e1e]
V  [jvm.dll+0x68b22a]
V  [jvm.dll+0x6843a2]
V  [jvm.dll+0x1f6360]
V  [jvm.dll+0x1f6548]
V  [jvm.dll+0x156b7e]
V  [jvm.dll+0x156e84]
V  [jvm.dll+0x15629c]
V  [jvm.dll+0x15802d]
V  [jvm.dll+0x25b85d]
V  [jvm.dll+0x259dea]
V  [jvm.dll+0x3f857e]
V  [jvm.dll+0x85f59d]
V  [jvm.dll+0x6d626d]
C  [ucrtbase.dll+0x2cd30]
C  [KERNEL32.DLL+0x2e957]
C  [ntdll.dll+0x87c1c]


---------------  P R O C E S S  ---------------

Threads class SMR info:
_java_thread_list=0x0000024063d8a340, length=24, elements={
0x000002402a1e0210, 0x00000240429a9910, 0x00000240429adbd0, 0x00000240429b6130,
0x00000240429b6b90, 0x00000240429b75f0, 0x00000240429b8050, 0x00000240429b8de0,
0x0000024042a26ee0, 0x0000024042b9d3d0, 0x0000024042c46e50, 0x0000024042cacde0,
0x000002406217f950, 0x0000024063536630, 0x0000024062fda530, 0x0000024062fe8d80,
0x0000024063008860, 0x00000240630d01c0, 0x00000240630d2920, 0x00000240630cfb30,
0x00000240630d0850, 0x00000240630d0ee0, 0x00000240630d1570, 0x00000240630cf4a0
}

Java Threads: ( => current thread )
  0x000002402a1e0210 JavaThread "main"                              [_thread_blocked, id=12988, stack(0x000000fddbe00000,0x000000fddbf00000) (1024K)]
  0x00000240429a9910 JavaThread "Reference Handler"          daemon [_thread_blocked, id=1260, stack(0x000000fddc700000,0x000000fddc800000) (1024K)]
  0x00000240429adbd0 JavaThread "Finalizer"                  daemon [_thread_blocked, id=13128, stack(0x000000fddc800000,0x000000fddc900000) (1024K)]
  0x00000240429b6130 JavaThread "Signal Dispatcher"          daemon [_thread_blocked, id=12068, stack(0x000000fddc900000,0x000000fddca00000) (1024K)]
  0x00000240429b6b90 JavaThread "Attach Listener"            daemon [_thread_blocked, id=8576, stack(0x000000fddca00000,0x000000fddcb00000) (1024K)]
  0x00000240429b75f0 JavaThread "Service Thread"             daemon [_thread_blocked, id=10868, stack(0x000000fddcb00000,0x000000fddcc00000) (1024K)]
  0x00000240429b8050 JavaThread "Monitor Deflation Thread"   daemon [_thread_blocked, id=6444, stack(0x000000fddcc00000,0x000000fddcd00000) (1024K)]
  0x00000240429b8de0 JavaThread "C2 CompilerThread0"         daemon [_thread_in_native, id=4628, stack(0x000000fddcd00000,0x000000fddce00000) (1024K)]
=>0x0000024042a26ee0 JavaThread "C1 CompilerThread0"         daemon [_thread_in_vm, id=7252, stack(0x000000fddce00000,0x000000fddcf00000) (1024K)]
  0x0000024042b9d3d0 JavaThread "Common-Cleaner"             daemon [_thread_blocked, id=13220, stack(0x000000fddcf00000,0x000000fddd000000) (1024K)]
  0x0000024042c46e50 JavaThread "Notification Thread"        daemon [_thread_blocked, id=128, stack(0x000000fddd000000,0x000000fddd100000) (1024K)]
  0x0000024042cacde0 JavaThread "Daemon health stats"               [_thread_blocked, id=11500, stack(0x000000fddbf00000,0x000000fddc000000) (1024K)]
  0x000002406217f950 JavaThread "Incoming local TCP Connector on port 61851"        [_thread_in_native, id=11548, stack(0x000000fddd300000,0x000000fddd400000) (1024K)]
  0x0000024063536630 JavaThread "Daemon periodic checks"            [_thread_blocked, id=10136, stack(0x000000fddd400000,0x000000fddd500000) (1024K)]
  0x0000024062fda530 JavaThread "Daemon"                            [_thread_blocked, id=10484, stack(0x000000fddd500000,0x000000fddd600000) (1024K)]
  0x0000024062fe8d80 JavaThread "Handler for socket connection from /127.0.0.1:61851 to /127.0.0.1:61854"        [_thread_in_native, id=11088, stack(0x000000fddd600000,0x000000fddd700000) (1024K)]
  0x0000024063008860 JavaThread "Cancel handler"                    [_thread_blocked, id=12340, stack(0x000000fddd700000,0x000000fddd800000) (1024K)]
  0x00000240630d01c0 JavaThread "Daemon worker"                     [_thread_in_vm, id=12428, stack(0x000000fddd800000,0x000000fddd900000) (1024K)]
  0x00000240630d2920 JavaThread "Asynchronous log dispatcher for DefaultDaemonConnection: socket connection from /127.0.0.1:61851 to /127.0.0.1:61854"        [_thread_blocked, id=13384, stack(0x000000fddd900000,0x000000fddda00000) (1024K)]
  0x00000240630cfb30 JavaThread "Stdin handler"                     [_thread_blocked, id=268, stack(0x000000fddda00000,0x000000fdddb00000) (1024K)]
  0x00000240630d0850 JavaThread "Daemon client event forwarder"        [_thread_blocked, id=7308, stack(0x000000fdddb00000,0x000000fdddc00000) (1024K)]
  0x00000240630d0ee0 JavaThread "Cache worker for journal cache (C:\Users\seete\.gradle\caches\journal-1)"        [_thread_blocked, id=13132, stack(0x000000fddd200000,0x000000fddd300000) (1024K)]
  0x00000240630d1570 JavaThread "File lock request listener"        [_thread_in_native, id=9500, stack(0x000000fdddd00000,0x000000fddde00000) (1024K)]
  0x00000240630cf4a0 JavaThread "Cache worker for file hash cache (C:\Users\seete\.gradle\caches\8.13\fileHashes)"        [_thread_blocked, id=12356, stack(0x000000fddde00000,0x000000fdddf00000) (1024K)]
Total: 24

Other Threads:
  0x000002404298b720 VMThread "VM Thread"                           [id=11768, stack(0x000000fddc600000,0x000000fddc700000) (1024K)] _threads_hazard_ptr=0x0000024063d8a340
  0x000002404297abe0 WatcherThread "VM Periodic Task Thread"        [id=9660, stack(0x000000fddc500000,0x000000fddc600000) (1024K)]
  0x000002402a237ae0 WorkerThread "GC Thread#0"                     [id=7624, stack(0x000000fddc000000,0x000000fddc100000) (1024K)]
  0x0000024042c6c920 WorkerThread "GC Thread#1"                     [id=8220, stack(0x000000fddd100000,0x000000fddd200000) (1024K)]
  0x000002402a24a200 ConcurrentGCThread "G1 Main Marker"            [id=8912, stack(0x000000fddc100000,0x000000fddc200000) (1024K)]
  0x000002402a24ac20 WorkerThread "G1 Conc#0"                       [id=12324, stack(0x000000fddc200000,0x000000fddc300000) (1024K)]
  0x000002402a298bf0 ConcurrentGCThread "G1 Refine#0"               [id=8000, stack(0x000000fddc300000,0x000000fddc400000) (1024K)]
  0x000002402a299680 ConcurrentGCThread "G1 Service"                [id=2724, stack(0x000000fddc400000,0x000000fddc500000) (1024K)]
Total: 8

Threads with active compile tasks:
C2 CompilerThread0  350200 3162       4       java.nio.HeapByteBuffer::getShort (29 bytes)
C1 CompilerThread0  350200 3161       3       java.lang.invoke.LambdaForm$MH/0x00000240440cc400::invoke (42 bytes)
Total: 2

VM state: synchronizing (normal execution)

VM Mutex/Monitor currently owned by a thread:  ([mutex/lock_event])
[0x00007ffee8ebc4e0] Metaspace_lock - owner thread: 0x0000024042a26ee0
[0x00007ffee8ebe560] Threads_lock - owner thread: 0x000002404298b720

Heap address: 0x0000000080000000, size: 2048 MB, Compressed Oops mode: 32-bit

CDS archive(s) mapped at: [0x0000024043000000-0x0000024043ba0000-0x0000024043ba0000), size 12189696, SharedBaseAddress: 0x0000024043000000, ArchiveRelocationMode: 1.
Compressed class space mapped at: 0x0000024044000000-0x000002405e000000, reserved size: 436207616
Narrow klass base: 0x0000024043000000, Narrow klass shift: 0, Narrow klass range: 0x100000000

GC Precious Log:
 CardTable entry size: 512
 Card Set container configuration: InlinePtr #cards 5 size 8 Array Of Cards #cards 12 size 40 Howl #buckets 4 coarsen threshold 1843 Howl Bitmap #cards 512 size 80 coarsen threshold 460 Card regions per heap region 1 cards per card region 2048
 CPUs: 2 total, 2 available
 Memory: 3800M
 Large Page Support: Disabled
 NUMA Support: Disabled
 Compressed Oops: Enabled (32-bit)
 Heap Region Size: 1M
 Heap Min Capacity: 8M
 Heap Initial Capacity: 60M
 Heap Max Capacity: 2G
 Pre-touch: Disabled
 Parallel Workers: 2
 Concurrent Workers: 1
 Concurrent Refinement Workers: 2
 Periodic GC: Disabled

Heap:
 garbage-first heap   total 61440K, used 44268K [0x0000000080000000, 0x0000000100000000)
  region size 1024K, 24 young (24576K), 2 survivors (2048K)
 Metaspace       used 18854K, committed 19392K, reserved 491520K
  class space    used 2704K, committed 3008K, reserved 425984K

Heap Regions: E=young(eden), S=young(survivor), O=old, HS=humongous(starts), HC=humongous(continues), CS=collection set, F=free, TAMS=top-at-mark-start, PB=parsable bottom
|   0|0x0000000080000000, 0x0000000080100000, 0x0000000080100000|100%| O|  |TAMS 0x0000000080000000| PB 0x0000000080000000| Untracked 
|   1|0x0000000080100000, 0x0000000080200000, 0x0000000080200000|100%| O|  |TAMS 0x0000000080100000| PB 0x0000000080100000| Untracked 
|   2|0x0000000080200000, 0x0000000080300000, 0x0000000080300000|100%| O|  |TAMS 0x0000000080200000| PB 0x0000000080200000| Untracked 
|   3|0x0000000080300000, 0x0000000080400000, 0x0000000080400000|100%| O|  |TAMS 0x0000000080300000| PB 0x0000000080300000| Untracked 
|   4|0x0000000080400000, 0x0000000080500000, 0x0000000080500000|100%|HS|  |TAMS 0x0000000080400000| PB 0x0000000080400000| Complete 
|   5|0x0000000080500000, 0x0000000080600000, 0x0000000080600000|100%|HC|  |TAMS 0x0000000080500000| PB 0x0000000080500000| Complete 
|   6|0x0000000080600000, 0x0000000080700000, 0x0000000080700000|100%|HC|  |TAMS 0x0000000080600000| PB 0x0000000080600000| Complete 
|   7|0x0000000080700000, 0x0000000080800000, 0x0000000080800000|100%|HS|  |TAMS 0x0000000080700000| PB 0x0000000080700000| Complete 
|   8|0x0000000080800000, 0x0000000080900000, 0x0000000080900000|100%| O|  |TAMS 0x0000000080800000| PB 0x0000000080800000| Untracked 
|   9|0x0000000080900000, 0x0000000080a00000, 0x0000000080a00000|100%| O|  |TAMS 0x0000000080900000| PB 0x0000000080900000| Untracked 
|  10|0x0000000080a00000, 0x0000000080b00000, 0x0000000080b00000|100%| O|  |TAMS 0x0000000080a00000| PB 0x0000000080a00000| Untracked 
|  11|0x0000000080b00000, 0x0000000080c00000, 0x0000000080c00000|100%| O|  |TAMS 0x0000000080b00000| PB 0x0000000080b00000| Untracked 
|  12|0x0000000080c00000, 0x0000000080d00000, 0x0000000080d00000|100%| O|  |TAMS 0x0000000080c00000| PB 0x0000000080c00000| Untracked 
|  13|0x0000000080d00000, 0x0000000080e00000, 0x0000000080e00000|100%| O|  |TAMS 0x0000000080d00000| PB 0x0000000080d00000| Untracked 
|  14|0x0000000080e00000, 0x0000000080f00000, 0x0000000080f00000|100%| O|  |TAMS 0x0000000080e00000| PB 0x0000000080e00000| Untracked 
|  15|0x0000000080f00000, 0x0000000081000000, 0x0000000081000000|100%| O|  |TAMS 0x0000000080f00000| PB 0x0000000080f00000| Untracked 
|  16|0x0000000081000000, 0x0000000081100000, 0x0000000081100000|100%| O|  |TAMS 0x0000000081000000| PB 0x0000000081000000| Untracked 
|  17|0x0000000081100000, 0x0000000081200000, 0x0000000081200000|100%| O|  |TAMS 0x0000000081100000| PB 0x0000000081100000| Untracked 
|  18|0x0000000081200000, 0x0000000081300000, 0x0000000081300000|100%| O|  |TAMS 0x0000000081200000| PB 0x0000000081200000| Untracked 
|  19|0x0000000081300000, 0x0000000081400000, 0x0000000081400000|100%| O|  |TAMS 0x0000000081300000| PB 0x0000000081300000| Untracked 
|  20|0x0000000081400000, 0x0000000081400000, 0x0000000081500000|  0%| F|  |TAMS 0x0000000081400000| PB 0x0000000081400000| Untracked 
|  21|0x0000000081500000, 0x0000000081500000, 0x0000000081600000|  0%| F|  |TAMS 0x0000000081500000| PB 0x0000000081500000| Untracked 
|  22|0x0000000081600000, 0x0000000081600000, 0x0000000081700000|  0%| F|  |TAMS 0x0000000081600000| PB 0x0000000081600000| Untracked 
|  23|0x0000000081700000, 0x0000000081700000, 0x0000000081800000|  0%| F|  |TAMS 0x0000000081700000| PB 0x0000000081700000| Untracked 
|  24|0x0000000081800000, 0x000000008183b000, 0x0000000081900000| 23%| O|  |TAMS 0x0000000081800000| PB 0x0000000081800000| Untracked 
|  25|0x0000000081900000, 0x0000000081900000, 0x0000000081a00000|  0%| F|  |TAMS 0x0000000081900000| PB 0x0000000081900000| Untracked 
|  26|0x0000000081a00000, 0x0000000081a00000, 0x0000000081b00000|  0%| F|  |TAMS 0x0000000081a00000| PB 0x0000000081a00000| Untracked 
|  27|0x0000000081b00000, 0x0000000081b00000, 0x0000000081c00000|  0%| F|  |TAMS 0x0000000081b00000| PB 0x0000000081b00000| Untracked 
|  28|0x0000000081c00000, 0x0000000081c00000, 0x0000000081d00000|  0%| F|  |TAMS 0x0000000081c00000| PB 0x0000000081c00000| Untracked 
|  29|0x0000000081d00000, 0x0000000081d00000, 0x0000000081e00000|  0%| F|  |TAMS 0x0000000081d00000| PB 0x0000000081d00000| Untracked 
|  30|0x0000000081e00000, 0x0000000081f00000, 0x0000000081f00000|100%| S|CS|TAMS 0x0000000081e00000| PB 0x0000000081e00000| Complete 
|  31|0x0000000081f00000, 0x0000000082000000, 0x0000000082000000|100%| S|CS|TAMS 0x0000000081f00000| PB 0x0000000081f00000| Complete 
|  32|0x0000000082000000, 0x0000000082000000, 0x0000000082100000|  0%| F|  |TAMS 0x0000000082000000| PB 0x0000000082000000| Untracked 
|  33|0x0000000082100000, 0x0000000082100000, 0x0000000082200000|  0%| F|  |TAMS 0x0000000082100000| PB 0x0000000082100000| Untracked 
|  34|0x0000000082200000, 0x0000000082200000, 0x0000000082300000|  0%| F|  |TAMS 0x0000000082200000| PB 0x0000000082200000| Untracked 
|  35|0x0000000082300000, 0x0000000082300000, 0x0000000082400000|  0%| F|  |TAMS 0x0000000082300000| PB 0x0000000082300000| Untracked 
|  36|0x0000000082400000, 0x0000000082400000, 0x0000000082500000|  0%| F|  |TAMS 0x0000000082400000| PB 0x0000000082400000| Untracked 
|  37|0x0000000082500000, 0x0000000082500000, 0x0000000082600000|  0%| F|  |TAMS 0x0000000082500000| PB 0x0000000082500000| Untracked 
|  38|0x0000000082600000, 0x0000000082643138, 0x0000000082700000| 26%| E|  |TAMS 0x0000000082600000| PB 0x0000000082600000| Complete 
|  39|0x0000000082700000, 0x0000000082800000, 0x0000000082800000|100%| E|CS|TAMS 0x0000000082700000| PB 0x0000000082700000| Complete 
|  40|0x0000000082800000, 0x0000000082900000, 0x0000000082900000|100%| E|CS|TAMS 0x0000000082800000| PB 0x0000000082800000| Complete 
|  41|0x0000000082900000, 0x0000000082a00000, 0x0000000082a00000|100%| E|CS|TAMS 0x0000000082900000| PB 0x0000000082900000| Complete 
|  42|0x0000000082a00000, 0x0000000082b00000, 0x0000000082b00000|100%| E|CS|TAMS 0x0000000082a00000| PB 0x0000000082a00000| Complete 
|  43|0x0000000082b00000, 0x0000000082c00000, 0x0000000082c00000|100%| E|CS|TAMS 0x0000000082b00000| PB 0x0000000082b00000| Complete 
|  44|0x0000000082c00000, 0x0000000082d00000, 0x0000000082d00000|100%| E|CS|TAMS 0x0000000082c00000| PB 0x0000000082c00000| Complete 
|  45|0x0000000082d00000, 0x0000000082e00000, 0x0000000082e00000|100%| E|CS|TAMS 0x0000000082d00000| PB 0x0000000082d00000| Complete 
|  46|0x0000000082e00000, 0x0000000082f00000, 0x0000000082f00000|100%| E|CS|TAMS 0x0000000082e00000| PB 0x0000000082e00000| Complete 
|  47|0x0000000082f00000, 0x0000000083000000, 0x0000000083000000|100%| E|CS|TAMS 0x0000000082f00000| PB 0x0000000082f00000| Complete 
|  48|0x0000000083000000, 0x0000000083100000, 0x0000000083100000|100%| E|CS|TAMS 0x0000000083000000| PB 0x0000000083000000| Complete 
|  49|0x0000000083100000, 0x0000000083200000, 0x0000000083200000|100%| E|CS|TAMS 0x0000000083100000| PB 0x0000000083100000| Complete 
|  50|0x0000000083200000, 0x0000000083300000, 0x0000000083300000|100%| E|CS|TAMS 0x0000000083200000| PB 0x0000000083200000| Complete 
|  51|0x0000000083300000, 0x0000000083400000, 0x0000000083400000|100%| E|CS|TAMS 0x0000000083300000| PB 0x0000000083300000| Complete 
|  52|0x0000000083400000, 0x0000000083500000, 0x0000000083500000|100%| E|CS|TAMS 0x0000000083400000| PB 0x0000000083400000| Complete 
|  53|0x0000000083500000, 0x0000000083600000, 0x0000000083600000|100%| E|CS|TAMS 0x0000000083500000| PB 0x0000000083500000| Complete 
|  54|0x0000000083600000, 0x0000000083700000, 0x0000000083700000|100%| E|CS|TAMS 0x0000000083600000| PB 0x0000000083600000| Complete 
|  55|0x0000000083700000, 0x0000000083800000, 0x0000000083800000|100%| E|CS|TAMS 0x0000000083700000| PB 0x0000000083700000| Complete 
|  56|0x0000000083800000, 0x0000000083900000, 0x0000000083900000|100%| E|CS|TAMS 0x0000000083800000| PB 0x0000000083800000| Complete 
|  57|0x0000000083900000, 0x0000000083a00000, 0x0000000083a00000|100%| E|CS|TAMS 0x0000000083900000| PB 0x0000000083900000| Complete 
|  58|0x0000000083a00000, 0x0000000083b00000, 0x0000000083b00000|100%| E|CS|TAMS 0x0000000083a00000| PB 0x0000000083a00000| Complete 
|  59|0x0000000083b00000, 0x0000000083c00000, 0x0000000083c00000|100%| E|CS|TAMS 0x0000000083b00000| PB 0x0000000083b00000| Complete 

Card table byte_map: [0x000002403e1d0000,0x000002403e5d0000] _byte_map_base: 0x000002403ddd0000

Marking Bits: (CMBitMap*) 0x000002402a238100
 Bits: [0x000002403e5d0000, 0x00000240405d0000)

Polling page: 0x000002402a2a0000

Metaspace:

Usage:
  Non-class:     15.77 MB used.
      Class:      2.64 MB used.
       Both:     18.41 MB used.

Virtual space:
  Non-class space:       64.00 MB reserved,      16.00 MB ( 25%) committed,  1 nodes.
      Class space:      416.00 MB reserved,       2.94 MB ( <1%) committed,  1 nodes.
             Both:      480.00 MB reserved,      18.94 MB (  4%) committed. 

Chunk freelists:
   Non-Class:  15.25 MB
       Class:  12.92 MB
        Both:  28.17 MB

MaxMetaspaceSize: 512.00 MB
CompressedClassSpaceSize: 416.00 MB
Initial GC threshold: 21.00 MB
Current GC threshold: 21.00 MB
CDS: on
 - commit_granule_bytes: 65536.
 - commit_granule_words: 8192.
 - virtual_space_node_default_size: 8388608.
 - enlarge_chunks_in_place: 1.
 - use_allocation_guard: 0.


Internal statistics:

num_allocs_failed_limit: 0.
num_arena_births: 700.
num_arena_deaths: 0.
num_vsnodes_births: 2.
num_vsnodes_deaths: 0.
num_space_committed: 303.
num_space_uncommitted: 0.
num_chunks_returned_to_freelist: 0.
num_chunks_taken_from_freelist: 1411.
num_chunk_merges: 0.
num_chunk_splits: 910.
num_chunks_enlarged: 595.
num_inconsistent_stats: 0.

CodeHeap 'non-profiled nmethods': size=120064Kb used=1790Kb max_used=1790Kb free=118273Kb
 bounds [0x0000024036490000, 0x0000024036700000, 0x000002403d9d0000]
CodeHeap 'profiled nmethods': size=120000Kb used=6271Kb max_used=6271Kb free=113728Kb
 bounds [0x000002402e9d0000, 0x000002402eff0000, 0x0000024035f00000]
CodeHeap 'non-nmethods': size=5696Kb used=1414Kb max_used=1457Kb free=4281Kb
 bounds [0x0000024035f00000, 0x0000024036170000, 0x0000024036490000]
CodeCache: size=245760Kb, used=9475Kb, max_used=9518Kb, free=236282Kb
 total_blobs=3728, nmethods=3151, adapters=481, full_count=0
Compilation: enabled, stopped_count=0, restarted_count=0

Compilation events (20 events):
Event: 341.504 Thread 0x0000024042a26ee0 3152       3       java.util.stream.ReferencePipeline::collect (124 bytes)
Event: 341.506 Thread 0x0000024042a26ee0 nmethod 3152 0x000002402efecc10 code [0x000002402efecec0, 0x000002402efedb30]
Event: 346.502 Thread 0x0000024042a26ee0 3153       3       java.util.stream.Collectors::toList (26 bytes)
Event: 346.503 Thread 0x0000024042a26ee0 nmethod 3153 0x000002402efedf90 code [0x000002402efee1a0, 0x000002402efee730]
Event: 347.334 Thread 0x00000240429b8de0 3154       4       java.lang.reflect.Modifier::isStatic (13 bytes)
Event: 347.335 Thread 0x00000240429b8de0 nmethod 3154 0x000002403664f490 code [0x000002403664f600, 0x000002403664f670]
Event: 347.495 Thread 0x0000024042a26ee0 3155       3       java.lang.Class::isLocalOrAnonymousClass (5 bytes)
Event: 347.496 Thread 0x0000024042a26ee0 nmethod 3155 0x000002402efee910 code [0x000002402efeeae0, 0x000002402efeecf0]
Event: 347.496 Thread 0x0000024042a26ee0 3156       3       java.lang.Class::hasEnclosingMethodInfo (17 bytes)
Event: 347.496 Thread 0x0000024042a26ee0 nmethod 3156 0x000002402efeee10 code [0x000002402efeefe0, 0x000002402efef1b0]
Event: 347.507 Thread 0x0000024042a26ee0 3157       3       java.util.stream.ReferencePipeline$2$1::begin (13 bytes)
Event: 347.507 Thread 0x0000024042a26ee0 nmethod 3157 0x000002402efef290 code [0x000002402efef440, 0x000002402efef620]
Event: 348.062 Thread 0x0000024042a26ee0 3158       3       java.lang.CharacterDataLatin1::getPropertiesEx (11 bytes)
Event: 348.062 Thread 0x0000024042a26ee0 nmethod 3158 0x000002402efef710 code [0x000002402efef8c0, 0x000002402efefa08]
Event: 348.140 Thread 0x00000240429b8de0 3159       4       java.lang.Character::toLowerCase (9 bytes)
Event: 348.144 Thread 0x00000240429b8de0 nmethod 3159 0x000002403664f790 code [0x000002403664f920, 0x000002403664fa20]
Event: 348.166 Thread 0x0000024042a26ee0 3160       3       java.util.LinkedList$ListItr::hasNext (20 bytes)
Event: 348.167 Thread 0x0000024042a26ee0 nmethod 3160 0x000002402efefb10 code [0x000002402efefcc0, 0x000002402efefe30]
Event: 349.902 Thread 0x0000024042a26ee0 3161       3       java.lang.invoke.LambdaForm$MH/0x00000240440cc400::invoke (42 bytes)
Event: 349.904 Thread 0x00000240429b8de0 3162       4       java.nio.HeapByteBuffer::getShort (29 bytes)

GC Heap History (14 events):
Event: 21.565 GC heap before
{Heap before GC invocations=0 (full 0):
 garbage-first heap   total 61440K, used 6144K [0x0000000080000000, 0x0000000100000000)
  region size 1024K, 6 young (6144K), 0 survivors (0K)
 Metaspace       used 765K, committed 896K, reserved 491520K
  class space    used 71K, committed 128K, reserved 425984K
}
Event: 22.922 GC heap after
{Heap after GC invocations=1 (full 0):
 garbage-first heap   total 61440K, used 1024K [0x0000000080000000, 0x0000000100000000)
  region size 1024K, 1 young (1024K), 1 survivors (1024K)
 Metaspace       used 765K, committed 896K, reserved 491520K
  class space    used 71K, committed 128K, reserved 425984K
}
Event: 28.188 GC heap before
{Heap before GC invocations=1 (full 0):
 garbage-first heap   total 61440K, used 6144K [0x0000000080000000, 0x0000000100000000)
  region size 1024K, 7 young (7168K), 1 survivors (1024K)
 Metaspace       used 821K, committed 960K, reserved 491520K
  class space    used 71K, committed 128K, reserved 425984K
}
Event: 28.194 GC heap after
{Heap after GC invocations=2 (full 0):
 garbage-first heap   total 61440K, used 1392K [0x0000000080000000, 0x0000000100000000)
  region size 1024K, 1 young (1024K), 1 survivors (1024K)
 Metaspace       used 821K, committed 960K, reserved 491520K
  class space    used 71K, committed 128K, reserved 425984K
}
Event: 57.947 GC heap before
{Heap before GC invocations=2 (full 0):
 garbage-first heap   total 61440K, used 14704K [0x0000000080000000, 0x0000000100000000)
  region size 1024K, 15 young (15360K), 1 survivors (1024K)
 Metaspace       used 1157K, committed 1280K, reserved 491520K
  class space    used 81K, committed 128K, reserved 425984K
}
Event: 57.979 GC heap after
{Heap after GC invocations=3 (full 0):
 garbage-first heap   total 61440K, used 5906K [0x0000000080000000, 0x0000000100000000)
  region size 1024K, 2 young (2048K), 2 survivors (2048K)
 Metaspace       used 1157K, committed 1280K, reserved 491520K
  class space    used 81K, committed 128K, reserved 425984K
}
Event: 161.567 GC heap before
{Heap before GC invocations=3 (full 0):
 garbage-first heap   total 61440K, used 43794K [0x0000000080000000, 0x0000000100000000)
  region size 1024K, 36 young (36864K), 2 survivors (2048K)
 Metaspace       used 4443K, committed 4672K, reserved 491520K
  class space    used 560K, committed 640K, reserved 425984K
}
Event: 161.686 GC heap after
{Heap after GC invocations=4 (full 0):
 garbage-first heap   total 61440K, used 11371K [0x0000000080000000, 0x0000000100000000)
  region size 1024K, 5 young (5120K), 5 survivors (5120K)
 Metaspace       used 4443K, committed 4672K, reserved 491520K
  class space    used 560K, committed 640K, reserved 425984K
}
Event: 176.067 GC heap before
{Heap before GC invocations=4 (full 0):
 garbage-first heap   total 61440K, used 45163K [0x0000000080000000, 0x0000000100000000)
  region size 1024K, 36 young (36864K), 5 survivors (5120K)
 Metaspace       used 4524K, committed 4736K, reserved 491520K
  class space    used 561K, committed 640K, reserved 425984K
}
Event: 176.096 GC heap after
{Heap after GC invocations=5 (full 0):
 garbage-first heap   total 61440K, used 16521K [0x0000000080000000, 0x0000000100000000)
  region size 1024K, 4 young (4096K), 4 survivors (4096K)
 Metaspace       used 4524K, committed 4736K, reserved 491520K
  class space    used 561K, committed 640K, reserved 425984K
}
Event: 245.901 GC heap before
{Heap before GC invocations=5 (full 0):
 garbage-first heap   total 61440K, used 49289K [0x0000000080000000, 0x0000000100000000)
  region size 1024K, 36 young (36864K), 4 survivors (4096K)
 Metaspace       used 10786K, committed 11136K, reserved 491520K
  class space    used 1458K, committed 1664K, reserved 425984K
}
Event: 246.086 GC heap after
{Heap after GC invocations=6 (full 0):
 garbage-first heap   total 61440K, used 20783K [0x0000000080000000, 0x0000000100000000)
  region size 1024K, 4 young (4096K), 4 survivors (4096K)
 Metaspace       used 10786K, committed 11136K, reserved 491520K
  class space    used 1458K, committed 1664K, reserved 425984K
}
Event: 321.722 GC heap before
{Heap before GC invocations=6 (full 0):
 garbage-first heap   total 61440K, used 48431K [0x0000000080000000, 0x0000000100000000)
  region size 1024K, 32 young (32768K), 4 survivors (4096K)
 Metaspace       used 15766K, committed 16192K, reserved 491520K
  class space    used 2177K, committed 2368K, reserved 425984K
}
Event: 321.853 GC heap after
{Heap after GC invocations=7 (full 0):
 garbage-first heap   total 61440K, used 22764K [0x0000000080000000, 0x0000000100000000)
  region size 1024K, 2 young (2048K), 2 survivors (2048K)
 Metaspace       used 15766K, committed 16192K, reserved 491520K
  class space    used 2177K, committed 2368K, reserved 425984K
}

Dll operation events (14 events):
Event: 0.293 Loaded shared library C:\Users\seete\.cursor\extensions\redhat.java-1.54.0-win32-x64\jre\21.0.10-win32-x86_64\bin\java.dll
Event: 8.090 Loaded shared library C:\Users\seete\.cursor\extensions\redhat.java-1.54.0-win32-x64\jre\21.0.10-win32-x86_64\bin\zip.dll
Event: 10.232 Loaded shared library C:\Users\seete\.cursor\extensions\redhat.java-1.54.0-win32-x64\jre\21.0.10-win32-x86_64\bin\instrument.dll
Event: 11.680 Loaded shared library C:\Users\seete\.cursor\extensions\redhat.java-1.54.0-win32-x64\jre\21.0.10-win32-x86_64\bin\net.dll
Event: 11.700 Loaded shared library C:\Users\seete\.cursor\extensions\redhat.java-1.54.0-win32-x64\jre\21.0.10-win32-x86_64\bin\nio.dll
Event: 11.713 Loaded shared library C:\Users\seete\.cursor\extensions\redhat.java-1.54.0-win32-x64\jre\21.0.10-win32-x86_64\bin\zip.dll
Event: 39.927 Loaded shared library C:\Users\seete\.cursor\extensions\redhat.java-1.54.0-win32-x64\jre\21.0.10-win32-x86_64\bin\jimage.dll
Event: 62.005 Loaded shared library C:\Users\seete\.cursor\extensions\redhat.java-1.54.0-win32-x64\jre\21.0.10-win32-x86_64\bin\verify.dll
Event: 67.723 Loaded shared library C:\Users\seete\.gradle\native\1def1411415f61bf3af743bc5b6707747c0891f09f0c88961ee8f79bc544acac\windows-amd64\native-platform.dll
Event: 67.953 Loaded shared library C:\Users\seete\.gradle\native\0.2.7\x86_64-windows-gnu\gradle-fileevents.dll
Event: 189.511 Loaded shared library C:\Users\seete\.cursor\extensions\redhat.java-1.54.0-win32-x64\jre\21.0.10-win32-x86_64\bin\management.dll
Event: 190.118 Loaded shared library C:\Users\seete\.cursor\extensions\redhat.java-1.54.0-win32-x64\jre\21.0.10-win32-x86_64\bin\management_ext.dll
Event: 220.465 Loaded shared library C:\Users\seete\.cursor\extensions\redhat.java-1.54.0-win32-x64\jre\21.0.10-win32-x86_64\bin\extnet.dll
Event: 241.828 Loaded shared library C:\Users\seete\.cursor\extensions\redhat.java-1.54.0-win32-x64\jre\21.0.10-win32-x86_64\bin\sunmscapi.dll

Deoptimization events (20 events):
Event: 321.231 Thread 0x00000240630d01c0 Uncommon trap: trap_request=0xffffff45 fr.pc=0x00000240364b530c relative=0x0000000000000c0c
Event: 321.231 Thread 0x00000240630d01c0 Uncommon trap: reason=unstable_if action=reinterpret pc=0x00000240364b530c method=java.io.WinNTFileSystem.resolve(Ljava/lang/String;Ljava/lang/String;)Ljava/lang/String; @ 19 c2
Event: 321.231 Thread 0x00000240630d01c0 DEOPT PACKING pc=0x00000240364b530c sp=0x000000fddd8fb620
Event: 321.231 Thread 0x00000240630d01c0 DEOPT UNPACKING pc=0x0000024035f5439c sp=0x000000fddd8fb5b8 mode 2
Event: 321.249 Thread 0x00000240630d01c0 Uncommon trap: trap_request=0xffffff45 fr.pc=0x00000240365362fc relative=0x000000000000059c
Event: 321.249 Thread 0x00000240630d01c0 Uncommon trap: reason=unstable_if action=reinterpret pc=0x00000240365362fc method=java.io.File.getName()Ljava/lang/String; @ 16 c2
Event: 321.249 Thread 0x00000240630d01c0 DEOPT PACKING pc=0x00000240365362fc sp=0x000000fddd8fb5e0
Event: 321.249 Thread 0x00000240630d01c0 DEOPT UNPACKING pc=0x0000024035f5439c sp=0x000000fddd8fb5b0 mode 2
Event: 324.212 Thread 0x00000240630d01c0 Uncommon trap: trap_request=0xffffff45 fr.pc=0x000002403659e894 relative=0x00000000000000f4
Event: 324.212 Thread 0x00000240630d01c0 Uncommon trap: reason=unstable_if action=reinterpret pc=0x000002403659e894 method=java.util.HashMap.hash(Ljava/lang/Object;)I @ 1 c2
Event: 324.212 Thread 0x00000240630d01c0 DEOPT PACKING pc=0x000002403659e894 sp=0x000000fddd8fc6e0
Event: 324.212 Thread 0x00000240630d01c0 DEOPT UNPACKING pc=0x0000024035f5439c sp=0x000000fddd8fc620 mode 2
Event: 325.328 Thread 0x00000240630d01c0 Uncommon trap: trap_request=0xffffff45 fr.pc=0x0000024036602ec0 relative=0x0000000000000500
Event: 325.328 Thread 0x00000240630d01c0 Uncommon trap: reason=unstable_if action=reinterpret pc=0x0000024036602ec0 method=java.util.ArrayList.grow(I)[Ljava/lang/Object; @ 17 c2
Event: 325.328 Thread 0x00000240630d01c0 DEOPT PACKING pc=0x0000024036602ec0 sp=0x000000fddd8fd650
Event: 325.328 Thread 0x00000240630d01c0 DEOPT UNPACKING pc=0x0000024035f5439c sp=0x000000fddd8fd608 mode 2
Event: 330.396 Thread 0x00000240630d2920 Uncommon trap: trap_request=0xffffff45 fr.pc=0x00000240366161c8 relative=0x00000000000001a8
Event: 330.396 Thread 0x00000240630d2920 Uncommon trap: reason=unstable_if action=reinterpret pc=0x00000240366161c8 method=java.util.concurrent.locks.ReentrantLock$NonfairSync.initialTryLock()Z @ 25 c2
Event: 330.396 Thread 0x00000240630d2920 DEOPT PACKING pc=0x00000240366161c8 sp=0x000000fddd9ff0e0
Event: 330.396 Thread 0x00000240630d2920 DEOPT UNPACKING pc=0x0000024035f5439c sp=0x000000fddd9fefc8 mode 2

Classes loaded (20 events):
Event: 330.893 Loading class java/io/ObjectStreamClass$4
Event: 330.893 Loading class java/io/ObjectStreamClass$4 done
Event: 330.893 Loading class java/io/ObjectStreamClass$5
Event: 330.893 Loading class java/io/ObjectStreamClass$5 done
Event: 330.901 Loading class java/io/ObjectStreamClass$ClassDataSlot
Event: 330.901 Loading class java/io/ObjectStreamClass$ClassDataSlot done
Event: 330.904 Loading class jdk/internal/reflect/MethodHandleLongFieldAccessorImpl
Event: 330.907 Loading class jdk/internal/reflect/MethodHandleLongFieldAccessorImpl done
Event: 331.274 Loading class java/io/UnsupportedEncodingException
Event: 331.278 Loading class java/io/UnsupportedEncodingException done
Event: 331.278 Loading class java/nio/charset/CharacterCodingException
Event: 331.279 Loading class java/nio/charset/CharacterCodingException done
Event: 331.280 Loading class java/util/stream/IntStream
Event: 331.285 Loading class java/util/stream/IntStream done
Event: 334.563 Loading class java/util/function/LongFunction
Event: 334.565 Loading class java/util/function/LongFunction done
Event: 344.539 Loading class java/security/InvalidKeyException
Event: 344.540 Loading class java/security/KeyException
Event: 344.542 Loading class java/security/KeyException done
Event: 344.542 Loading class java/security/InvalidKeyException done

Classes unloaded (0 events):
No events

Classes redefined (0 events):
No events

Internal exceptions (20 events):
Event: 324.612 Thread 0x00000240630d01c0 Exception <a 'java/lang/NoSuchMethodError'{0x0000000083875518}: 'int java.lang.invoke.DirectMethodHandle$Holder.invokeStatic(java.lang.Object, java.lang.Object, java.lang.Object, java.lang.Object)'> (0x0000000083875518) 
thrown [s\src\hotspot\share\interpreter\linkResolver.cpp, line 773]
Event: 327.127 Thread 0x00000240630d01c0 Exception <a 'java/lang/NoSuchMethodError'{0x00000000836e99b8}: 'java.lang.Object java.lang.invoke.DelegatingMethodHandle$Holder.reinvoke_L(java.lang.Object, java.lang.Object, java.lang.Object, java.lang.Object, java.lang.Object, java.lang.Object, java.lang.Object, java.lang.Object, java.lang.Object, java.lang.Object, java.lang.Object, java.lang.Object, java.lang.Object, java.lang.Object, java.lang.Object, java.lang.Object, java.lang.Object, java.lang.Object, java.lang.Object, java.lang.Object, java.lang.O
Event: 327.158 Thread 0x00000240630d01c0 Exception <a 'java/lang/NoSuchMethodError'{0x0000000083558cd0}: 'java.lang.Object java.lang.invoke.DirectMethodHandle$Holder.invokeStatic(java.lang.Object, java.lang.Object, java.lang.Object, java.lang.Object, java.lang.Object, java.lang.Object, java.lang.Object, java.lang.Object, java.lang.Object, java.lang.Object, java.lang.Object, java.lang.Object, java.lang.Object, java.lang.Object, java.lang.Object, java.lang.Object, java.lang.Object)'> (0x0000000083558cd0) 
thrown [s\src\hotspot\share\interpreter\lin
Event: 327.232 Thread 0x00000240630d01c0 Exception <a 'java/lang/NoSuchMethodError'{0x0000000083581630}: 'java.lang.Object java.lang.invoke.DirectMethodHandle$Holder.invokeStatic(java.lang.Object, java.lang.Object, java.lang.Object, java.lang.Object, java.lang.Object, java.lang.Object, java.lang.Object, java.lang.Object, java.lang.Object, java.lang.Object, java.lang.Object, java.lang.Object, java.lang.Object, java.lang.Object, java.lang.Object, java.lang.Object, java.lang.Object, java.lang.Object)'> (0x0000000083581630) 
thrown [s\src\hotspot\sha
Event: 327.242 Thread 0x00000240630d01c0 Exception <a 'java/lang/NoSuchMethodError'{0x00000000835abd60}: 'java.lang.Object java.lang.invoke.DirectMethodHandle$Holder.invokeStatic(java.lang.Object, java.lang.Object, java.lang.Object, java.lang.Object, java.lang.Object, java.lang.Object, java.lang.Object, java.lang.Object, java.lang.Object, java.lang.Object, java.lang.Object, java.lang.Object, java.lang.Object, java.lang.Object, java.lang.Object, java.lang.Object, java.lang.Object, java.lang.Object, java.lang.Object)'> (0x00000000835abd60) 
thrown 
Event: 327.259 Thread 0x00000240630d01c0 Exception <a 'java/lang/NoSuchMethodError'{0x00000000835d8100}: 'java.lang.Object java.lang.invoke.DirectMethodHandle$Holder.invokeStatic(java.lang.Object, java.lang.Object, java.lang.Object, java.lang.Object, java.lang.Object, java.lang.Object, java.lang.Object, java.lang.Object, java.lang.Object, java.lang.Object, java.lang.Object, java.lang.Object, java.lang.Object, java.lang.Object, java.lang.Object, java.lang.Object, java.lang.Object, java.lang.Object, java.lang.Object, java.lang.Object)'> (0x00000000
Event: 327.288 Thread 0x00000240630d01c0 Exception <a 'java/lang/NoSuchMethodError'{0x0000000083404748}: 'java.lang.Object java.lang.invoke.DirectMethodHandle$Holder.invokeStatic(java.lang.Object, java.lang.Object, java.lang.Object, java.lang.Object, java.lang.Object, java.lang.Object, java.lang.Object, java.lang.Object, java.lang.Object, java.lang.Object, java.lang.Object, java.lang.Object, java.lang.Object, java.lang.Object, java.lang.Object, java.lang.Object, java.lang.Object, java.lang.Object, java.lang.Object, java.lang.Object, java.lang.Obj
Event: 327.431 Thread 0x00000240630d01c0 Exception <a 'java/lang/NoSuchMethodError'{0x0000000083431d00}: 'java.lang.Object java.lang.invoke.DirectMethodHandle$Holder.invokeStatic(java.lang.Object, java.lang.Object, java.lang.Object, java.lang.Object, java.lang.Object, java.lang.Object, java.lang.Object, java.lang.Object, java.lang.Object, java.lang.Object, java.lang.Object, java.lang.Object, java.lang.Object, java.lang.Object, java.lang.Object, java.lang.Object, java.lang.Object, java.lang.Object, java.lang.Object, java.lang.Object, java.lang.Obj
Event: 327.720 Thread 0x00000240630d01c0 Exception <a 'java/lang/NoSuchMethodError'{0x0000000083472240}: 'java.lang.Object java.lang.invoke.DirectMethodHandle$Holder.invokeStatic(java.lang.Object, java.lang.Object, java.lang.Object, java.lang.Object, java.lang.Object, java.lang.Object, java.lang.Object, java.lang.Object, java.lang.Object, java.lang.Object, java.lang.Object, java.lang.Object, java.lang.Object, java.lang.Object, java.lang.Object, java.lang.Object, java.lang.Object, java.lang.Object, java.lang.Object, java.lang.Object, java.lang.Obj
Event: 327.732 Thread 0x00000240630d01c0 Exception <a 'java/lang/NoSuchMethodError'{0x00000000834a1628}: 'java.lang.Object java.lang.invoke.DirectMethodHandle$Holder.invokeStatic(java.lang.Object, java.lang.Object, java.lang.Object, java.lang.Object, java.lang.Object, java.lang.Object, java.lang.Object, java.lang.Object, java.lang.Object, java.lang.Object, java.lang.Object, java.lang.Object, java.lang.Object, java.lang.Object, java.lang.Object, java.lang.Object, java.lang.Object, java.lang.Object, java.lang.Object, java.lang.Object, java.lang.Obj
Event: 327.737 Thread 0x00000240630d01c0 Exception <a 'java/lang/NoSuchMethodError'{0x00000000834d1810}: 'java.lang.Object java.lang.invoke.DirectMethodHandle$Holder.invokeStatic(java.lang.Object, java.lang.Object, java.lang.Object, java.lang.Object, java.lang.Object, java.lang.Object, java.lang.Object, java.lang.Object, java.lang.Object, java.lang.Object, java.lang.Object, java.lang.Object, java.lang.Object, java.lang.Object, java.lang.Object, java.lang.Object, java.lang.Object, java.lang.Object, java.lang.Object, java.lang.Object, java.lang.Obj
Event: 327.743 Thread 0x00000240630d01c0 Exception <a 'java/lang/NoSuchMethodError'{0x0000000083302918}: 'java.lang.Object java.lang.invoke.DirectMethodHandle$Holder.invokeStatic(java.lang.Object, java.lang.Object, java.lang.Object, java.lang.Object, java.lang.Object, java.lang.Object, java.lang.Object, java.lang.Object, java.lang.Object, java.lang.Object, java.lang.Object, java.lang.Object, java.lang.Object, java.lang.Object, java.lang.Object, java.lang.Object, java.lang.Object, java.lang.Object, java.lang.Object, java.lang.Object, java.lang.Obj
Event: 327.752 Thread 0x00000240630d01c0 Exception <a 'java/lang/NoSuchMethodError'{0x0000000083334dd0}: 'java.lang.Object java.lang.invoke.DirectMethodHandle$Holder.invokeStatic(java.lang.Object, java.lang.Object, java.lang.Object, java.lang.Object, java.lang.Object, java.lang.Object, java.lang.Object, java.lang.Object, java.lang.Object, java.lang.Object, java.lang.Object, java.lang.Object, java.lang.Object, java.lang.Object, java.lang.Object, java.lang.Object, java.lang.Object, java.lang.Object, java.lang.Object, java.lang.Object, java.lang.Obj
Event: 328.224 Thread 0x00000240630d01c0 Exception <a 'java/lang/IncompatibleClassChangeError'{0x0000000083278c18}: Found class java.lang.Object, but interface was expected> (0x0000000083278c18) 
thrown [s\src\hotspot\share\interpreter\linkResolver.cpp, line 840]
Event: 330.893 Thread 0x00000240630d0850 Exception <a 'java/lang/NoSuchMethodError'{0x0000000082fc7890}: static Lorg/gradle/internal/build/event/types/DefaultOperationStartedProgressEvent;.<clinit>()V> (0x0000000082fc7890) 
thrown [s\src\hotspot\share\prims\jni.cpp, line 1111]
Event: 330.901 Thread 0x00000240630d0850 Exception <a 'java/lang/NoSuchMethodError'{0x0000000082fc98f0}: static Lorg/gradle/internal/build/event/types/AbstractProgressEvent;.<clinit>()V> (0x0000000082fc98f0) 
thrown [s\src\hotspot\share\prims\jni.cpp, line 1111]
Event: 330.903 Thread 0x00000240630d0850 Exception <a 'java/lang/NoSuchMethodError'{0x0000000082e4dcd8}: static Lorg/gradle/internal/build/event/types/DefaultOperationDescriptor;.<clinit>()V> (0x0000000082e4dcd8) 
thrown [s\src\hotspot\share\prims\jni.cpp, line 1111]
Event: 330.908 Thread 0x00000240630d0850 Exception <a 'java/lang/NoSuchMethodError'{0x0000000082e52b48}: 'long java.lang.invoke.DirectMethodHandle$Holder.invokeSpecial(java.lang.Object, java.lang.Object)'> (0x0000000082e52b48) 
thrown [s\src\hotspot\share\interpreter\linkResolver.cpp, line 773]
Event: 331.254 Thread 0x00000240630d0850 Exception <a 'java/lang/NoSuchMethodError'{0x0000000082e55d70}: 'long java.lang.invoke.Invokers$Holder.invokeExact_MT(java.lang.Object, java.lang.Object)'> (0x0000000082e55d70) 
thrown [s\src\hotspot\share\interpreter\linkResolver.cpp, line 773]
Event: 331.291 Thread 0x00000240630d0850 Exception <a 'java/lang/NoSuchMethodError'{0x0000000082e6f318}: static Lorg/gradle/internal/operations/OperationIdentifier;.<clinit>()V> (0x0000000082e6f318) 
thrown [s\src\hotspot\share\prims\jni.cpp, line 1111]

ZGC Phase Switch (0 events):
No events

VM Operations (20 events):
Event: 327.283 Executing safepoint VM operation: Cleanup
Event: 327.283 Executing safepoint VM operation: Cleanup done
Event: 327.842 Executing non-safepoint VM operation: HandshakeAllThreads (Deoptimize)
Event: 327.842 Executing non-safepoint VM operation: HandshakeAllThreads (Deoptimize) done
Event: 327.844 Executing non-safepoint VM operation: HandshakeAllThreads (Deoptimize)
Event: 327.844 Executing non-safepoint VM operation: HandshakeAllThreads (Deoptimize) done
Event: 328.855 Executing safepoint VM operation: Cleanup
Event: 328.981 Executing safepoint VM operation: Cleanup done
Event: 329.987 Executing safepoint VM operation: Cleanup
Event: 330.204 Executing safepoint VM operation: Cleanup done
Event: 331.212 Executing safepoint VM operation: Cleanup
Event: 331.244 Executing safepoint VM operation: Cleanup done
Event: 333.276 Executing safepoint VM operation: Cleanup
Event: 333.420 Executing safepoint VM operation: Cleanup done
Event: 341.800 Executing safepoint VM operation: Cleanup
Event: 341.832 Executing safepoint VM operation: Cleanup done
Event: 344.863 Executing safepoint VM operation: Cleanup
Event: 344.930 Executing safepoint VM operation: Cleanup done
Event: 348.972 Executing safepoint VM operation: Cleanup
Event: 349.033 Executing safepoint VM operation: Cleanup done

Memory protections (0 events):
No events

Nmethod flushes (0 events):
No events

Events (20 events):
Event: 2.557 Thread 0x000002402a1e0210 Thread added: 0x00000240429b6b90
Event: 2.558 Thread 0x000002402a1e0210 Thread added: 0x00000240429b75f0
Event: 2.559 Thread 0x000002402a1e0210 Thread added: 0x00000240429b8050
Event: 2.560 Thread 0x000002402a1e0210 Thread added: 0x00000240429b8de0
Event: 2.858 Thread 0x000002402a1e0210 Thread added: 0x0000024042a26ee0
Event: 10.241 Thread 0x000002402a1e0210 Thread added: 0x0000024042b9d3d0
Event: 14.021 Thread 0x000002402a1e0210 Thread added: 0x0000024042c46e50
Event: 192.502 Thread 0x000002402a1e0210 Thread added: 0x0000024042cacde0
Event: 232.447 Thread 0x000002402a1e0210 Thread added: 0x000002406217f950
Event: 237.648 Thread 0x000002402a1e0210 Thread added: 0x0000024063536630
Event: 242.559 Thread 0x000002406217f950 Thread added: 0x0000024062fda530
Event: 242.683 Thread 0x0000024062fda530 Thread added: 0x0000024062fe8d80
Event: 243.814 Thread 0x0000024062fda530 Thread added: 0x0000024063008860
Event: 244.837 Thread 0x0000024062fda530 Thread added: 0x00000240630d01c0
Event: 245.520 Thread 0x00000240630d01c0 Thread added: 0x00000240630d2920
Event: 245.540 Thread 0x00000240630d01c0 Thread added: 0x00000240630cfb30
Event: 245.550 Thread 0x00000240630d01c0 Thread added: 0x00000240630d0850
Event: 314.912 Thread 0x00000240630d01c0 Thread added: 0x00000240630d0ee0
Event: 317.030 Thread 0x00000240630d01c0 Thread added: 0x00000240630d1570
Event: 319.542 Thread 0x00000240630d01c0 Thread added: 0x00000240630cf4a0


Dynamic libraries:
0x00007ff65aa40000 - 0x00007ff65aa4e000 	C:\Users\seete\.cursor\extensions\redhat.java-1.54.0-win32-x64\jre\21.0.10-win32-x86_64\bin\java.exe
0x00007fff7a7a0000 - 0x00007fff7aa06000 	C:\WINDOWS\SYSTEM32\ntdll.dll
0x00007fff791a0000 - 0x00007fff79269000 	C:\WINDOWS\System32\KERNEL32.DLL
0x00007fff77e60000 - 0x00007fff7825a000 	C:\WINDOWS\System32\KERNELBASE.dll
0x00007fff783c0000 - 0x00007fff7850c000 	C:\WINDOWS\System32\ucrtbase.dll
0x00007fff570f0000 - 0x00007fff57108000 	C:\Users\seete\.cursor\extensions\redhat.java-1.54.0-win32-x64\jre\21.0.10-win32-x86_64\bin\jli.dll
0x00007fff78510000 - 0x00007fff786d7000 	C:\WINDOWS\System32\USER32.dll
0x00007fff78260000 - 0x00007fff78287000 	C:\WINDOWS\System32\win32u.dll
0x00007fff79270000 - 0x00007fff7929b000 	C:\WINDOWS\System32\GDI32.dll
0x00007fff78290000 - 0x00007fff783bb000 	C:\WINDOWS\System32\gdi32full.dll
0x00007fff77d00000 - 0x00007fff77da3000 	C:\WINDOWS\System32\msvcp_win.dll
0x00007fff570d0000 - 0x00007fff570ee000 	C:\Users\seete\.cursor\extensions\redhat.java-1.54.0-win32-x64\jre\21.0.10-win32-x86_64\bin\VCRUNTIME140.dll
0x00007fff5c510000 - 0x00007fff5c7a2000 	C:\WINDOWS\WinSxS\amd64_microsoft.windows.common-controls_6595b64144ccf1df_6.0.26100.8521_none_3e08b75ce33403b3\COMCTL32.dll
0x00007fff7a110000 - 0x00007fff7a1b9000 	C:\WINDOWS\System32\msvcrt.dll
0x00007fff79160000 - 0x00007fff79192000 	C:\WINDOWS\System32\IMM32.DLL
0x00007fff743e0000 - 0x00007fff743ec000 	C:\Users\seete\.cursor\extensions\redhat.java-1.54.0-win32-x64\jre\21.0.10-win32-x86_64\bin\vcruntime140_1.dll
0x00007fff57150000 - 0x00007fff571dd000 	C:\Users\seete\.cursor\extensions\redhat.java-1.54.0-win32-x64\jre\21.0.10-win32-x86_64\bin\msvcp140.dll
0x00007ffee8200000 - 0x00007ffee8fa1000 	C:\Users\seete\.cursor\extensions\redhat.java-1.54.0-win32-x64\jre\21.0.10-win32-x86_64\bin\server\jvm.dll
0x00007fff79860000 - 0x00007fff79916000 	C:\WINDOWS\System32\ADVAPI32.dll
0x00007fff79a20000 - 0x00007fff79aca000 	C:\WINDOWS\System32\sechost.dll
0x00007fff79dc0000 - 0x00007fff79ed8000 	C:\WINDOWS\System32\RPCRT4.dll
0x00007fff792a0000 - 0x00007fff79320000 	C:\WINDOWS\System32\WS2_32.dll
0x00007fff77890000 - 0x00007fff778ee000 	C:\WINDOWS\SYSTEM32\POWRPROF.dll
0x00007fff582f0000 - 0x00007fff58326000 	C:\WINDOWS\SYSTEM32\WINMM.dll
0x00007fff63070000 - 0x00007fff6307b000 	C:\WINDOWS\SYSTEM32\VERSION.dll
0x00007fff77870000 - 0x00007fff77884000 	C:\WINDOWS\SYSTEM32\UMPDC.dll
0x00007fff767c0000 - 0x00007fff767db000 	C:\WINDOWS\SYSTEM32\kernel.appcore.dll
0x00007fff57140000 - 0x00007fff5714a000 	C:\Users\seete\.cursor\extensions\redhat.java-1.54.0-win32-x64\jre\21.0.10-win32-x86_64\bin\jimage.dll
0x00007fff75250000 - 0x00007fff75492000 	C:\WINDOWS\SYSTEM32\DBGHELP.DLL
0x00007fff793f0000 - 0x00007fff79773000 	C:\WINDOWS\System32\combase.dll
0x00007fff79780000 - 0x00007fff79859000 	C:\WINDOWS\System32\OLEAUT32.dll
0x00007fff56d50000 - 0x00007fff56d8b000 	C:\WINDOWS\SYSTEM32\dbgcore.DLL
0x00007fff77db0000 - 0x00007fff77e58000 	C:\WINDOWS\System32\bcryptPrimitives.dll
0x00007fff570c0000 - 0x00007fff570cf000 	C:\Users\seete\.cursor\extensions\redhat.java-1.54.0-win32-x64\jre\21.0.10-win32-x86_64\bin\instrument.dll
0x00007fff5b5f0000 - 0x00007fff5b610000 	C:\Users\seete\.cursor\extensions\redhat.java-1.54.0-win32-x64\jre\21.0.10-win32-x86_64\bin\java.dll
0x00007fff788d0000 - 0x00007fff79054000 	C:\WINDOWS\System32\SHELL32.dll
0x00007fff75630000 - 0x00007fff75eb0000 	C:\WINDOWS\SYSTEM32\windows.storage.dll
0x00007fff79060000 - 0x00007fff79156000 	C:\WINDOWS\System32\SHCORE.dll
0x00007fff79d50000 - 0x00007fff79db7000 	C:\WINDOWS\System32\shlwapi.dll
0x00007fff77950000 - 0x00007fff77979000 	C:\WINDOWS\SYSTEM32\profapi.dll
0x00007fff572a0000 - 0x00007fff572b8000 	C:\Users\seete\.cursor\extensions\redhat.java-1.54.0-win32-x64\jre\21.0.10-win32-x86_64\bin\zip.dll
0x00007fff57290000 - 0x00007fff572a0000 	C:\Users\seete\.cursor\extensions\redhat.java-1.54.0-win32-x64\jre\21.0.10-win32-x86_64\bin\net.dll
0x00007fff63590000 - 0x00007fff636b9000 	C:\WINDOWS\SYSTEM32\WINHTTP.dll
0x00007fff76d30000 - 0x00007fff76d9c000 	C:\WINDOWS\system32\mswsock.dll
0x00007fff57270000 - 0x00007fff57286000 	C:\Users\seete\.cursor\extensions\redhat.java-1.54.0-win32-x64\jre\21.0.10-win32-x86_64\bin\nio.dll
0x00007fff57260000 - 0x00007fff57270000 	C:\Users\seete\.cursor\extensions\redhat.java-1.54.0-win32-x64\jre\21.0.10-win32-x86_64\bin\verify.dll
0x00007fff57090000 - 0x00007fff570b7000 	C:\Users\seete\.gradle\native\1def1411415f61bf3af743bc5b6707747c0891f09f0c88961ee8f79bc544acac\windows-amd64\native-platform.dll
0x00007fff577d0000 - 0x00007fff57848000 	C:\Users\seete\.gradle\native\0.2.7\x86_64-windows-gnu\gradle-fileevents.dll
0x00007fff4c4e0000 - 0x00007fff4c4ea000 	C:\Users\seete\.cursor\extensions\redhat.java-1.54.0-win32-x64\jre\21.0.10-win32-x86_64\bin\management.dll
0x00007fff4bc70000 - 0x00007fff4bc7c000 	C:\Users\seete\.cursor\extensions\redhat.java-1.54.0-win32-x64\jre\21.0.10-win32-x86_64\bin\management_ext.dll
0x00007fff7a240000 - 0x00007fff7a248000 	C:\WINDOWS\System32\PSAPI.DLL
0x00007fff76300000 - 0x00007fff76333000 	C:\WINDOWS\SYSTEM32\IPHLPAPI.DLL
0x00007fff79d20000 - 0x00007fff79d2a000 	C:\WINDOWS\System32\NSI.dll
0x00007fff55d10000 - 0x00007fff55d19000 	C:\Users\seete\.cursor\extensions\redhat.java-1.54.0-win32-x64\jre\21.0.10-win32-x86_64\bin\extnet.dll
0x00007fff77010000 - 0x00007fff7702b000 	C:\WINDOWS\SYSTEM32\CRYPTSP.dll
0x00007fff76720000 - 0x00007fff76759000 	C:\WINDOWS\system32\rsaenh.dll
0x00007fff76de0000 - 0x00007fff76e13000 	C:\WINDOWS\SYSTEM32\USERENV.dll
0x00007fff77920000 - 0x00007fff7794a000 	C:\WINDOWS\SYSTEM32\bcrypt.dll
0x00007fff77030000 - 0x00007fff7703c000 	C:\WINDOWS\SYSTEM32\CRYPTBASE.dll
0x00007fff46f10000 - 0x00007fff46f1e000 	C:\Users\seete\.cursor\extensions\redhat.java-1.54.0-win32-x64\jre\21.0.10-win32-x86_64\bin\sunmscapi.dll
0x00007fff77b80000 - 0x00007fff77cf8000 	C:\WINDOWS\System32\CRYPT32.dll
0x00007fff77230000 - 0x00007fff77260000 	C:\WINDOWS\SYSTEM32\ncrypt.dll
0x00007fff771e0000 - 0x00007fff7721f000 	C:\WINDOWS\SYSTEM32\NTASN1.dll
0x00007fff4aac0000 - 0x00007fff4aac8000 	C:\WINDOWS\system32\wshunix.dll

JVMTI agents:
C:\Users\seete\.gradle\wrapper\dists\gradle-8.13-bin\5xuhj0ry160q40clulazy9h7d\gradle-8.13\lib\agents\gradle-instrumentation-agent-8.13.jar path:C:\Users\seete\.cursor\extensions\redhat.java-1.54.0-win32-x64\jre\21.0.10-win32-x86_64\bin\instrument.dll, loaded, initialized, instrumentlib options:none

dbghelp: loaded successfully - version: 4.0.5 - missing functions: none
symbol engine: initialized successfully - sym options: 0x614 - pdb path: .;C:\Users\seete\.cursor\extensions\redhat.java-1.54.0-win32-x64\jre\21.0.10-win32-x86_64\bin;C:\WINDOWS\SYSTEM32;C:\WINDOWS\WinSxS\amd64_microsoft.windows.common-controls_6595b64144ccf1df_6.0.26100.8521_none_3e08b75ce33403b3;C:\Users\seete\.cursor\extensions\redhat.java-1.54.0-win32-x64\jre\21.0.10-win32-x86_64\bin\server;C:\Users\seete\.gradle\native\1def1411415f61bf3af743bc5b6707747c0891f09f0c88961ee8f79bc544acac\windows-amd64;C:\Users\seete\.gradle\native\0.2.7\x86_64-windows-gnu

VM Arguments:
jvm_args: --add-opens=java.base/java.lang=ALL-UNNAMED --add-opens=java.base/java.lang.invoke=ALL-UNNAMED --add-opens=java.base/java.util=ALL-UNNAMED --add-opens=java.prefs/java.util.prefs=ALL-UNNAMED --add-exports=jdk.compiler/com.sun.tools.javac.api=ALL-UNNAMED --add-exports=jdk.compiler/com.sun.tools.javac.util=ALL-UNNAMED --add-opens=java.base/java.util=ALL-UNNAMED --add-opens=java.prefs/java.util.prefs=ALL-UNNAMED --add-opens=java.base/java.nio.charset=ALL-UNNAMED --add-opens=java.base/java.net=ALL-UNNAMED --add-opens=java.base/java.util.concurrent.atomic=ALL-UNNAMED --add-opens=java.xml/javax.xml.namespace=ALL-UNNAMED -XX:MaxMetaspaceSize=512m -Xmx2048m -Dfile.encoding=UTF-8 -Duser.country=US -Duser.language=en -Duser.variant -javaagent:C:\Users\seete\.gradle\wrapper\dists\gradle-8.13-bin\5xuhj0ry160q40clulazy9h7d\gradle-8.13\lib\agents\gradle-instrumentation-agent-8.13.jar 
java_command: org.gradle.launcher.daemon.bootstrap.GradleDaemon 8.13
java_class_path (initial): C:\Users\seete\.gradle\wrapper\dists\gradle-8.13-bin\5xuhj0ry160q40clulazy9h7d\gradle-8.13\lib\gradle-daemon-main-8.13.jar
Launcher Type: SUN_STANDARD

[Global flags]
     intx CICompilerCount                          = 2                                         {product} {ergonomic}
   size_t CompressedClassSpaceSize                 = 436207616                                 {product} {ergonomic}
     uint ConcGCThreads                            = 1                                         {product} {ergonomic}
     uint G1ConcRefinementThreads                  = 2                                         {product} {ergonomic}
   size_t G1HeapRegionSize                         = 1048576                                   {product} {ergonomic}
    uintx GCDrainStackTargetSize                   = 64                                        {product} {ergonomic}
   size_t InitialHeapSize                          = 62914560                                  {product} {ergonomic}
   size_t MarkStackSize                            = 4194304                                   {product} {ergonomic}
   size_t MaxHeapSize                              = 2147483648                                {product} {command line}
   size_t MaxMetaspaceSize                         = 536870912                                 {product} {command line}
   size_t MaxNewSize                               = 1287651328                                {product} {ergonomic}
   size_t MinHeapDeltaBytes                        = 1048576                                   {product} {ergonomic}
   size_t MinHeapSize                              = 8388608                                   {product} {ergonomic}
    uintx NonNMethodCodeHeapSize                   = 5826188                                {pd product} {ergonomic}
    uintx NonProfiledCodeHeapSize                  = 122916026                              {pd product} {ergonomic}
    uintx ProfiledCodeHeapSize                     = 122916026                              {pd product} {ergonomic}
    uintx ReservedCodeCacheSize                    = 251658240                              {pd product} {ergonomic}
     bool SegmentedCodeCache                       = true                                      {product} {ergonomic}
   size_t SoftMaxHeapSize                          = 2147483648                             {manageable} {ergonomic}
     bool UseCompressedOops                        = true                           {product lp64_product} {ergonomic}
     bool UseG1GC                                  = true                                      {product} {ergonomic}
     bool UseLargePagesIndividualAllocation        = false                                  {pd product} {ergonomic}

Logging:
Log output configuration:
 #0: stdout all=warning uptime,level,tags foldmultilines=false
 #1: stderr all=off uptime,level,tags foldmultilines=false

Release file:
JAVA_VERSION="21.0.10" 
MODULES="java.base java.compiler java.datatransfer java.xml java.prefs java.desktop java.instrument java.logging java.management java.security.sasl java.naming java.rmi java.management.rmi java.net.http java.scripting java.security.jgss java.transaction.xa java.sql java.sql.rowset java.xml.crypto java.se java.smartcardio jdk.accessibility jdk.internal.jvmstat jdk.attach jdk.charsets jdk.internal.opt jdk.zipfs jdk.compiler jdk.crypto.ec jdk.crypto.cryptoki jdk.crypto.mscapi jdk.dynalink jdk.internal.ed jdk.editpad jdk.hotspot.agent jdk.httpserver jdk.internal.le jdk.internal.vm.ci jdk.internal.vm.compiler jdk.internal.vm.compiler.management jdk.jartool jdk.javadoc jdk.jcmd jdk.management jdk.management.agent jdk.jconsole jdk.jdeps jdk.jdwp.agent jdk.jdi jdk.jfr jdk.jshell jdk.jsobject jdk.jstatd jdk.localedata jdk.management.jfr jdk.naming.dns jdk.naming.rmi jdk.net jdk.nio.mapmode jdk.random jdk.sctp jdk.security.auth jdk.security.jgss jdk.unsupported jdk.unsupported.desktop jdk.xml.dom" 

Environment Variables:
JAVA_HOME=C:\Program Files\Java\jdk-24
PATH=C:\Program Files\PlasticSCM5\server;C:\Program Files\PlasticSCM5\client;C:\Program Files\Common Files\Oracle\Java\javapath;C:\windows\system32;C:\windows;C:\windows\System32\Wbem;C:\windows\System32\WindowsPowerShell\v1.0\;C:\windows\System32\OpenSSH\;C:\Program Files\dotnet\;C:\WINDOWS\system32;C:\WINDOWS;C:\WINDOWS\System32\Wbem;C:\WINDOWS\System32\WindowsPowerShell\v1.0\;C:\WINDOWS\System32\OpenSSH\;%JAVA_HOME%\bin;C:\Program Files\cursor\resources\app\bin;C:\Program Files\Git\cmd;C:\Program Files\nodejs\;C:\Program Files\node.js;C:\Users\seete\.local\bin;C:\Users\seete\AppData\Local\Programs\Python\Python38\Scripts\;C:\Users\seete\AppData\Local\Programs\Python\Python38\;C:\Users\seete\AppData\Local\Microsoft\WindowsApps;C:\Users\seete\.dotnet\tools;C:\Users\seete\AppData\Local\Programs\Microsoft VS Code\bin;C:\Users\seete\AppData\Local\GitHubDesktop\bin;C:\ProgramData\nn\GitHubDesktop\bin;C:\Users\seete\AppData\Local\Microsoft\WinGet\Packages\BurntSushi.ripgrep.MSVC_Microsoft.Winget.Source_8wekyb3d8bbwe\ripgrep-15.1.0-x86_64-pc-windows-msvc;C:\Users\seete\AppData\Local\Microsoft\WinGet\Packages\sharkdp.fd_Microsoft.Winget.Source_8wekyb3d8bbwe\fd-v10.3.0-x86_64-pc-windows-msvc;C:\Users\seete\AppData\Local\Programs\cursor\resources\app\bin;C:\Users\seete\AppData\Roaming\npm;C:\Program Files\nodejs
USERNAME=nn
OS=Windows_NT
PROCESSOR_IDENTIFIER=Intel64 Family 6 Model 156 Stepping 0, GenuineIntel
TMP=C:\Users\seete\AppData\Local\Temp
TEMP=C:\Users\seete\AppData\Local\Temp




Periodic native trim disabled

---------------  S Y S T E M  ---------------

OS:
 Windows 11 , 64 bit Build 26100 (10.0.26100.8521)
OS uptime: 0 days 14:45 hours

CPU: total 2 (initial active 2) (2 cores per cpu, 1 threads per core) family 6 model 156 stepping 0 microcode 0x24000024, cx8, cmov, fxsr, mmx, 3dnowpref, sse, sse2, sse3, ssse3, sse4.1, sse4.2, popcnt, tsc, tscinvbit, aes, erms, clmul, sha, clflush, clflushopt, clwb, rdtscp, rdpid
Processor Information for the first 2 processors :
  Max Mhz: 1101, Current Mhz: 1101, Mhz Limit: 1101

Memory: 4k page, system-wide physical 3800M (201M free)
TotalPageFile size 16088M (AvailPageFile size 0M)
current process WorkingSet (physical memory assigned to process): 64M, peak: 100M
current process commit charge ("private bytes"): 181M, peak: 203M

vm_info: OpenJDK 64-Bit Server VM (21.0.10+7-LTS) for windows-amd64 JRE (21.0.10+7-LTS), built on 2026-01-20T00:00:00Z by "admin" with MS VC++ 17.12 (VS2022)

END.
