#
# There is insufficient memory for the Java Runtime Environment to continue.
# Native memory allocation (malloc) failed to allocate 1885296 bytes. Error detail: Chunk::new
# Possible reasons:
#   The system is out of physical RAM or swap space
#   This process is running with CompressedOops enabled, and the Java Heap may be blocking the growth of the native heap
# Possible solutions:
#   Reduce memory load on the system
#   Increase physical memory or swap space
#   Check if swap backing store is full
#   Decrease Java heap size (-Xmx/-Xms)
#   Decrease number of Java threads
#   Decrease Java thread stack sizes (-Xss)
#   Set larger code cache with -XX:ReservedCodeCacheSize=
#   JVM is running with Unscaled Compressed Oops mode in which the Java heap is
#     placed in the first 4GB address space. The Java Heap base address is the
#     maximum limit for the native heap growth. Please use -XX:HeapBaseMinAddress
#     to set the Java Heap base and to place the Java Heap above 4GB virtual address.
# This output file may be truncated or incomplete.
#
#  Out of Memory Error (arena.cpp:168), pid=7644, tid=9728
#
# JRE version: OpenJDK Runtime Environment Temurin-21.0.10+7 (21.0.10+7) (build 21.0.10+7-LTS)
# Java VM: OpenJDK 64-Bit Server VM Temurin-21.0.10+7 (21.0.10+7-LTS, mixed mode, sharing, tiered, compressed oops, compressed class ptrs, g1 gc, windows-amd64)
# No core dump will be written. Minidumps are not enabled by default on client versions of Windows
#

---------------  S U M M A R Y ------------

Command Line: --add-opens=java.base/java.util=ALL-UNNAMED --add-opens=java.base/java.lang=ALL-UNNAMED --add-opens=java.base/java.lang.invoke=ALL-UNNAMED --add-opens=java.prefs/java.util.prefs=ALL-UNNAMED --add-exports=jdk.compiler/com.sun.tools.javac.api=ALL-UNNAMED --add-exports=jdk.compiler/com.sun.tools.javac.util=ALL-UNNAMED --add-opens=java.base/java.nio.charset=ALL-UNNAMED --add-opens=java.base/java.net=ALL-UNNAMED --add-opens=java.base/java.util.concurrent.atomic=ALL-UNNAMED -XX:MaxMetaspaceSize=384m -XX:+HeapDumpOnOutOfMemoryError -Xms256m -Xmx512m -Dfile.encoding=utf8 -Duser.country=US -Duser.language=en -Duser.variant -javaagent:C:\Users\seete\.gradle\wrapper\dists\gradle-8.9-bin\90cnw93cvbtalezasaz0blq0a\gradle-8.9\lib\agents\gradle-instrumentation-agent-8.9.jar org.gradle.launcher.daemon.bootstrap.GradleDaemon 8.9

Host: Intel(R) Celeron(R) N4500 @ 1.10GHz, 2 cores, 3G,  Windows 11 , 64 bit Build 26100 (10.0.26100.8521)
Time: Sun Jun 21 22:43:32 2026 Malay Peninsula Standard Time elapsed time: 1156.077388 seconds (0d 0h 19m 16s)

---------------  T H R E A D  ---------------

Current thread (0x000001a2e8d727b0):  JavaThread "C2 CompilerThread0" daemon [_thread_in_native, id=9728, stack(0x0000006435700000,0x0000006435800000) (1024K)]


Current CompileTask:
C2:1156084 15349   !   4       org.gradle.internal.classloader.TransformReplacer::getInstrumentedClass (34 bytes)

Stack: [0x0000006435700000,0x0000006435800000]
Native frames: (J=compiled Java code, j=interpreted, Vv=VM code, C=native code)
V  [jvm.dll+0x6d7a39]
V  [jvm.dll+0x8b4b26]
V  [jvm.dll+0x8b70de]
V  [jvm.dll+0x8b77c3]
V  [jvm.dll+0x284346]
V  [jvm.dll+0xc66ed]
V  [jvm.dll+0xc6c31]
V  [jvm.dll+0x3bec01]
V  [jvm.dll+0x38b162]
V  [jvm.dll+0x38a5aa]
V  [jvm.dll+0x24c560]
V  [jvm.dll+0x24bb40]
V  [jvm.dll+0x1cb34e]
V  [jvm.dll+0x25b85d]
V  [jvm.dll+0x259dea]
V  [jvm.dll+0x3f857e]
V  [jvm.dll+0x85f59d]
V  [jvm.dll+0x6d626d]
C  [ucrtbase.dll+0x2cd30]
C  [KERNEL32.DLL+0x2e957]
C  [ntdll.dll+0x87c1c]


---------------  P R O C E S S  ---------------

Threads class SMR info:
_java_thread_list=0x000001a2fe0771d0, length=40, elements={
0x000001a2d4081910, 0x000001a2e8d68be0, 0x000001a2e8d6c370, 0x000001a2e8d6fb00,
0x000001a2e8d70560, 0x000001a2e8d70fc0, 0x000001a2e8d71a20, 0x000001a2e8d727b0,
0x000001a2fe0545a0, 0x000001a2fe1dac50, 0x000001a2fe261490, 0x000001a2fe48b0f0,
0x000001a2feda62b0, 0x000001a2fee26b50, 0x000001a2ff9867d0, 0x000001a2ff986e60,
0x000001a2ff985420, 0x000001a28472c320, 0x000001a28472bc90, 0x000001a284729530,
0x000001a28472a250, 0x000001a28472d6d0, 0x000001a2847304c0, 0x000001a28472b600,
0x000001a28472d040, 0x000001a287a3d020, 0x000001a2ff9874f0, 0x000001a287a41850,
0x000001a287a41ee0, 0x000001a287a42570, 0x000001a287a3f0f0, 0x000001a287a42c00,
0x000001a287a3f780, 0x000001a287a3fe10, 0x000001a287a43fb0, 0x000001a287a43290,
0x000001a287a44640, 0x000001a284729bc0, 0x000001a28472a8e0, 0x000001a28472f110
}

Java Threads: ( => current thread )
  0x000001a2d4081910 JavaThread "main"                              [_thread_blocked, id=12816, stack(0x0000006434900000,0x0000006434a00000) (1024K)]
  0x000001a2e8d68be0 JavaThread "Reference Handler"          daemon [_thread_blocked, id=14756, stack(0x0000006435100000,0x0000006435200000) (1024K)]
  0x000001a2e8d6c370 JavaThread "Finalizer"                  daemon [_thread_blocked, id=8656, stack(0x0000006435200000,0x0000006435300000) (1024K)]
  0x000001a2e8d6fb00 JavaThread "Signal Dispatcher"          daemon [_thread_blocked, id=5184, stack(0x0000006435300000,0x0000006435400000) (1024K)]
  0x000001a2e8d70560 JavaThread "Attach Listener"            daemon [_thread_blocked, id=18840, stack(0x0000006435400000,0x0000006435500000) (1024K)]
  0x000001a2e8d70fc0 JavaThread "Service Thread"             daemon [_thread_blocked, id=17324, stack(0x0000006435500000,0x0000006435600000) (1024K)]
  0x000001a2e8d71a20 JavaThread "Monitor Deflation Thread"   daemon [_thread_blocked, id=13604, stack(0x0000006435600000,0x0000006435700000) (1024K)]
=>0x000001a2e8d727b0 JavaThread "C2 CompilerThread0"         daemon [_thread_in_native, id=9728, stack(0x0000006435700000,0x0000006435800000) (1024K)]
  0x000001a2fe0545a0 JavaThread "C1 CompilerThread0"         daemon [_thread_blocked, id=2360, stack(0x0000006435800000,0x0000006435900000) (1024K)]
  0x000001a2fe1dac50 JavaThread "Common-Cleaner"             daemon [_thread_blocked, id=13176, stack(0x0000006435900000,0x0000006435a00000) (1024K)]
  0x000001a2fe261490 JavaThread "Notification Thread"        daemon [_thread_blocked, id=14440, stack(0x0000006435a00000,0x0000006435b00000) (1024K)]
  0x000001a2fe48b0f0 JavaThread "Daemon health stats"               [_thread_blocked, id=15528, stack(0x0000006435c00000,0x0000006435d00000) (1024K)]
  0x000001a2feda62b0 JavaThread "Incoming local TCP Connector on port 49876"        [_thread_in_native, id=2584, stack(0x0000006435d00000,0x0000006435e00000) (1024K)]
  0x000001a2fee26b50 JavaThread "Daemon periodic checks"            [_thread_blocked, id=13272, stack(0x0000006435e00000,0x0000006435f00000) (1024K)]
  0x000001a2ff9867d0 JavaThread "Cache worker for journal cache (C:\Users\seete\.gradle\caches\journal-1)"        [_thread_blocked, id=15644, stack(0x0000006436600000,0x0000006436700000) (1024K)]
  0x000001a2ff986e60 JavaThread "File lock request listener"        [_thread_in_native, id=1444, stack(0x0000006436700000,0x0000006436800000) (1024K)]
  0x000001a2ff985420 JavaThread "Cache worker for file hash cache (C:\Users\seete\.gradle\caches\8.9\fileHashes)"        [_thread_blocked, id=13492, stack(0x0000006436800000,0x0000006436900000) (1024K)]
  0x000001a28472c320 JavaThread "File watcher server"        daemon [_thread_in_native, id=16868, stack(0x0000006436b00000,0x0000006436c00000) (1024K)]
  0x000001a28472bc90 JavaThread "File watcher consumer"      daemon [_thread_blocked, id=4044, stack(0x0000006436c00000,0x0000006436d00000) (1024K)]
  0x000001a284729530 JavaThread "Cache worker for file content cache (C:\Users\seete\.gradle\caches\8.9\fileContent)"        [_thread_blocked, id=16748, stack(0x0000006436e00000,0x0000006436f00000) (1024K)]
  0x000001a28472a250 JavaThread "jar transforms"                    [_thread_blocked, id=7540, stack(0x0000006437200000,0x0000006437300000) (1024K)]
  0x000001a28472d6d0 JavaThread "jar transforms Thread 2"           [_thread_blocked, id=6656, stack(0x0000006437300000,0x0000006437400000) (1024K)]
  0x000001a2847304c0 JavaThread "Memory manager"                    [_thread_blocked, id=17484, stack(0x0000006437500000,0x0000006437600000) (1024K)]
  0x000001a28472b600 JavaThread "Daemon Thread 3"                   [_thread_blocked, id=13288, stack(0x0000006434700000,0x0000006434800000) (1024K)]
  0x000001a28472d040 JavaThread "Daemon worker Thread 3"            [_thread_in_vm, id=16232, stack(0x0000006436000000,0x0000006436100000) (1024K)]
  0x000001a287a3d020 JavaThread "VFS cleanup Thread 5"              [_thread_blocked, id=1160, stack(0x0000006436100000,0x0000006436200000) (1024K)]
  0x000001a2ff9874f0 JavaThread "included builds"                   [_thread_blocked, id=16828, stack(0x0000006437800000,0x0000006437900000) (1024K)]
  0x000001a287a41850 JavaThread "Handler for socket connection from /127.0.0.1:49876 to /127.0.0.1:61431"        [_thread_in_native, id=9880, stack(0x0000006434800000,0x0000006434900000) (1024K)]
  0x000001a287a41ee0 JavaThread "Cancel handler"                    [_thread_blocked, id=10284, stack(0x0000006435f00000,0x0000006436000000) (1024K)]
  0x000001a287a42570 JavaThread "Asynchronous log dispatcher for DefaultDaemonConnection: socket connection from /127.0.0.1:49876 to /127.0.0.1:61431"        [_thread_blocked, id=12544, stack(0x0000006436200000,0x0000006436300000) (1024K)]
  0x000001a287a3f0f0 JavaThread "Stdin handler"                     [_thread_blocked, id=18492, stack(0x0000006436300000,0x0000006436400000) (1024K)]
  0x000001a287a42c00 JavaThread "Daemon client event forwarder"        [_thread_blocked, id=8280, stack(0x0000006436400000,0x0000006436500000) (1024K)]
  0x000001a287a3f780 JavaThread "Cache worker for file hash cache (C:\___myworkspace2\price watch\mobile\node_modules\expo-modules-autolinking\android\expo-gradle-plugin\.gradle\8.9\fileHashes)"        [_thread_blocked, id=14396, stack(0x0000006436500000,0x0000006436600000) (1024K)]
  0x000001a287a3fe10 JavaThread "Cache worker for Build Output Cleanup Cache (C:\___myworkspace2\price watch\mobile\node_modules\expo-modules-autolinking\android\expo-gradle-plugin\.gradle\buildOutputCleanup)"        [_thread_blocked, id=7560, stack(0x0000006436900000,0x0000006436a00000) (1024K)]
  0x000001a287a43fb0 JavaThread "Cache worker for checksums cache (C:\___myworkspace2\price watch\mobile\node_modules\expo-modules-autolinking\android\expo-gradle-plugin\.gradle\8.9\checksums)"        [_thread_blocked, id=15284, stack(0x0000006436a00000,0x0000006436b00000) (1024K)]
  0x000001a287a43290 JavaThread "Cache worker for cache directory md-rule (C:\Users\seete\.gradle\caches\8.9\md-rule)"        [_thread_blocked, id=3980, stack(0x0000006436d00000,0x0000006436e00000) (1024K)]
  0x000001a287a44640 JavaThread "Cache worker for cache directory md-supplier (C:\Users\seete\.gradle\caches\8.9\md-supplier)"        [_thread_blocked, id=17836, stack(0x0000006436f00000,0x0000006437000000) (1024K)]
  0x000001a284729bc0 JavaThread "Unconstrained build operations"        [_thread_blocked, id=13972, stack(0x0000006437000000,0x0000006437100000) (1024K)]
  0x000001a28472a8e0 JavaThread "Unconstrained build operations Thread 2"        [_thread_blocked, id=14892, stack(0x0000006437100000,0x0000006437200000) (1024K)]
  0x000001a28472f110 JavaThread "build event listener"              [_thread_blocked, id=16552, stack(0x0000006437400000,0x0000006437500000) (1024K)]
Total: 40

Other Threads:
  0x000001a2e8d49960 VMThread "VM Thread"                           [id=9424, stack(0x0000006435000000,0x0000006435100000) (1024K)]
  0x000001a2e8d351b0 WatcherThread "VM Periodic Task Thread"        [id=16728, stack(0x0000006434f00000,0x0000006435000000) (1024K)]
  0x000001a2d40aa5d0 WorkerThread "GC Thread#0"                     [id=19200, stack(0x0000006434a00000,0x0000006434b00000) (1024K)]
  0x000001a2fe269a40 WorkerThread "GC Thread#1"                     [id=13520, stack(0x0000006435b00000,0x0000006435c00000) (1024K)]
  0x000001a2d40afce0 ConcurrentGCThread "G1 Main Marker"            [id=14516, stack(0x0000006434b00000,0x0000006434c00000) (1024K)]
  0x000001a2d40b1580 WorkerThread "G1 Conc#0"                       [id=4604, stack(0x0000006434c00000,0x0000006434d00000) (1024K)]
  0x000001a2d413e8b0 ConcurrentGCThread "G1 Refine#0"               [id=8956, stack(0x0000006434d00000,0x0000006434e00000) (1024K)]
  0x000001a2e8c0a7e0 ConcurrentGCThread "G1 Service"                [id=2380, stack(0x0000006434e00000,0x0000006434f00000) (1024K)]
Total: 8

Threads with active compile tasks:
C2 CompilerThread0  1156230 15349   !   4       org.gradle.internal.classloader.TransformReplacer::getInstrumentedClass (34 bytes)
Total: 1

VM state: not at safepoint (normal execution)

VM Mutex/Monitor currently owned by a thread: None

Heap address: 0x00000000e0000000, size: 512 MB, Compressed Oops mode: 32-bit

CDS archive(s) mapped at: [0x000001a2e9000000-0x000001a2e9ba0000-0x000001a2e9ba0000), size 12189696, SharedBaseAddress: 0x000001a2e9000000, ArchiveRelocationMode: 1.
Compressed class space mapped at: 0x000001a2ea000000-0x000001a2fe000000, reserved size: 335544320
Narrow klass base: 0x000001a2e9000000, Narrow klass shift: 0, Narrow klass range: 0x100000000

GC Precious Log:
 CardTable entry size: 512
 Card Set container configuration: InlinePtr #cards 5 size 8 Array Of Cards #cards 12 size 40 Howl #buckets 4 coarsen threshold 1843 Howl Bitmap #cards 512 size 80 coarsen threshold 460 Card regions per heap region 1 cards per card region 2048
 CPUs: 2 total, 2 available
 Memory: 3800M
 Large Page Support: Disabled
 NUMA Support: Disabled
 Compressed Oops: Enabled (32-bit)
 Heap Region Size: 1M
 Heap Min Capacity: 256M
 Heap Initial Capacity: 256M
 Heap Max Capacity: 512M
 Pre-touch: Disabled
 Parallel Workers: 2
 Concurrent Workers: 1
 Concurrent Refinement Workers: 2
 Periodic GC: Disabled

Heap:
 garbage-first heap   total 262144K, used 200884K [0x00000000e0000000, 0x0000000100000000)
  region size 1024K, 90 young (92160K), 4 survivors (4096K)
 Metaspace       used 100143K, committed 101632K, reserved 458752K
  class space    used 13631K, committed 14336K, reserved 327680K

Heap Regions: E=young(eden), S=young(survivor), O=old, HS=humongous(starts), HC=humongous(continues), CS=collection set, F=free, TAMS=top-at-mark-start, PB=parsable bottom
|   0|0x00000000e0000000, 0x00000000e0100000, 0x00000000e0100000|100%|HS|  |TAMS 0x00000000e0000000| PB 0x00000000e0000000| Complete 
|   1|0x00000000e0100000, 0x00000000e0200000, 0x00000000e0200000|100%|HC|  |TAMS 0x00000000e0100000| PB 0x00000000e0100000| Complete 
|   2|0x00000000e0200000, 0x00000000e0300000, 0x00000000e0300000|100%|HC|  |TAMS 0x00000000e0200000| PB 0x00000000e0200000| Complete 
|   3|0x00000000e0300000, 0x00000000e0400000, 0x00000000e0400000|100%|HC|  |TAMS 0x00000000e0300000| PB 0x00000000e0300000| Complete 
|   4|0x00000000e0400000, 0x00000000e0500000, 0x00000000e0500000|100%| O|  |TAMS 0x00000000e0400000| PB 0x00000000e0400000| Untracked 
|   5|0x00000000e0500000, 0x00000000e0600000, 0x00000000e0600000|100%| O|  |TAMS 0x00000000e0500000| PB 0x00000000e0500000| Untracked 
|   6|0x00000000e0600000, 0x00000000e0700000, 0x00000000e0700000|100%| O|  |TAMS 0x00000000e0600000| PB 0x00000000e0600000| Untracked 
|   7|0x00000000e0700000, 0x00000000e0800000, 0x00000000e0800000|100%| O|  |TAMS 0x00000000e0700000| PB 0x00000000e0700000| Untracked 
|   8|0x00000000e0800000, 0x00000000e0900000, 0x00000000e0900000|100%| O|  |TAMS 0x00000000e0800000| PB 0x00000000e0800000| Untracked 
|   9|0x00000000e0900000, 0x00000000e0a00000, 0x00000000e0a00000|100%|HS|  |TAMS 0x00000000e0900000| PB 0x00000000e0900000| Complete 
|  10|0x00000000e0a00000, 0x00000000e0b00000, 0x00000000e0b00000|100%| O|  |TAMS 0x00000000e0a00000| PB 0x00000000e0a00000| Untracked 
|  11|0x00000000e0b00000, 0x00000000e0c00000, 0x00000000e0c00000|100%| O|  |TAMS 0x00000000e0b00000| PB 0x00000000e0b00000| Untracked 
|  12|0x00000000e0c00000, 0x00000000e0d00000, 0x00000000e0d00000|100%| O|  |TAMS 0x00000000e0c00000| PB 0x00000000e0c00000| Untracked 
|  13|0x00000000e0d00000, 0x00000000e0e00000, 0x00000000e0e00000|100%|HS|  |TAMS 0x00000000e0d00000| PB 0x00000000e0d00000| Complete 
|  14|0x00000000e0e00000, 0x00000000e0f00000, 0x00000000e0f00000|100%| O|  |TAMS 0x00000000e0e00000| PB 0x00000000e0e00000| Untracked 
|  15|0x00000000e0f00000, 0x00000000e1000000, 0x00000000e1000000|100%| O|  |TAMS 0x00000000e0f00000| PB 0x00000000e0f00000| Untracked 
|  16|0x00000000e1000000, 0x00000000e1100000, 0x00000000e1100000|100%| O|  |TAMS 0x00000000e1000000| PB 0x00000000e1000000| Untracked 
|  17|0x00000000e1100000, 0x00000000e1200000, 0x00000000e1200000|100%| O|  |TAMS 0x00000000e1100000| PB 0x00000000e1100000| Untracked 
|  18|0x00000000e1200000, 0x00000000e1300000, 0x00000000e1300000|100%| O|  |TAMS 0x00000000e1200000| PB 0x00000000e1200000| Untracked 
|  19|0x00000000e1300000, 0x00000000e1400000, 0x00000000e1400000|100%| O|  |TAMS 0x00000000e1300000| PB 0x00000000e1300000| Untracked 
|  20|0x00000000e1400000, 0x00000000e1500000, 0x00000000e1500000|100%| O|  |TAMS 0x00000000e1400000| PB 0x00000000e1400000| Untracked 
|  21|0x00000000e1500000, 0x00000000e1600000, 0x00000000e1600000|100%| O|  |TAMS 0x00000000e1500000| PB 0x00000000e1500000| Untracked 
|  22|0x00000000e1600000, 0x00000000e1700000, 0x00000000e1700000|100%| O|  |TAMS 0x00000000e1600000| PB 0x00000000e1600000| Untracked 
|  23|0x00000000e1700000, 0x00000000e1800000, 0x00000000e1800000|100%| O|  |TAMS 0x00000000e1700000| PB 0x00000000e1700000| Untracked 
|  24|0x00000000e1800000, 0x00000000e1900000, 0x00000000e1900000|100%| O|  |TAMS 0x00000000e1800000| PB 0x00000000e1800000| Untracked 
|  25|0x00000000e1900000, 0x00000000e1a00000, 0x00000000e1a00000|100%| O|  |TAMS 0x00000000e1900000| PB 0x00000000e1900000| Untracked 
|  26|0x00000000e1a00000, 0x00000000e1b00000, 0x00000000e1b00000|100%|HS|  |TAMS 0x00000000e1a00000| PB 0x00000000e1a00000| Complete 
|  27|0x00000000e1b00000, 0x00000000e1c00000, 0x00000000e1c00000|100%|HC|  |TAMS 0x00000000e1b00000| PB 0x00000000e1b00000| Complete 
|  28|0x00000000e1c00000, 0x00000000e1d00000, 0x00000000e1d00000|100%| O|  |TAMS 0x00000000e1c00000| PB 0x00000000e1c00000| Untracked 
|  29|0x00000000e1d00000, 0x00000000e1e00000, 0x00000000e1e00000|100%| O|  |TAMS 0x00000000e1d00000| PB 0x00000000e1d00000| Untracked 
|  30|0x00000000e1e00000, 0x00000000e1f00000, 0x00000000e1f00000|100%| O|  |TAMS 0x00000000e1e00000| PB 0x00000000e1e00000| Untracked 
|  31|0x00000000e1f00000, 0x00000000e2000000, 0x00000000e2000000|100%| O|  |TAMS 0x00000000e1f00000| PB 0x00000000e1f00000| Untracked 
|  32|0x00000000e2000000, 0x00000000e2100000, 0x00000000e2100000|100%| O|  |TAMS 0x00000000e2000000| PB 0x00000000e2000000| Untracked 
|  33|0x00000000e2100000, 0x00000000e2200000, 0x00000000e2200000|100%| O|  |TAMS 0x00000000e2100000| PB 0x00000000e2100000| Untracked 
|  34|0x00000000e2200000, 0x00000000e2300000, 0x00000000e2300000|100%| O|  |TAMS 0x00000000e2200000| PB 0x00000000e2200000| Untracked 
|  35|0x00000000e2300000, 0x00000000e2400000, 0x00000000e2400000|100%| O|  |TAMS 0x00000000e2300000| PB 0x00000000e2300000| Untracked 
|  36|0x00000000e2400000, 0x00000000e2500000, 0x00000000e2500000|100%| O|  |TAMS 0x00000000e2400000| PB 0x00000000e2400000| Untracked 
|  37|0x00000000e2500000, 0x00000000e2600000, 0x00000000e2600000|100%| O|  |TAMS 0x00000000e2500000| PB 0x00000000e2500000| Untracked 
|  38|0x00000000e2600000, 0x00000000e2700000, 0x00000000e2700000|100%| O|  |TAMS 0x00000000e2600000| PB 0x00000000e2600000| Untracked 
|  39|0x00000000e2700000, 0x00000000e2800000, 0x00000000e2800000|100%| O|  |TAMS 0x00000000e2700000| PB 0x00000000e2700000| Untracked 
|  40|0x00000000e2800000, 0x00000000e2900000, 0x00000000e2900000|100%| O|  |TAMS 0x00000000e2800000| PB 0x00000000e2800000| Untracked 
|  41|0x00000000e2900000, 0x00000000e2a00000, 0x00000000e2a00000|100%| O|  |TAMS 0x00000000e2900000| PB 0x00000000e2900000| Untracked 
|  42|0x00000000e2a00000, 0x00000000e2b00000, 0x00000000e2b00000|100%| O|  |TAMS 0x00000000e2a00000| PB 0x00000000e2a00000| Untracked 
|  43|0x00000000e2b00000, 0x00000000e2c00000, 0x00000000e2c00000|100%| O|  |TAMS 0x00000000e2b00000| PB 0x00000000e2b00000| Untracked 
|  44|0x00000000e2c00000, 0x00000000e2d00000, 0x00000000e2d00000|100%| O|  |TAMS 0x00000000e2c00000| PB 0x00000000e2c00000| Untracked 
|  45|0x00000000e2d00000, 0x00000000e2e00000, 0x00000000e2e00000|100%| O|  |TAMS 0x00000000e2d00000| PB 0x00000000e2d00000| Untracked 
|  46|0x00000000e2e00000, 0x00000000e2f00000, 0x00000000e2f00000|100%| O|  |TAMS 0x00000000e2e00000| PB 0x00000000e2e00000| Untracked 
|  47|0x00000000e2f00000, 0x00000000e3000000, 0x00000000e3000000|100%| O|  |TAMS 0x00000000e2f00000| PB 0x00000000e2f00000| Untracked 
|  48|0x00000000e3000000, 0x00000000e3100000, 0x00000000e3100000|100%| O|  |TAMS 0x00000000e3000000| PB 0x00000000e3000000| Untracked 
|  49|0x00000000e3100000, 0x00000000e3200000, 0x00000000e3200000|100%| O|  |TAMS 0x00000000e3100000| PB 0x00000000e3100000| Untracked 
|  50|0x00000000e3200000, 0x00000000e3300000, 0x00000000e3300000|100%| O|  |TAMS 0x00000000e3200000| PB 0x00000000e3200000| Untracked 
|  51|0x00000000e3300000, 0x00000000e3400000, 0x00000000e3400000|100%| O|  |TAMS 0x00000000e3300000| PB 0x00000000e3300000| Untracked 
|  52|0x00000000e3400000, 0x00000000e3500000, 0x00000000e3500000|100%| O|  |TAMS 0x00000000e3400000| PB 0x00000000e3400000| Untracked 
|  53|0x00000000e3500000, 0x00000000e3600000, 0x00000000e3600000|100%| O|  |TAMS 0x00000000e3500000| PB 0x00000000e3500000| Untracked 
|  54|0x00000000e3600000, 0x00000000e3700000, 0x00000000e3700000|100%| O|Cm|TAMS 0x00000000e3600000| PB 0x00000000e3600000| Complete 
|  55|0x00000000e3700000, 0x00000000e3800000, 0x00000000e3800000|100%| O|  |TAMS 0x00000000e3700000| PB 0x00000000e3700000| Untracked 
|  56|0x00000000e3800000, 0x00000000e3900000, 0x00000000e3900000|100%| O|  |TAMS 0x00000000e3800000| PB 0x00000000e3800000| Untracked 
|  57|0x00000000e3900000, 0x00000000e397a678, 0x00000000e3a00000| 47%| O|  |TAMS 0x00000000e3900000| PB 0x00000000e3900000| Untracked 
|  58|0x00000000e3a00000, 0x00000000e3b00000, 0x00000000e3b00000|100%| O|  |TAMS 0x00000000e3a00000| PB 0x00000000e3a00000| Untracked 
|  59|0x00000000e3b00000, 0x00000000e3c00000, 0x00000000e3c00000|100%| O|  |TAMS 0x00000000e3b00000| PB 0x00000000e3b00000| Untracked 
|  60|0x00000000e3c00000, 0x00000000e3d00000, 0x00000000e3d00000|100%| O|  |TAMS 0x00000000e3c00000| PB 0x00000000e3c00000| Untracked 
|  61|0x00000000e3d00000, 0x00000000e3e00000, 0x00000000e3e00000|100%| O|  |TAMS 0x00000000e3d00000| PB 0x00000000e3d00000| Untracked 
|  62|0x00000000e3e00000, 0x00000000e3f00000, 0x00000000e3f00000|100%| O|Cm|TAMS 0x00000000e3e00000| PB 0x00000000e3e00000| Complete 
|  63|0x00000000e3f00000, 0x00000000e4000000, 0x00000000e4000000|100%| O|  |TAMS 0x00000000e3f00000| PB 0x00000000e3f00000| Untracked 
|  64|0x00000000e4000000, 0x00000000e4100000, 0x00000000e4100000|100%| O|  |TAMS 0x00000000e4000000| PB 0x00000000e4000000| Untracked 
|  65|0x00000000e4100000, 0x00000000e4200000, 0x00000000e4200000|100%| O|  |TAMS 0x00000000e4100000| PB 0x00000000e4100000| Untracked 
|  66|0x00000000e4200000, 0x00000000e4300000, 0x00000000e4300000|100%| O|  |TAMS 0x00000000e4200000| PB 0x00000000e4200000| Untracked 
|  67|0x00000000e4300000, 0x00000000e4400000, 0x00000000e4400000|100%| O|  |TAMS 0x00000000e4300000| PB 0x00000000e4300000| Untracked 
|  68|0x00000000e4400000, 0x00000000e4500000, 0x00000000e4500000|100%| O|  |TAMS 0x00000000e4400000| PB 0x00000000e4400000| Untracked 
|  69|0x00000000e4500000, 0x00000000e4600000, 0x00000000e4600000|100%| O|  |TAMS 0x00000000e4500000| PB 0x00000000e4500000| Untracked 
|  70|0x00000000e4600000, 0x00000000e4700000, 0x00000000e4700000|100%| O|  |TAMS 0x00000000e4600000| PB 0x00000000e4600000| Untracked 
|  71|0x00000000e4700000, 0x00000000e4700000, 0x00000000e4800000|  0%| F|  |TAMS 0x00000000e4700000| PB 0x00000000e4700000| Untracked 
|  72|0x00000000e4800000, 0x00000000e4900000, 0x00000000e4900000|100%| O|  |TAMS 0x00000000e4800000| PB 0x00000000e4800000| Untracked 
|  73|0x00000000e4900000, 0x00000000e4a00000, 0x00000000e4a00000|100%| O|  |TAMS 0x00000000e4900000| PB 0x00000000e4900000| Untracked 
|  74|0x00000000e4a00000, 0x00000000e4a00000, 0x00000000e4b00000|  0%| F|  |TAMS 0x00000000e4a00000| PB 0x00000000e4a00000| Untracked 
|  75|0x00000000e4b00000, 0x00000000e4c00000, 0x00000000e4c00000|100%| O|  |TAMS 0x00000000e4b00000| PB 0x00000000e4b00000| Untracked 
|  76|0x00000000e4c00000, 0x00000000e4d00000, 0x00000000e4d00000|100%| O|  |TAMS 0x00000000e4c00000| PB 0x00000000e4c00000| Untracked 
|  77|0x00000000e4d00000, 0x00000000e4e00000, 0x00000000e4e00000|100%| O|  |TAMS 0x00000000e4d00000| PB 0x00000000e4d00000| Untracked 
|  78|0x00000000e4e00000, 0x00000000e4f00000, 0x00000000e4f00000|100%| O|  |TAMS 0x00000000e4e00000| PB 0x00000000e4e00000| Untracked 
|  79|0x00000000e4f00000, 0x00000000e4f00000, 0x00000000e5000000|  0%| F|  |TAMS 0x00000000e4f00000| PB 0x00000000e4f00000| Untracked 
|  80|0x00000000e5000000, 0x00000000e5100000, 0x00000000e5100000|100%| O|  |TAMS 0x00000000e5000000| PB 0x00000000e5000000| Untracked 
|  81|0x00000000e5100000, 0x00000000e5100000, 0x00000000e5200000|  0%| F|  |TAMS 0x00000000e5100000| PB 0x00000000e5100000| Untracked 
|  82|0x00000000e5200000, 0x00000000e5200000, 0x00000000e5300000|  0%| F|  |TAMS 0x00000000e5200000| PB 0x00000000e5200000| Untracked 
|  83|0x00000000e5300000, 0x00000000e5400000, 0x00000000e5400000|100%| O|  |TAMS 0x00000000e5300000| PB 0x00000000e5300000| Untracked 
|  84|0x00000000e5400000, 0x00000000e5500000, 0x00000000e5500000|100%| O|  |TAMS 0x00000000e5400000| PB 0x00000000e5400000| Untracked 
|  85|0x00000000e5500000, 0x00000000e5500000, 0x00000000e5600000|  0%| F|  |TAMS 0x00000000e5500000| PB 0x00000000e5500000| Untracked 
|  86|0x00000000e5600000, 0x00000000e5600000, 0x00000000e5700000|  0%| F|  |TAMS 0x00000000e5600000| PB 0x00000000e5600000| Untracked 
|  87|0x00000000e5700000, 0x00000000e5800000, 0x00000000e5800000|100%| O|  |TAMS 0x00000000e5700000| PB 0x00000000e5700000| Untracked 
|  88|0x00000000e5800000, 0x00000000e5900000, 0x00000000e5900000|100%| O|Cm|TAMS 0x00000000e5800000| PB 0x00000000e5800000| Complete 
|  89|0x00000000e5900000, 0x00000000e5a00000, 0x00000000e5a00000|100%| O|  |TAMS 0x00000000e5900000| PB 0x00000000e5900000| Untracked 
|  90|0x00000000e5a00000, 0x00000000e5a00000, 0x00000000e5b00000|  0%| F|  |TAMS 0x00000000e5a00000| PB 0x00000000e5a00000| Untracked 
|  91|0x00000000e5b00000, 0x00000000e5b00000, 0x00000000e5c00000|  0%| F|  |TAMS 0x00000000e5b00000| PB 0x00000000e5b00000| Untracked 
|  92|0x00000000e5c00000, 0x00000000e5d00000, 0x00000000e5d00000|100%| O|Cm|TAMS 0x00000000e5c00000| PB 0x00000000e5c00000| Complete 
|  93|0x00000000e5d00000, 0x00000000e5e00000, 0x00000000e5e00000|100%| O|  |TAMS 0x00000000e5d00000| PB 0x00000000e5d00000| Untracked 
|  94|0x00000000e5e00000, 0x00000000e5f00000, 0x00000000e5f00000|100%| O|Cm|TAMS 0x00000000e5e00000| PB 0x00000000e5e00000| Complete 
|  95|0x00000000e5f00000, 0x00000000e6000000, 0x00000000e6000000|100%| O|  |TAMS 0x00000000e5f00000| PB 0x00000000e5f00000| Untracked 
|  96|0x00000000e6000000, 0x00000000e6000000, 0x00000000e6100000|  0%| F|  |TAMS 0x00000000e6000000| PB 0x00000000e6000000| Untracked 
|  97|0x00000000e6100000, 0x00000000e6100000, 0x00000000e6200000|  0%| F|  |TAMS 0x00000000e6100000| PB 0x00000000e6100000| Untracked 
|  98|0x00000000e6200000, 0x00000000e6300000, 0x00000000e6300000|100%| O|  |TAMS 0x00000000e6200000| PB 0x00000000e6200000| Untracked 
|  99|0x00000000e6300000, 0x00000000e6400000, 0x00000000e6400000|100%| O|  |TAMS 0x00000000e6300000| PB 0x00000000e6300000| Untracked 
| 100|0x00000000e6400000, 0x00000000e6500000, 0x00000000e6500000|100%| O|  |TAMS 0x00000000e6400000| PB 0x00000000e6400000| Untracked 
| 101|0x00000000e6500000, 0x00000000e6600000, 0x00000000e6600000|100%| O|  |TAMS 0x00000000e6500000| PB 0x00000000e6500000| Untracked 
| 102|0x00000000e6600000, 0x00000000e6700000, 0x00000000e6700000|100%| O|  |TAMS 0x00000000e6600000| PB 0x00000000e6600000| Untracked 
| 103|0x00000000e6700000, 0x00000000e6800000, 0x00000000e6800000|100%| O|  |TAMS 0x00000000e6700000| PB 0x00000000e6700000| Untracked 
| 104|0x00000000e6800000, 0x00000000e6900000, 0x00000000e6900000|100%|HS|  |TAMS 0x00000000e6800000| PB 0x00000000e6800000| Complete 
| 105|0x00000000e6900000, 0x00000000e6a00000, 0x00000000e6a00000|100%|HC|  |TAMS 0x00000000e6900000| PB 0x00000000e6900000| Complete 
| 106|0x00000000e6a00000, 0x00000000e6b00000, 0x00000000e6b00000|100%|HC|  |TAMS 0x00000000e6a00000| PB 0x00000000e6a00000| Complete 
| 107|0x00000000e6b00000, 0x00000000e6c00000, 0x00000000e6c00000|100%|HS|  |TAMS 0x00000000e6b00000| PB 0x00000000e6b00000| Complete 
| 108|0x00000000e6c00000, 0x00000000e6d00000, 0x00000000e6d00000|100%|HC|  |TAMS 0x00000000e6c00000| PB 0x00000000e6c00000| Complete 
| 109|0x00000000e6d00000, 0x00000000e6e00000, 0x00000000e6e00000|100%|HC|  |TAMS 0x00000000e6d00000| PB 0x00000000e6d00000| Complete 
| 110|0x00000000e6e00000, 0x00000000e6f00000, 0x00000000e6f00000|100%| O|  |TAMS 0x00000000e6e00000| PB 0x00000000e6e00000| Untracked 
| 111|0x00000000e6f00000, 0x00000000e7000000, 0x00000000e7000000|100%| O|  |TAMS 0x00000000e6f00000| PB 0x00000000e6f00000| Untracked 
| 112|0x00000000e7000000, 0x00000000e7100000, 0x00000000e7100000|100%| O|  |TAMS 0x00000000e7000000| PB 0x00000000e7000000| Untracked 
| 113|0x00000000e7100000, 0x00000000e7200000, 0x00000000e7200000|100%| O|  |TAMS 0x00000000e7100000| PB 0x00000000e7100000| Untracked 
| 114|0x00000000e7200000, 0x00000000e7300000, 0x00000000e7300000|100%| O|  |TAMS 0x00000000e7200000| PB 0x00000000e7200000| Untracked 
| 115|0x00000000e7300000, 0x00000000e7400000, 0x00000000e7400000|100%| O|  |TAMS 0x00000000e7300000| PB 0x00000000e7300000| Untracked 
| 116|0x00000000e7400000, 0x00000000e7500000, 0x00000000e7500000|100%| O|  |TAMS 0x00000000e7400000| PB 0x00000000e7400000| Untracked 
| 117|0x00000000e7500000, 0x00000000e7600000, 0x00000000e7600000|100%| O|  |TAMS 0x00000000e7500000| PB 0x00000000e7500000| Untracked 
| 118|0x00000000e7600000, 0x00000000e7700000, 0x00000000e7700000|100%| O|  |TAMS 0x00000000e7600000| PB 0x00000000e7600000| Untracked 
| 119|0x00000000e7700000, 0x00000000e7700000, 0x00000000e7800000|  0%| F|  |TAMS 0x00000000e7700000| PB 0x00000000e7700000| Untracked 
| 120|0x00000000e7800000, 0x00000000e7800000, 0x00000000e7900000|  0%| F|  |TAMS 0x00000000e7800000| PB 0x00000000e7800000| Untracked 
| 121|0x00000000e7900000, 0x00000000e7900000, 0x00000000e7a00000|  0%| F|  |TAMS 0x00000000e7900000| PB 0x00000000e7900000| Untracked 
| 122|0x00000000e7a00000, 0x00000000e7a00000, 0x00000000e7b00000|  0%| F|  |TAMS 0x00000000e7a00000| PB 0x00000000e7a00000| Untracked 
| 123|0x00000000e7b00000, 0x00000000e7b00000, 0x00000000e7c00000|  0%| F|  |TAMS 0x00000000e7b00000| PB 0x00000000e7b00000| Untracked 
| 124|0x00000000e7c00000, 0x00000000e7c00000, 0x00000000e7d00000|  0%| F|  |TAMS 0x00000000e7c00000| PB 0x00000000e7c00000| Untracked 
| 125|0x00000000e7d00000, 0x00000000e7d00000, 0x00000000e7e00000|  0%| F|  |TAMS 0x00000000e7d00000| PB 0x00000000e7d00000| Untracked 
| 126|0x00000000e7e00000, 0x00000000e7e00000, 0x00000000e7f00000|  0%| F|  |TAMS 0x00000000e7e00000| PB 0x00000000e7e00000| Untracked 
| 127|0x00000000e7f00000, 0x00000000e7f00000, 0x00000000e8000000|  0%| F|  |TAMS 0x00000000e7f00000| PB 0x00000000e7f00000| Untracked 
| 128|0x00000000e8000000, 0x00000000e8000000, 0x00000000e8100000|  0%| F|  |TAMS 0x00000000e8000000| PB 0x00000000e8000000| Untracked 
| 129|0x00000000e8100000, 0x00000000e8100000, 0x00000000e8200000|  0%| F|  |TAMS 0x00000000e8100000| PB 0x00000000e8100000| Untracked 
| 130|0x00000000e8200000, 0x00000000e8200000, 0x00000000e8300000|  0%| F|  |TAMS 0x00000000e8200000| PB 0x00000000e8200000| Untracked 
| 131|0x00000000e8300000, 0x00000000e8300000, 0x00000000e8400000|  0%| F|  |TAMS 0x00000000e8300000| PB 0x00000000e8300000| Untracked 
| 132|0x00000000e8400000, 0x00000000e8400000, 0x00000000e8500000|  0%| F|  |TAMS 0x00000000e8400000| PB 0x00000000e8400000| Untracked 
| 133|0x00000000e8500000, 0x00000000e8500000, 0x00000000e8600000|  0%| F|  |TAMS 0x00000000e8500000| PB 0x00000000e8500000| Untracked 
| 134|0x00000000e8600000, 0x00000000e8600000, 0x00000000e8700000|  0%| F|  |TAMS 0x00000000e8600000| PB 0x00000000e8600000| Untracked 
| 135|0x00000000e8700000, 0x00000000e8700000, 0x00000000e8800000|  0%| F|  |TAMS 0x00000000e8700000| PB 0x00000000e8700000| Untracked 
| 136|0x00000000e8800000, 0x00000000e8800000, 0x00000000e8900000|  0%| F|  |TAMS 0x00000000e8800000| PB 0x00000000e8800000| Untracked 
| 137|0x00000000e8900000, 0x00000000e8900000, 0x00000000e8a00000|  0%| F|  |TAMS 0x00000000e8900000| PB 0x00000000e8900000| Untracked 
| 138|0x00000000e8a00000, 0x00000000e8a00000, 0x00000000e8b00000|  0%| F|  |TAMS 0x00000000e8a00000| PB 0x00000000e8a00000| Untracked 
| 139|0x00000000e8b00000, 0x00000000e8b00000, 0x00000000e8c00000|  0%| F|  |TAMS 0x00000000e8b00000| PB 0x00000000e8b00000| Untracked 
| 140|0x00000000e8c00000, 0x00000000e8c00000, 0x00000000e8d00000|  0%| F|  |TAMS 0x00000000e8c00000| PB 0x00000000e8c00000| Untracked 
| 141|0x00000000e8d00000, 0x00000000e8d00000, 0x00000000e8e00000|  0%| F|  |TAMS 0x00000000e8d00000| PB 0x00000000e8d00000| Untracked 
| 142|0x00000000e8e00000, 0x00000000e8e00000, 0x00000000e8f00000|  0%| F|  |TAMS 0x00000000e8e00000| PB 0x00000000e8e00000| Untracked 
| 143|0x00000000e8f00000, 0x00000000e8f00000, 0x00000000e9000000|  0%| F|  |TAMS 0x00000000e8f00000| PB 0x00000000e8f00000| Untracked 
| 144|0x00000000e9000000, 0x00000000e9000000, 0x00000000e9100000|  0%| F|  |TAMS 0x00000000e9000000| PB 0x00000000e9000000| Untracked 
| 145|0x00000000e9100000, 0x00000000e9100000, 0x00000000e9200000|  0%| F|  |TAMS 0x00000000e9100000| PB 0x00000000e9100000| Untracked 
| 146|0x00000000e9200000, 0x00000000e9200000, 0x00000000e9300000|  0%| F|  |TAMS 0x00000000e9200000| PB 0x00000000e9200000| Untracked 
| 147|0x00000000e9300000, 0x00000000e9300000, 0x00000000e9400000|  0%| F|  |TAMS 0x00000000e9300000| PB 0x00000000e9300000| Untracked 
| 148|0x00000000e9400000, 0x00000000e9400000, 0x00000000e9500000|  0%| F|  |TAMS 0x00000000e9400000| PB 0x00000000e9400000| Untracked 
| 149|0x00000000e9500000, 0x00000000e9500000, 0x00000000e9600000|  0%| F|  |TAMS 0x00000000e9500000| PB 0x00000000e9500000| Untracked 
| 150|0x00000000e9600000, 0x00000000e9600000, 0x00000000e9700000|  0%| F|  |TAMS 0x00000000e9600000| PB 0x00000000e9600000| Untracked 
| 151|0x00000000e9700000, 0x00000000e9700000, 0x00000000e9800000|  0%| F|  |TAMS 0x00000000e9700000| PB 0x00000000e9700000| Untracked 
| 152|0x00000000e9800000, 0x00000000e9800000, 0x00000000e9900000|  0%| F|  |TAMS 0x00000000e9800000| PB 0x00000000e9800000| Untracked 
| 153|0x00000000e9900000, 0x00000000e9900000, 0x00000000e9a00000|  0%| F|  |TAMS 0x00000000e9900000| PB 0x00000000e9900000| Untracked 
| 154|0x00000000e9a00000, 0x00000000e9a00000, 0x00000000e9b00000|  0%| F|  |TAMS 0x00000000e9a00000| PB 0x00000000e9a00000| Untracked 
| 155|0x00000000e9b00000, 0x00000000e9b00000, 0x00000000e9c00000|  0%| F|  |TAMS 0x00000000e9b00000| PB 0x00000000e9b00000| Untracked 
| 156|0x00000000e9c00000, 0x00000000e9c00000, 0x00000000e9d00000|  0%| F|  |TAMS 0x00000000e9c00000| PB 0x00000000e9c00000| Untracked 
| 157|0x00000000e9d00000, 0x00000000e9d00000, 0x00000000e9e00000|  0%| F|  |TAMS 0x00000000e9d00000| PB 0x00000000e9d00000| Untracked 
| 158|0x00000000e9e00000, 0x00000000e9e00000, 0x00000000e9f00000|  0%| F|  |TAMS 0x00000000e9e00000| PB 0x00000000e9e00000| Untracked 
| 159|0x00000000e9f00000, 0x00000000e9f00000, 0x00000000ea000000|  0%| F|  |TAMS 0x00000000e9f00000| PB 0x00000000e9f00000| Untracked 
| 160|0x00000000ea000000, 0x00000000ea000000, 0x00000000ea100000|  0%| F|  |TAMS 0x00000000ea000000| PB 0x00000000ea000000| Untracked 
| 161|0x00000000ea100000, 0x00000000ea100000, 0x00000000ea200000|  0%| F|  |TAMS 0x00000000ea100000| PB 0x00000000ea100000| Untracked 
| 162|0x00000000ea200000, 0x00000000ea200000, 0x00000000ea300000|  0%| F|  |TAMS 0x00000000ea200000| PB 0x00000000ea200000| Untracked 
| 163|0x00000000ea300000, 0x00000000ea300000, 0x00000000ea400000|  0%| F|  |TAMS 0x00000000ea300000| PB 0x00000000ea300000| Untracked 
| 164|0x00000000ea400000, 0x00000000ea400000, 0x00000000ea500000|  0%| F|  |TAMS 0x00000000ea400000| PB 0x00000000ea400000| Untracked 
| 165|0x00000000ea500000, 0x00000000ea500000, 0x00000000ea600000|  0%| F|  |TAMS 0x00000000ea500000| PB 0x00000000ea500000| Untracked 
| 166|0x00000000ea600000, 0x00000000ea682f70, 0x00000000ea700000| 51%| E|  |TAMS 0x00000000ea600000| PB 0x00000000ea600000| Complete 
| 167|0x00000000ea700000, 0x00000000ea800000, 0x00000000ea800000|100%| E|CS|TAMS 0x00000000ea700000| PB 0x00000000ea700000| Complete 
| 168|0x00000000ea800000, 0x00000000ea900000, 0x00000000ea900000|100%| E|CS|TAMS 0x00000000ea800000| PB 0x00000000ea800000| Complete 
| 169|0x00000000ea900000, 0x00000000eaa00000, 0x00000000eaa00000|100%| E|CS|TAMS 0x00000000ea900000| PB 0x00000000ea900000| Complete 
| 170|0x00000000eaa00000, 0x00000000eab00000, 0x00000000eab00000|100%| E|CS|TAMS 0x00000000eaa00000| PB 0x00000000eaa00000| Complete 
| 171|0x00000000eab00000, 0x00000000eac00000, 0x00000000eac00000|100%| E|CS|TAMS 0x00000000eab00000| PB 0x00000000eab00000| Complete 
| 172|0x00000000eac00000, 0x00000000ead00000, 0x00000000ead00000|100%| E|CS|TAMS 0x00000000eac00000| PB 0x00000000eac00000| Complete 
| 173|0x00000000ead00000, 0x00000000eae00000, 0x00000000eae00000|100%| E|CS|TAMS 0x00000000ead00000| PB 0x00000000ead00000| Complete 
| 174|0x00000000eae00000, 0x00000000eaf00000, 0x00000000eaf00000|100%| E|CS|TAMS 0x00000000eae00000| PB 0x00000000eae00000| Complete 
| 175|0x00000000eaf00000, 0x00000000eb000000, 0x00000000eb000000|100%| E|CS|TAMS 0x00000000eaf00000| PB 0x00000000eaf00000| Complete 
| 176|0x00000000eb000000, 0x00000000eb100000, 0x00000000eb100000|100%| E|CS|TAMS 0x00000000eb000000| PB 0x00000000eb000000| Complete 
| 177|0x00000000eb100000, 0x00000000eb200000, 0x00000000eb200000|100%| E|CS|TAMS 0x00000000eb100000| PB 0x00000000eb100000| Complete 
| 178|0x00000000eb200000, 0x00000000eb300000, 0x00000000eb300000|100%| E|CS|TAMS 0x00000000eb200000| PB 0x00000000eb200000| Complete 
| 179|0x00000000eb300000, 0x00000000eb400000, 0x00000000eb400000|100%| E|CS|TAMS 0x00000000eb300000| PB 0x00000000eb300000| Complete 
| 180|0x00000000eb400000, 0x00000000eb500000, 0x00000000eb500000|100%| E|CS|TAMS 0x00000000eb400000| PB 0x00000000eb400000| Complete 
| 181|0x00000000eb500000, 0x00000000eb600000, 0x00000000eb600000|100%| E|CS|TAMS 0x00000000eb500000| PB 0x00000000eb500000| Complete 
| 182|0x00000000eb600000, 0x00000000eb700000, 0x00000000eb700000|100%| E|CS|TAMS 0x00000000eb600000| PB 0x00000000eb600000| Complete 
| 183|0x00000000eb700000, 0x00000000eb800000, 0x00000000eb800000|100%| E|CS|TAMS 0x00000000eb700000| PB 0x00000000eb700000| Complete 
| 184|0x00000000eb800000, 0x00000000eb900000, 0x00000000eb900000|100%| E|CS|TAMS 0x00000000eb800000| PB 0x00000000eb800000| Complete 
| 185|0x00000000eb900000, 0x00000000eba00000, 0x00000000eba00000|100%| E|CS|TAMS 0x00000000eb900000| PB 0x00000000eb900000| Complete 
| 186|0x00000000eba00000, 0x00000000ebab2b60, 0x00000000ebb00000| 69%| S|CS|TAMS 0x00000000eba00000| PB 0x00000000eba00000| Complete 
| 187|0x00000000ebb00000, 0x00000000ebc00000, 0x00000000ebc00000|100%| S|CS|TAMS 0x00000000ebb00000| PB 0x00000000ebb00000| Complete 
| 188|0x00000000ebc00000, 0x00000000ebd00000, 0x00000000ebd00000|100%| S|CS|TAMS 0x00000000ebc00000| PB 0x00000000ebc00000| Complete 
| 189|0x00000000ebd00000, 0x00000000ebe00000, 0x00000000ebe00000|100%| E|CS|TAMS 0x00000000ebd00000| PB 0x00000000ebd00000| Complete 
| 190|0x00000000ebe00000, 0x00000000ebf00000, 0x00000000ebf00000|100%| E|CS|TAMS 0x00000000ebe00000| PB 0x00000000ebe00000| Complete 
| 191|0x00000000ebf00000, 0x00000000ec000000, 0x00000000ec000000|100%| E|CS|TAMS 0x00000000ebf00000| PB 0x00000000ebf00000| Complete 
| 192|0x00000000ec000000, 0x00000000ec100000, 0x00000000ec100000|100%| E|CS|TAMS 0x00000000ec000000| PB 0x00000000ec000000| Complete 
| 193|0x00000000ec100000, 0x00000000ec200000, 0x00000000ec200000|100%| E|CS|TAMS 0x00000000ec100000| PB 0x00000000ec100000| Complete 
| 194|0x00000000ec200000, 0x00000000ec300000, 0x00000000ec300000|100%| S|CS|TAMS 0x00000000ec200000| PB 0x00000000ec200000| Complete 
| 195|0x00000000ec300000, 0x00000000ec400000, 0x00000000ec400000|100%| E|CS|TAMS 0x00000000ec300000| PB 0x00000000ec300000| Complete 
| 196|0x00000000ec400000, 0x00000000ec500000, 0x00000000ec500000|100%| E|CS|TAMS 0x00000000ec400000| PB 0x00000000ec400000| Complete 
| 197|0x00000000ec500000, 0x00000000ec600000, 0x00000000ec600000|100%| E|CS|TAMS 0x00000000ec500000| PB 0x00000000ec500000| Complete 
| 198|0x00000000ec600000, 0x00000000ec700000, 0x00000000ec700000|100%| E|CS|TAMS 0x00000000ec600000| PB 0x00000000ec600000| Complete 
| 199|0x00000000ec700000, 0x00000000ec800000, 0x00000000ec800000|100%| E|CS|TAMS 0x00000000ec700000| PB 0x00000000ec700000| Complete 
| 200|0x00000000ec800000, 0x00000000ec900000, 0x00000000ec900000|100%| E|CS|TAMS 0x00000000ec800000| PB 0x00000000ec800000| Complete 
| 201|0x00000000ec900000, 0x00000000eca00000, 0x00000000eca00000|100%| E|CS|TAMS 0x00000000ec900000| PB 0x00000000ec900000| Complete 
| 202|0x00000000eca00000, 0x00000000ecb00000, 0x00000000ecb00000|100%| E|CS|TAMS 0x00000000eca00000| PB 0x00000000eca00000| Complete 
| 203|0x00000000ecb00000, 0x00000000ecc00000, 0x00000000ecc00000|100%| E|CS|TAMS 0x00000000ecb00000| PB 0x00000000ecb00000| Complete 
| 204|0x00000000ecc00000, 0x00000000ecd00000, 0x00000000ecd00000|100%| E|CS|TAMS 0x00000000ecc00000| PB 0x00000000ecc00000| Complete 
| 205|0x00000000ecd00000, 0x00000000ece00000, 0x00000000ece00000|100%| E|CS|TAMS 0x00000000ecd00000| PB 0x00000000ecd00000| Complete 
| 206|0x00000000ece00000, 0x00000000ecf00000, 0x00000000ecf00000|100%| E|CS|TAMS 0x00000000ece00000| PB 0x00000000ece00000| Complete 
| 207|0x00000000ecf00000, 0x00000000ed000000, 0x00000000ed000000|100%| E|CS|TAMS 0x00000000ecf00000| PB 0x00000000ecf00000| Complete 
| 208|0x00000000ed000000, 0x00000000ed100000, 0x00000000ed100000|100%| E|CS|TAMS 0x00000000ed000000| PB 0x00000000ed000000| Complete 
| 209|0x00000000ed100000, 0x00000000ed200000, 0x00000000ed200000|100%| E|CS|TAMS 0x00000000ed100000| PB 0x00000000ed100000| Complete 
| 210|0x00000000ed200000, 0x00000000ed300000, 0x00000000ed300000|100%| E|CS|TAMS 0x00000000ed200000| PB 0x00000000ed200000| Complete 
| 211|0x00000000ed300000, 0x00000000ed400000, 0x00000000ed400000|100%| E|CS|TAMS 0x00000000ed300000| PB 0x00000000ed300000| Complete 
| 212|0x00000000ed400000, 0x00000000ed500000, 0x00000000ed500000|100%| E|CS|TAMS 0x00000000ed400000| PB 0x00000000ed400000| Complete 
| 213|0x00000000ed500000, 0x00000000ed600000, 0x00000000ed600000|100%| E|CS|TAMS 0x00000000ed500000| PB 0x00000000ed500000| Complete 
| 214|0x00000000ed600000, 0x00000000ed700000, 0x00000000ed700000|100%| E|CS|TAMS 0x00000000ed600000| PB 0x00000000ed600000| Complete 
| 215|0x00000000ed700000, 0x00000000ed800000, 0x00000000ed800000|100%| E|CS|TAMS 0x00000000ed700000| PB 0x00000000ed700000| Complete 
| 216|0x00000000ed800000, 0x00000000ed900000, 0x00000000ed900000|100%| E|CS|TAMS 0x00000000ed800000| PB 0x00000000ed800000| Complete 
| 217|0x00000000ed900000, 0x00000000eda00000, 0x00000000eda00000|100%| E|CS|TAMS 0x00000000ed900000| PB 0x00000000ed900000| Complete 
| 218|0x00000000eda00000, 0x00000000edb00000, 0x00000000edb00000|100%| E|CS|TAMS 0x00000000eda00000| PB 0x00000000eda00000| Complete 
| 219|0x00000000edb00000, 0x00000000edc00000, 0x00000000edc00000|100%| E|CS|TAMS 0x00000000edb00000| PB 0x00000000edb00000| Complete 
| 220|0x00000000edc00000, 0x00000000edd00000, 0x00000000edd00000|100%| E|CS|TAMS 0x00000000edc00000| PB 0x00000000edc00000| Complete 
| 221|0x00000000edd00000, 0x00000000ede00000, 0x00000000ede00000|100%| E|CS|TAMS 0x00000000edd00000| PB 0x00000000edd00000| Complete 
| 222|0x00000000ede00000, 0x00000000edf00000, 0x00000000edf00000|100%| E|CS|TAMS 0x00000000ede00000| PB 0x00000000ede00000| Complete 
| 223|0x00000000edf00000, 0x00000000ee000000, 0x00000000ee000000|100%| E|CS|TAMS 0x00000000edf00000| PB 0x00000000edf00000| Complete 
| 224|0x00000000ee000000, 0x00000000ee100000, 0x00000000ee100000|100%| E|CS|TAMS 0x00000000ee000000| PB 0x00000000ee000000| Complete 
| 225|0x00000000ee100000, 0x00000000ee200000, 0x00000000ee200000|100%| E|CS|TAMS 0x00000000ee100000| PB 0x00000000ee100000| Complete 
| 226|0x00000000ee200000, 0x00000000ee300000, 0x00000000ee300000|100%| E|CS|TAMS 0x00000000ee200000| PB 0x00000000ee200000| Complete 
| 227|0x00000000ee300000, 0x00000000ee400000, 0x00000000ee400000|100%| E|CS|TAMS 0x00000000ee300000| PB 0x00000000ee300000| Complete 
| 228|0x00000000ee400000, 0x00000000ee500000, 0x00000000ee500000|100%| E|CS|TAMS 0x00000000ee400000| PB 0x00000000ee400000| Complete 
| 229|0x00000000ee500000, 0x00000000ee600000, 0x00000000ee600000|100%| E|CS|TAMS 0x00000000ee500000| PB 0x00000000ee500000| Complete 
| 230|0x00000000ee600000, 0x00000000ee700000, 0x00000000ee700000|100%| E|CS|TAMS 0x00000000ee600000| PB 0x00000000ee600000| Complete 
| 231|0x00000000ee700000, 0x00000000ee800000, 0x00000000ee800000|100%| E|CS|TAMS 0x00000000ee700000| PB 0x00000000ee700000| Complete 
| 232|0x00000000ee800000, 0x00000000ee900000, 0x00000000ee900000|100%| E|CS|TAMS 0x00000000ee800000| PB 0x00000000ee800000| Complete 
| 233|0x00000000ee900000, 0x00000000eea00000, 0x00000000eea00000|100%| E|CS|TAMS 0x00000000ee900000| PB 0x00000000ee900000| Complete 
| 234|0x00000000eea00000, 0x00000000eeb00000, 0x00000000eeb00000|100%| E|CS|TAMS 0x00000000eea00000| PB 0x00000000eea00000| Complete 
| 235|0x00000000eeb00000, 0x00000000eec00000, 0x00000000eec00000|100%| E|CS|TAMS 0x00000000eeb00000| PB 0x00000000eeb00000| Complete 
| 236|0x00000000eec00000, 0x00000000eed00000, 0x00000000eed00000|100%| E|CS|TAMS 0x00000000eec00000| PB 0x00000000eec00000| Complete 
| 237|0x00000000eed00000, 0x00000000eee00000, 0x00000000eee00000|100%| E|CS|TAMS 0x00000000eed00000| PB 0x00000000eed00000| Complete 
| 238|0x00000000eee00000, 0x00000000eef00000, 0x00000000eef00000|100%| E|CS|TAMS 0x00000000eee00000| PB 0x00000000eee00000| Complete 
| 239|0x00000000eef00000, 0x00000000ef000000, 0x00000000ef000000|100%| E|CS|TAMS 0x00000000eef00000| PB 0x00000000eef00000| Complete 
| 240|0x00000000ef000000, 0x00000000ef100000, 0x00000000ef100000|100%| E|CS|TAMS 0x00000000ef000000| PB 0x00000000ef000000| Complete 
| 241|0x00000000ef100000, 0x00000000ef200000, 0x00000000ef200000|100%| E|CS|TAMS 0x00000000ef100000| PB 0x00000000ef100000| Complete 
| 242|0x00000000ef200000, 0x00000000ef300000, 0x00000000ef300000|100%| E|CS|TAMS 0x00000000ef200000| PB 0x00000000ef200000| Complete 
| 243|0x00000000ef300000, 0x00000000ef400000, 0x00000000ef400000|100%| E|CS|TAMS 0x00000000ef300000| PB 0x00000000ef300000| Complete 
| 244|0x00000000ef400000, 0x00000000ef500000, 0x00000000ef500000|100%| E|CS|TAMS 0x00000000ef400000| PB 0x00000000ef400000| Complete 
| 245|0x00000000ef500000, 0x00000000ef600000, 0x00000000ef600000|100%| E|CS|TAMS 0x00000000ef500000| PB 0x00000000ef500000| Complete 
| 246|0x00000000ef600000, 0x00000000ef700000, 0x00000000ef700000|100%| E|CS|TAMS 0x00000000ef600000| PB 0x00000000ef600000| Complete 
| 247|0x00000000ef700000, 0x00000000ef800000, 0x00000000ef800000|100%| E|CS|TAMS 0x00000000ef700000| PB 0x00000000ef700000| Complete 
| 248|0x00000000ef800000, 0x00000000ef900000, 0x00000000ef900000|100%| E|CS|TAMS 0x00000000ef800000| PB 0x00000000ef800000| Complete 
| 249|0x00000000ef900000, 0x00000000efa00000, 0x00000000efa00000|100%| E|CS|TAMS 0x00000000ef900000| PB 0x00000000ef900000| Complete 
| 250|0x00000000efa00000, 0x00000000efb00000, 0x00000000efb00000|100%| E|CS|TAMS 0x00000000efa00000| PB 0x00000000efa00000| Complete 
| 251|0x00000000efb00000, 0x00000000efc00000, 0x00000000efc00000|100%| E|CS|TAMS 0x00000000efb00000| PB 0x00000000efb00000| Complete 
| 252|0x00000000efc00000, 0x00000000efd00000, 0x00000000efd00000|100%| E|CS|TAMS 0x00000000efc00000| PB 0x00000000efc00000| Complete 
| 253|0x00000000efd00000, 0x00000000efe00000, 0x00000000efe00000|100%| E|CS|TAMS 0x00000000efd00000| PB 0x00000000efd00000| Complete 
| 254|0x00000000efe00000, 0x00000000eff00000, 0x00000000eff00000|100%| E|CS|TAMS 0x00000000efe00000| PB 0x00000000efe00000| Complete 
| 255|0x00000000eff00000, 0x00000000f0000000, 0x00000000f0000000|100%| E|CS|TAMS 0x00000000eff00000| PB 0x00000000eff00000| Complete 

Card table byte_map: [0x000001a2d3d40000,0x000001a2d3e40000] _byte_map_base: 0x000001a2d3640000

Marking Bits: (CMBitMap*) 0x000001a2d40aabf0
 Bits: [0x000001a2e6280000, 0x000001a2e6a80000)

Polling page: 0x000001a2d1d90000

Metaspace:

Usage:
  Non-class:     84.49 MB used.
      Class:     13.31 MB used.
       Both:     97.80 MB used.

Virtual space:
  Non-class space:      128.00 MB reserved,      85.25 MB ( 67%) committed,  2 nodes.
      Class space:      320.00 MB reserved,      14.00 MB (  4%) committed,  1 nodes.
             Both:      448.00 MB reserved,      99.25 MB ( 22%) committed. 

Chunk freelists:
   Non-Class:  9.92 MB
       Class:  1.88 MB
        Both:  11.80 MB

MaxMetaspaceSize: 384.00 MB
CompressedClassSpaceSize: 320.00 MB
Initial GC threshold: 21.00 MB
Current GC threshold: 146.81 MB
CDS: on
 - commit_granule_bytes: 65536.
 - commit_granule_words: 8192.
 - virtual_space_node_default_size: 8388608.
 - enlarge_chunks_in_place: 1.
 - use_allocation_guard: 0.


Internal statistics:

num_allocs_failed_limit: 12.
num_arena_births: 4332.
num_arena_deaths: 2126.
num_vsnodes_births: 3.
num_vsnodes_deaths: 0.
num_space_committed: 1593.
num_space_uncommitted: 3.
num_chunks_returned_to_freelist: 2471.
num_chunks_taken_from_freelist: 9985.
num_chunk_merges: 868.
num_chunk_splits: 5734.
num_chunks_enlarged: 3603.
num_inconsistent_stats: 0.

CodeHeap 'non-profiled nmethods': size=120064Kb used=9332Kb max_used=9332Kb free=110731Kb
 bounds [0x000001a2ded40000, 0x000001a2df660000, 0x000001a2e6280000]
CodeHeap 'profiled nmethods': size=120000Kb used=23999Kb max_used=23999Kb free=96000Kb
 bounds [0x000001a2d7280000, 0x000001a2d89f0000, 0x000001a2de7b0000]
CodeHeap 'non-nmethods': size=5696Kb used=2684Kb max_used=2728Kb free=3011Kb
 bounds [0x000001a2de7b0000, 0x000001a2dea70000, 0x000001a2ded40000]
CodeCache: size=245760Kb, used=36015Kb, max_used=36059Kb, free=209742Kb
 total_blobs=13580, nmethods=12627, adapters=857, full_count=0
Compilation: enabled, stopped_count=0, restarted_count=0

Compilation events (20 events):
Event: 1152.736 Thread 0x000001a2fe0545a0 nmethod 15339 0x000001a2d89e7390 code [0x000001a2d89e7700, 0x000001a2d89e8810]
Event: 1152.737 Thread 0x000001a2fe0545a0 15340       3       org.objectweb.asm.SymbolTable::<init> (41 bytes)
Event: 1152.738 Thread 0x000001a2fe0545a0 nmethod 15340 0x000001a2d89e8f10 code [0x000001a2d89e90e0, 0x000001a2d89e9640]
Event: 1152.767 Thread 0x000001a2fe0545a0 15341       3       org.gradle.internal.instantiation.generator.AsmBackedClassGenerator$ClassBuilderImpl$$Lambda/0x000001a2ea1e6798::emit (9 bytes)
Event: 1152.767 Thread 0x000001a2fe0545a0 nmethod 15341 0x000001a2d89e9790 code [0x000001a2d89e9940, 0x000001a2d89e9b50]
Event: 1152.767 Thread 0x000001a2fe0545a0 15342       3       org.gradle.internal.instantiation.generator.AsmBackedClassGenerator$ClassBuilderImpl::lambda$mixInDynamicAware$9 (11 bytes)
Event: 1152.767 Thread 0x000001a2fe0545a0 nmethod 15342 0x000001a2d89e9c90 code [0x000001a2d89e9e40, 0x000001a2d89e9fe8]
Event: 1152.975 Thread 0x000001a2e8d727b0 15343       4       org.gradle.internal.classloader.TransformErrorHandler::enterClassLoadingScope (50 bytes)
Event: 1153.026 Thread 0x000001a2e8d727b0 nmethod 15343 0x000001a2df658010 code [0x000001a2df658240, 0x000001a2df658d60]
Event: 1153.136 Thread 0x000001a2e8d727b0 15344   !   4       org.gradle.internal.classloader.VisitableURLClassLoader$InstrumentingVisitableURLClassLoader::findClass (36 bytes)
Event: 1153.200 Thread 0x000001a2e8d727b0 nmethod 15344 0x000001a2df659410 code [0x000001a2df6597a0, 0x000001a2df65b3c8]
Event: 1154.763 Thread 0x000001a2e8d727b0 15345       4       java.util.TreeMap$PrivateEntryIterator::<init> (28 bytes)
Event: 1154.767 Thread 0x000001a2e8d727b0 nmethod 15345 0x000001a2df65c590 code [0x000001a2df65c720, 0x000001a2df65c9f0]
Event: 1155.067 Thread 0x000001a2fe0545a0 15346       3       org.gradle.internal.instantiation.generator.AsmBackedClassGenerator$ClassBuilderImpl::<init> (28 bytes)
Event: 1155.067 Thread 0x000001a2fe0545a0 nmethod 15346 0x000001a2d89ea090 code [0x000001a2d89ea240, 0x000001a2d89ea3f8]
Event: 1155.067 Thread 0x000001a2fe0545a0 15347       3       org.gradle.internal.instantiation.generator.AsmBackedClassGenerator$ClassBuilderImpl::startClass (269 bytes)
Event: 1155.073 Thread 0x000001a2fe0545a0 nmethod 15347 0x000001a2d89ea510 code [0x000001a2d89eaba0, 0x000001a2d89ee5a0]
Event: 1155.193 Thread 0x000001a2e8d727b0 15348       4       jdk.internal.loader.URLClassPath$JarLoader$2::getCodeSigners (8 bytes)
Event: 1155.201 Thread 0x000001a2e8d727b0 nmethod 15348 0x000001a2df65ca90 code [0x000001a2df65cc40, 0x000001a2df65ced8]
Event: 1155.218 Thread 0x000001a2e8d727b0 15349   !   4       org.gradle.internal.classloader.TransformReplacer::getInstrumentedClass (34 bytes)

GC Heap History (20 events):
Event: 909.236 GC heap before
{Heap before GC invocations=29 (full 0):
 garbage-first heap   total 262144K, used 131943K [0x00000000e0000000, 0x0000000100000000)
  region size 1024K, 22 young (22528K), 4 survivors (4096K)
 Metaspace       used 83553K, committed 84800K, reserved 458752K
  class space    used 11419K, committed 12032K, reserved 327680K
}
Event: 909.309 GC heap after
{Heap after GC invocations=30 (full 0):
 garbage-first heap   total 262144K, used 114919K [0x00000000e0000000, 0x0000000100000000)
  region size 1024K, 2 young (2048K), 2 survivors (2048K)
 Metaspace       used 83553K, committed 84800K, reserved 458752K
  class space    used 11419K, committed 12032K, reserved 327680K
}
Event: 931.174 GC heap before
{Heap before GC invocations=30 (full 0):
 garbage-first heap   total 262144K, used 157927K [0x00000000e0000000, 0x0000000100000000)
  region size 1024K, 45 young (46080K), 2 survivors (2048K)
 Metaspace       used 86552K, committed 87808K, reserved 458752K
  class space    used 11859K, committed 12480K, reserved 327680K
}
Event: 931.223 GC heap after
{Heap after GC invocations=31 (full 0):
 garbage-first heap   total 262144K, used 116424K [0x00000000e0000000, 0x0000000100000000)
  region size 1024K, 4 young (4096K), 4 survivors (4096K)
 Metaspace       used 86552K, committed 87808K, reserved 458752K
  class space    used 11859K, committed 12480K, reserved 327680K
}
Event: 960.528 GC heap before
{Heap before GC invocations=31 (full 0):
 garbage-first heap   total 262144K, used 162504K [0x00000000e0000000, 0x0000000100000000)
  region size 1024K, 49 young (50176K), 4 survivors (4096K)
 Metaspace       used 88277K, committed 89664K, reserved 458752K
  class space    used 12081K, committed 12736K, reserved 327680K
}
Event: 960.609 GC heap after
{Heap after GC invocations=32 (full 0):
 garbage-first heap   total 262144K, used 119808K [0x00000000e0000000, 0x0000000100000000)
  region size 1024K, 7 young (7168K), 7 survivors (7168K)
 Metaspace       used 88277K, committed 89664K, reserved 458752K
  class space    used 12081K, committed 12736K, reserved 327680K
}
Event: 968.831 GC heap before
{Heap before GC invocations=32 (full 0):
 garbage-first heap   total 262144K, used 139264K [0x00000000e0000000, 0x0000000100000000)
  region size 1024K, 26 young (26624K), 7 survivors (7168K)
 Metaspace       used 89076K, committed 90432K, reserved 458752K
  class space    used 12190K, committed 12864K, reserved 327680K
}
Event: 968.917 GC heap after
{Heap after GC invocations=33 (full 0):
 garbage-first heap   total 262144K, used 122368K [0x00000000e0000000, 0x0000000100000000)
  region size 1024K, 3 young (3072K), 3 survivors (3072K)
 Metaspace       used 89076K, committed 90432K, reserved 458752K
  class space    used 12190K, committed 12864K, reserved 327680K
}
Event: 975.028 GC heap before
{Heap before GC invocations=34 (full 0):
 garbage-first heap   total 262144K, used 140800K [0x00000000e0000000, 0x0000000100000000)
  region size 1024K, 23 young (23552K), 3 survivors (3072K)
 Metaspace       used 88738K, committed 90240K, reserved 458752K
  class space    used 12151K, committed 12864K, reserved 327680K
}
Event: 975.130 GC heap after
{Heap after GC invocations=35 (full 0):
 garbage-first heap   total 262144K, used 115707K [0x00000000e0000000, 0x0000000100000000)
  region size 1024K, 2 young (2048K), 2 survivors (2048K)
 Metaspace       used 88738K, committed 90240K, reserved 458752K
  class space    used 12151K, committed 12864K, reserved 327680K
}
Event: 1014.532 GC heap before
{Heap before GC invocations=35 (full 0):
 garbage-first heap   total 262144K, used 173051K [0x00000000e0000000, 0x0000000100000000)
  region size 1024K, 58 young (59392K), 2 survivors (2048K)
 Metaspace       used 89228K, committed 90560K, reserved 458752K
  class space    used 12185K, committed 12864K, reserved 327680K
}
Event: 1014.659 GC heap after
{Heap after GC invocations=36 (full 0):
 garbage-first heap   total 262144K, used 119967K [0x00000000e0000000, 0x0000000100000000)
  region size 1024K, 8 young (8192K), 8 survivors (8192K)
 Metaspace       used 89228K, committed 90560K, reserved 458752K
  class space    used 12185K, committed 12864K, reserved 327680K
}
Event: 1031.293 GC heap before
{Heap before GC invocations=36 (full 0):
 garbage-first heap   total 262144K, used 140447K [0x00000000e0000000, 0x0000000100000000)
  region size 1024K, 28 young (28672K), 8 survivors (8192K)
 Metaspace       used 89296K, committed 90624K, reserved 458752K
  class space    used 12186K, committed 12864K, reserved 327680K
}
Event: 1031.357 GC heap after
{Heap after GC invocations=37 (full 0):
 garbage-first heap   total 262144K, used 115803K [0x00000000e0000000, 0x0000000100000000)
  region size 1024K, 2 young (2048K), 2 survivors (2048K)
 Metaspace       used 89296K, committed 90624K, reserved 458752K
  class space    used 12186K, committed 12864K, reserved 327680K
}
Event: 1077.467 GC heap before
{Heap before GC invocations=37 (full 0):
 garbage-first heap   total 262144K, used 185435K [0x00000000e0000000, 0x0000000100000000)
  region size 1024K, 70 young (71680K), 2 survivors (2048K)
 Metaspace       used 89628K, committed 90944K, reserved 458752K
  class space    used 12205K, committed 12864K, reserved 327680K
}
Event: 1077.595 GC heap after
{Heap after GC invocations=38 (full 0):
 garbage-first heap   total 262144K, used 114679K [0x00000000e0000000, 0x0000000100000000)
  region size 1024K, 2 young (2048K), 2 survivors (2048K)
 Metaspace       used 89628K, committed 90944K, reserved 458752K
  class space    used 12205K, committed 12864K, reserved 327680K
}
Event: 1095.673 GC heap before
{Heap before GC invocations=38 (full 0):
 garbage-first heap   total 262144K, used 178167K [0x00000000e0000000, 0x0000000100000000)
  region size 1024K, 64 young (65536K), 2 survivors (2048K)
 Metaspace       used 93393K, committed 94720K, reserved 458752K
  class space    used 12717K, committed 13376K, reserved 327680K
}
Event: 1095.744 GC heap after
{Heap after GC invocations=39 (full 0):
 garbage-first heap   total 262144K, used 115935K [0x00000000e0000000, 0x0000000100000000)
  region size 1024K, 5 young (5120K), 5 survivors (5120K)
 Metaspace       used 93393K, committed 94720K, reserved 458752K
  class space    used 12717K, committed 13376K, reserved 327680K
}
Event: 1115.552 GC heap before
{Heap before GC invocations=39 (full 0):
 garbage-first heap   total 262144K, used 178399K [0x00000000e0000000, 0x0000000100000000)
  region size 1024K, 66 young (67584K), 5 survivors (5120K)
 Metaspace       used 96159K, committed 97600K, reserved 458752K
  class space    used 13090K, committed 13824K, reserved 327680K
}
Event: 1115.599 GC heap after
{Heap after GC invocations=40 (full 0):
 garbage-first heap   total 262144K, used 113844K [0x00000000e0000000, 0x0000000100000000)
  region size 1024K, 4 young (4096K), 4 survivors (4096K)
 Metaspace       used 96159K, committed 97600K, reserved 458752K
  class space    used 13090K, committed 13824K, reserved 327680K
}

Dll operation events (14 events):
Event: 0.086 Loaded shared library C:\Users\seete\.cursor\extensions\redhat.java-1.54.0-win32-x64\jre\21.0.10-win32-x86_64\bin\java.dll
Event: 0.950 Loaded shared library C:\Users\seete\.cursor\extensions\redhat.java-1.54.0-win32-x64\jre\21.0.10-win32-x86_64\bin\zip.dll
Event: 1.266 Loaded shared library C:\Users\seete\.cursor\extensions\redhat.java-1.54.0-win32-x64\jre\21.0.10-win32-x86_64\bin\instrument.dll
Event: 1.697 Loaded shared library C:\Users\seete\.cursor\extensions\redhat.java-1.54.0-win32-x64\jre\21.0.10-win32-x86_64\bin\net.dll
Event: 1.753 Loaded shared library C:\Users\seete\.cursor\extensions\redhat.java-1.54.0-win32-x64\jre\21.0.10-win32-x86_64\bin\nio.dll
Event: 1.781 Loaded shared library C:\Users\seete\.cursor\extensions\redhat.java-1.54.0-win32-x64\jre\21.0.10-win32-x86_64\bin\zip.dll
Event: 4.282 Loaded shared library C:\Users\seete\.cursor\extensions\redhat.java-1.54.0-win32-x64\jre\21.0.10-win32-x86_64\bin\jimage.dll
Event: 5.951 Loaded shared library C:\Users\seete\.cursor\extensions\redhat.java-1.54.0-win32-x64\jre\21.0.10-win32-x86_64\bin\verify.dll
Event: 7.263 Loaded shared library C:\Users\seete\.gradle\native\c067742578af261105cb4f569cf0c3c89f3d7b1fecec35dd04571415982c5e48\windows-amd64\native-platform.dll
Event: 7.384 Loaded shared library C:\Users\seete\.gradle\native\100fb08df4bc3b14c8652ba06237920a3bd2aa13389f12d3474272988ae205f9\windows-amd64\native-platform-file-events.dll
Event: 22.984 Loaded shared library C:\Users\seete\.cursor\extensions\redhat.java-1.54.0-win32-x64\jre\21.0.10-win32-x86_64\bin\management.dll
Event: 23.005 Loaded shared library C:\Users\seete\.cursor\extensions\redhat.java-1.54.0-win32-x64\jre\21.0.10-win32-x86_64\bin\management_ext.dll
Event: 26.207 Loaded shared library C:\Users\seete\.cursor\extensions\redhat.java-1.54.0-win32-x64\jre\21.0.10-win32-x86_64\bin\extnet.dll
Event: 27.755 Loaded shared library C:\Users\seete\.cursor\extensions\redhat.java-1.54.0-win32-x64\jre\21.0.10-win32-x86_64\bin\sunmscapi.dll

Deoptimization events (20 events):
Event: 1094.795 Thread 0x000001a28472d040 DEOPT PACKING pc=0x000001a2df5111c8 sp=0x00000064360f7cb0
Event: 1094.795 Thread 0x000001a28472d040 DEOPT UNPACKING pc=0x000001a2de80439c sp=0x00000064360f7c68 mode 2
Event: 1094.796 Thread 0x000001a28472d040 Uncommon trap: trap_request=0xffffffde fr.pc=0x000001a2df5111c8 relative=0x0000000000000f68
Event: 1094.796 Thread 0x000001a28472d040 Uncommon trap: reason=class_check action=maybe_recompile pc=0x000001a2df5111c8 method=org.gradle.internal.snapshot.impl.AbstractValueProcessor.processValue(Ljava/lang/Object;Lorg/gradle/internal/snapshot/impl/AbstractValueProcessor$ValueVisitor;)Ljava/lan
Event: 1094.796 Thread 0x000001a28472d040 DEOPT PACKING pc=0x000001a2df5111c8 sp=0x00000064360f7cb0
Event: 1094.796 Thread 0x000001a28472d040 DEOPT UNPACKING pc=0x000001a2de80439c sp=0x00000064360f7c68 mode 2
Event: 1094.796 Thread 0x000001a28472d040 Uncommon trap: trap_request=0xffffffde fr.pc=0x000001a2df5111c8 relative=0x0000000000000f68
Event: 1094.796 Thread 0x000001a28472d040 Uncommon trap: reason=class_check action=maybe_recompile pc=0x000001a2df5111c8 method=org.gradle.internal.snapshot.impl.AbstractValueProcessor.processValue(Ljava/lang/Object;Lorg/gradle/internal/snapshot/impl/AbstractValueProcessor$ValueVisitor;)Ljava/lan
Event: 1094.796 Thread 0x000001a28472d040 DEOPT PACKING pc=0x000001a2df5111c8 sp=0x00000064360f7cb0
Event: 1094.796 Thread 0x000001a28472d040 DEOPT UNPACKING pc=0x000001a2de80439c sp=0x00000064360f7c68 mode 2
Event: 1108.705 Thread 0x000001a2ff9874f0 Uncommon trap: trap_request=0xffffffde fr.pc=0x000001a2df4d6e0c relative=0x000000000000062c
Event: 1108.705 Thread 0x000001a2ff9874f0 Uncommon trap: reason=class_check action=maybe_recompile pc=0x000001a2df4d6e0c method=java.util.HashMap.removeNode(ILjava/lang/Object;Ljava/lang/Object;ZZ)Ljava/util/HashMap$Node; @ 143 c2
Event: 1108.705 Thread 0x000001a2ff9874f0 DEOPT PACKING pc=0x000001a2df4d6e0c sp=0x00000064378f8e80
Event: 1108.705 Thread 0x000001a2ff9874f0 DEOPT UNPACKING pc=0x000001a2de80439c sp=0x00000064378f8e18 mode 2
Event: 1110.166 Thread 0x000001a286e7c030 Uncommon trap: trap_request=0xffffffde fr.pc=0x000001a2df4d6e0c relative=0x000000000000062c
Event: 1110.166 Thread 0x000001a286e7c030 Uncommon trap: reason=class_check action=maybe_recompile pc=0x000001a2df4d6e0c method=java.util.HashMap.removeNode(ILjava/lang/Object;Ljava/lang/Object;ZZ)Ljava/util/HashMap$Node; @ 143 c2
Event: 1110.166 Thread 0x000001a286e7c030 DEOPT PACKING pc=0x000001a2df4d6e0c sp=0x00000064379f97b0
Event: 1110.166 Thread 0x000001a286e7c030 DEOPT UNPACKING pc=0x000001a2de80439c sp=0x00000064379f9748 mode 2
Event: 1144.765 Thread 0x000001a28472d040 DEOPT PACKING pc=0x000001a2d8394ccb sp=0x00000064360f8610
Event: 1144.766 Thread 0x000001a28472d040 DEOPT UNPACKING pc=0x000001a2de804b23 sp=0x00000064360f7ab8 mode 0

Classes loaded (20 events):
Event: 969.657 Loading class java/util/LinkedHashMap$LinkedHashIteratorCustomizer
Event: 969.657 Loading class java/util/LinkedHashMap$LinkedHashIteratorCustomizer done
Event: 969.660 Loading class java/util/LinkedHashMap$LinkedKeyIteratorCustomizer
Event: 969.661 Loading class java/util/LinkedHashMap$LinkedKeyIteratorCustomizer done
Event: 969.662 Loading class java/util/LinkedHashMap$LinkedKeyIteratorCustomizer
Event: 969.662 Loading class java/util/LinkedHashMap$LinkedKeyIteratorCustomizer done
Event: 972.107 Loading class java/util/LinkedHashMapBeanInfo
Event: 972.107 Loading class java/util/LinkedHashMapBeanInfo done
Event: 972.107 Loading class java/util/LinkedHashMapBeanInfo
Event: 972.107 Loading class java/util/LinkedHashMapBeanInfo done
Event: 972.107 Loading class java/util/LinkedHashMapCustomizer
Event: 972.107 Loading class java/util/LinkedHashMapCustomizer done
Event: 972.108 Loading class java/util/LinkedHashMapCustomizer
Event: 972.108 Loading class java/util/LinkedHashMapCustomizer done
Event: 975.913 Loading class sun/reflect/misc/MethodUtil
Event: 975.914 Loading class sun/reflect/misc/MethodUtil done
Event: 975.934 Loading class sun/reflect/misc/MethodUtil$1
Event: 975.934 Loading class sun/reflect/misc/MethodUtil$1 done
Event: 1076.468 Loading class java/util/concurrent/CompletableFuture$Signaller
Event: 1076.516 Loading class java/util/concurrent/CompletableFuture$Signaller done

Classes unloaded (20 events):
Event: 969.773 Thread 0x000001a2e8d49960 Unloading class 0x000001a2eaac4800 'build_2aexmvvuhyf0qxqqvrbexgsop'
Event: 969.773 Thread 0x000001a2e8d49960 Unloading class 0x000001a2ea993800 'org/gradle/api/plugins/ExtraPropertiesExtension$has'
Event: 969.774 Thread 0x000001a2e8d49960 Unloading class 0x000001a2ea6d4c00 'java/lang/invoke/LambdaForm$MH+0x000001a2ea6d4c00'
Event: 969.774 Thread 0x000001a2e8d49960 Unloading class 0x000001a2ea6d4800 'java/lang/invoke/LambdaForm$BMH+0x000001a2ea6d4800'
Event: 969.775 Thread 0x000001a2e8d49960 Unloading class 0x000001a2ea6c8428 'build_3a5oy66pyo6xk6dwpzixhl5dj$_run_closure1$_closure3'
Event: 969.775 Thread 0x000001a2e8d49960 Unloading class 0x000001a2ea6c8000 'build_3a5oy66pyo6xk6dwpzixhl5dj$_run_closure1$_closure2'
Event: 969.776 Thread 0x000001a2e8d49960 Unloading class 0x000001a2ea6bc000 'build_3a5oy66pyo6xk6dwpzixhl5dj$_run_closure1'
Event: 969.776 Thread 0x000001a2e8d49960 Unloading class 0x000001a2ea6b9800 'build_3a5oy66pyo6xk6dwpzixhl5dj'
Event: 969.776 Thread 0x000001a2e8d49960 Unloading class 0x000001a2ea403800 'java/lang/invoke/LambdaForm$MH+0x000001a2ea403800'
Event: 969.776 Thread 0x000001a2e8d49960 Unloading class 0x000001a2ea403000 'java/lang/invoke/LambdaForm$MH+0x000001a2ea403000'
Event: 969.776 Thread 0x000001a2e8d49960 Unloading class 0x000001a2ea402c00 'java/lang/invoke/LambdaForm$MH+0x000001a2ea402c00'
Event: 969.776 Thread 0x000001a2e8d49960 Unloading class 0x000001a2ea33c000 'java/lang/invoke/LambdaForm$MH+0x000001a2ea33c000'
Event: 969.776 Thread 0x000001a2e8d49960 Unloading class 0x000001a2ea328800 'java/lang/invoke/LambdaForm$MH+0x000001a2ea328800'
Event: 969.776 Thread 0x000001a2e8d49960 Unloading class 0x000001a2ea25b400 'java/lang/invoke/LambdaForm$MH+0x000001a2ea25b400'
Event: 969.777 Thread 0x000001a2e8d49960 Unloading class 0x000001a2ea25ac00 'java/lang/invoke/LambdaForm$MH+0x000001a2ea25ac00'
Event: 969.777 Thread 0x000001a2e8d49960 Unloading class 0x000001a2ea1c0400 'java/lang/invoke/LambdaForm$MH+0x000001a2ea1c0400'
Event: 969.777 Thread 0x000001a2e8d49960 Unloading class 0x000001a2ea1c0000 'java/lang/invoke/LambdaForm$MH+0x000001a2ea1c0000'
Event: 969.777 Thread 0x000001a2e8d49960 Unloading class 0x000001a2ea18cc00 'java/lang/invoke/LambdaForm$MH+0x000001a2ea18cc00'
Event: 969.777 Thread 0x000001a2e8d49960 Unloading class 0x000001a2ea18c800 'java/lang/invoke/LambdaForm$MH+0x000001a2ea18c800'
Event: 969.777 Thread 0x000001a2e8d49960 Unloading class 0x000001a2ea18c400 'java/lang/invoke/LambdaForm$MH+0x000001a2ea18c400'

Classes redefined (0 events):
No events

Internal exceptions (20 events):
Event: 1097.270 Thread 0x000001a28472d040 Exception <a 'java/lang/ClassNotFoundException'{0x00000000ef7bc4c8}: org/jetbrains/kotlin/gradle/targets/js/npm/DefaultPeerNpmDependencyExtension$delegate$1BeanInfo> (0x00000000ef7bc4c8) 
thrown [s\src\hotspot\share\classfile\systemDictionary.cpp, line 312]
Event: 1097.270 Thread 0x000001a28472d040 Exception <a 'java/lang/ClassNotFoundException'{0x00000000ef7c3050}: org/jetbrains/kotlin/gradle/targets/js/npm/DefaultPeerNpmDependencyExtension$delegate$1Customizer> (0x00000000ef7c3050) 
thrown [s\src\hotspot\share\classfile\systemDictionary.cpp, line 312]
Event: 1121.895 Thread 0x000001a28472d040 Exception <a 'sun/nio/fs/WindowsException'{0x00000000ef967140}> (0x00000000ef967140) 
thrown [s\src\hotspot\share\prims\jni.cpp, line 520]
Event: 1121.912 Thread 0x000001a28472d040 Exception <a 'sun/nio/fs/WindowsException'{0x00000000ef9685f8}> (0x00000000ef9685f8) 
thrown [s\src\hotspot\share\prims\jni.cpp, line 520]
Event: 1121.916 Thread 0x000001a28472d040 Exception <a 'sun/nio/fs/WindowsException'{0x00000000ef969aa0}> (0x00000000ef969aa0) 
thrown [s\src\hotspot\share\prims\jni.cpp, line 520]
Event: 1121.929 Thread 0x000001a28472d040 Exception <a 'sun/nio/fs/WindowsException'{0x00000000ef96af28}> (0x00000000ef96af28) 
thrown [s\src\hotspot\share\prims\jni.cpp, line 520]
Event: 1122.578 Thread 0x000001a28472d040 Exception <a 'java/lang/ClassNotFoundException'{0x00000000ef8aaf28}: build_254jqwn8wa5hn4vlk16i0xd6sBeanInfo> (0x00000000ef8aaf28) 
thrown [s\src\hotspot\share\classfile\systemDictionary.cpp, line 312]
Event: 1122.591 Thread 0x000001a28472d040 Exception <a 'java/lang/ClassNotFoundException'{0x00000000ef8b1910}: build_254jqwn8wa5hn4vlk16i0xd6sCustomizer> (0x00000000ef8b1910) 
thrown [s\src\hotspot\share\classfile\systemDictionary.cpp, line 312]
Event: 1130.616 Thread 0x000001a28472d040 Exception <a 'sun/nio/fs/WindowsException'{0x00000000eecd25a8}> (0x00000000eecd25a8) 
thrown [s\src\hotspot\share\prims\jni.cpp, line 520]
Event: 1130.644 Thread 0x000001a28472d040 Exception <a 'sun/nio/fs/WindowsException'{0x00000000eecd3a60}> (0x00000000eecd3a60) 
thrown [s\src\hotspot\share\prims\jni.cpp, line 520]
Event: 1130.665 Thread 0x000001a28472d040 Exception <a 'sun/nio/fs/WindowsException'{0x00000000eecd4f08}> (0x00000000eecd4f08) 
thrown [s\src\hotspot\share\prims\jni.cpp, line 520]
Event: 1130.691 Thread 0x000001a28472d040 Exception <a 'sun/nio/fs/WindowsException'{0x00000000eecd6390}> (0x00000000eecd6390) 
thrown [s\src\hotspot\share\prims\jni.cpp, line 520]
Event: 1140.301 Thread 0x000001a28472d040 Exception <a 'java/lang/NoClassDefFoundError'{0x00000000ed4fdcb8}: com/android/Version> (0x00000000ed4fdcb8) 
thrown [s\src\hotspot\share\classfile\systemDictionary.cpp, line 301]
Event: 1141.966 Thread 0x000001a28472d040 Exception <a 'java/lang/NoSuchMethodError'{0x00000000ed0a0bc0}: static Lorg/jetbrains/kotlin/gradle/plugin/internal/DefaultProjectIsolationStartParameterAccessor$Factory;.<clinit>()V> (0x00000000ed0a0bc0) 
thrown [s\src\hotspot\share\prims\jni.cpp, line 1111]
Event: 1142.023 Thread 0x000001a28472d040 Exception <a 'java/lang/NoSuchMethodError'{0x00000000ed0b9090}: static Lorg/jetbrains/kotlin/gradle/plugin/internal/DefaultJavaExecTaskParametersCompatibility$Factory;.<clinit>()V> (0x00000000ed0b9090) 
thrown [s\src\hotspot\share\prims\jni.cpp, line 1111]
Event: 1142.075 Thread 0x000001a28472d040 Exception <a 'java/lang/NoSuchMethodError'{0x00000000ed0dacc8}: static Lorg/jetbrains/kotlin/gradle/plugin/internal/DefaultMavenPublicationComponentAccessorFactory;.<clinit>()V> (0x00000000ed0dacc8) 
thrown [s\src\hotspot\share\prims\jni.cpp, line 1111]
Event: 1142.117 Thread 0x000001a28472d040 Exception <a 'java/lang/NoSuchMethodError'{0x00000000ed0f8e20}: static Lorg/jetbrains/kotlin/gradle/plugin/internal/DefaultCompatibilityConventionRegistrar$Factory;.<clinit>()V> (0x00000000ed0f8e20) 
thrown [s\src\hotspot\share\prims\jni.cpp, line 1111]
Event: 1142.137 Thread 0x000001a28472d040 Exception <a 'java/lang/NoSuchMethodError'{0x00000000ecf11760}: static Lorg/jetbrains/kotlin/gradle/plugin/internal/DefaultConfigurationCacheStartParameterAccessorVariantFactory;.<clinit>()V> (0x00000000ecf11760) 
thrown [s\src\hotspot\share\prims\jni.cpp, line 1111]
Event: 1144.209 Thread 0x000001a28472d040 Exception <a 'java/lang/NoSuchMethodError'{0x00000000ecb6d3d0}: static Ljava/lang/Object;.<clinit>()V> (0x00000000ecb6d3d0) 
thrown [s\src\hotspot\share\prims\jni.cpp, line 1111]
Event: 1144.348 Thread 0x000001a28472d040 Exception <a 'java/lang/NoSuchMethodError'{0x00000000ecbb4288}: static Lorg/jetbrains/kotlin/gradle/plugin/statistics/MetricContainer;.<clinit>()V> (0x00000000ecbb4288) 
thrown [s\src\hotspot\share\prims\jni.cpp, line 1111]

ZGC Phase Switch (0 events):
No events

VM Operations (20 events):
Event: 1137.998 Executing safepoint VM operation: Cleanup
Event: 1138.014 Executing safepoint VM operation: Cleanup done
Event: 1139.016 Executing safepoint VM operation: Cleanup
Event: 1139.016 Executing safepoint VM operation: Cleanup done
Event: 1142.417 Executing non-safepoint VM operation: HandshakeAllThreads (HandshakeForDeflation)
Event: 1142.417 Executing non-safepoint VM operation: HandshakeAllThreads (HandshakeForDeflation) done
Event: 1142.417 Executing non-safepoint VM operation: RendezvousGCThreads
Event: 1142.417 Executing non-safepoint VM operation: RendezvousGCThreads done
Event: 1144.428 Executing safepoint VM operation: Cleanup
Event: 1144.443 Executing safepoint VM operation: Cleanup done
Event: 1145.443 Executing safepoint VM operation: Cleanup
Event: 1145.443 Executing safepoint VM operation: Cleanup done
Event: 1146.453 Executing safepoint VM operation: Cleanup
Event: 1146.469 Executing safepoint VM operation: Cleanup done
Event: 1152.511 Executing safepoint VM operation: Cleanup
Event: 1152.527 Executing safepoint VM operation: Cleanup done
Event: 1153.532 Executing safepoint VM operation: Cleanup
Event: 1153.548 Executing safepoint VM operation: Cleanup done
Event: 1154.552 Executing safepoint VM operation: Cleanup
Event: 1154.567 Executing safepoint VM operation: Cleanup done

Memory protections (0 events):
No events

Nmethod flushes (20 events):
Event: 970.674 Thread 0x000001a2e8d49960 flushing  nmethod 0x000001a2d82da610
Event: 970.674 Thread 0x000001a2e8d49960 flushing  nmethod 0x000001a2d82fd790
Event: 970.674 Thread 0x000001a2e8d49960 flushing  nmethod 0x000001a2d8371510
Event: 970.674 Thread 0x000001a2e8d49960 flushing  nmethod 0x000001a2d83a0390
Event: 970.674 Thread 0x000001a2e8d49960 flushing  nmethod 0x000001a2d84a9010
Event: 970.674 Thread 0x000001a2e8d49960 flushing  nmethod 0x000001a2d84d1d90
Event: 970.674 Thread 0x000001a2e8d49960 flushing  nmethod 0x000001a2d84d6490
Event: 970.674 Thread 0x000001a2e8d49960 flushing  nmethod 0x000001a2d84d8310
Event: 970.675 Thread 0x000001a2e8d49960 flushing  nmethod 0x000001a2d84d9890
Event: 970.675 Thread 0x000001a2e8d49960 flushing  nmethod 0x000001a2d84e3090
Event: 970.675 Thread 0x000001a2e8d49960 flushing  nmethod 0x000001a2d84f6410
Event: 970.675 Thread 0x000001a2e8d49960 flushing  nmethod 0x000001a2d84f8d10
Event: 970.675 Thread 0x000001a2e8d49960 flushing  nmethod 0x000001a2d84fa590
Event: 970.675 Thread 0x000001a2e8d49960 flushing  nmethod 0x000001a2d850ce10
Event: 970.675 Thread 0x000001a2e8d49960 flushing  nmethod 0x000001a2d8512310
Event: 970.675 Thread 0x000001a2e8d49960 flushing  nmethod 0x000001a2d8514790
Event: 970.675 Thread 0x000001a2e8d49960 flushing  nmethod 0x000001a2d8533f90
Event: 970.675 Thread 0x000001a2e8d49960 flushing  nmethod 0x000001a2d8535510
Event: 970.675 Thread 0x000001a2e8d49960 flushing  nmethod 0x000001a2d8536a10
Event: 970.675 Thread 0x000001a2e8d49960 flushing  nmethod 0x000001a2d8542410

Events (20 events):
Event: 1123.014 Thread 0x000001a287a3fe10 Thread exited: 0x000001a287a3fe10
Event: 1123.047 Thread 0x000001a287a3f0f0 Thread exited: 0x000001a287a3f0f0
Event: 1123.097 Thread 0x000001a287a41850 Thread exited: 0x000001a287a41850
Event: 1123.099 Thread 0x000001a287a42570 Thread exited: 0x000001a287a42570
Event: 1123.123 Thread 0x000001a286e7cd50 Thread exited: 0x000001a286e7cd50
Event: 1123.238 Thread 0x000001a286e79f60 Thread exited: 0x000001a286e79f60
Event: 1123.420 Thread 0x000001a286e7c030 Thread exited: 0x000001a286e7c030
Event: 1125.548 Thread 0x000001a28472b600 Thread added: 0x000001a287a41850
Event: 1125.700 Thread 0x000001a28472b600 Thread added: 0x000001a287a41ee0
Event: 1126.511 Thread 0x000001a28472d040 Thread added: 0x000001a287a42570
Event: 1126.696 Thread 0x000001a28472d040 Thread added: 0x000001a287a3f0f0
Event: 1126.697 Thread 0x000001a28472d040 Thread added: 0x000001a287a42c00
Event: 1127.665 Thread 0x000001a28472d040 Thread added: 0x000001a287a3f780
Event: 1128.346 Thread 0x000001a28472d040 Thread added: 0x000001a287a3fe10
Event: 1129.508 Thread 0x000001a28472d040 Thread added: 0x000001a287a43fb0
Event: 1129.736 Thread 0x000001a28472d040 Thread added: 0x000001a287a43290
Event: 1129.923 Thread 0x000001a28472d040 Thread added: 0x000001a287a44640
Event: 1136.481 Thread 0x000001a28472d040 Thread added: 0x000001a284729bc0
Event: 1136.668 Thread 0x000001a28472d040 Thread added: 0x000001a28472a8e0
Event: 1144.772 Thread 0x000001a28472d040 Thread added: 0x000001a28472f110


Dynamic libraries:
0x00007ff7d83f0000 - 0x00007ff7d83fe000 	C:\Users\seete\.cursor\extensions\redhat.java-1.54.0-win32-x64\jre\21.0.10-win32-x86_64\bin\java.exe
0x00007fff7a7a0000 - 0x00007fff7aa06000 	C:\WINDOWS\SYSTEM32\ntdll.dll
0x00007fff791a0000 - 0x00007fff79269000 	C:\WINDOWS\System32\KERNEL32.DLL
0x00007fff77e60000 - 0x00007fff7825a000 	C:\WINDOWS\System32\KERNELBASE.dll
0x00007fff783c0000 - 0x00007fff7850c000 	C:\WINDOWS\System32\ucrtbase.dll
0x00007fff5b0e0000 - 0x00007fff5b0f8000 	C:\Users\seete\.cursor\extensions\redhat.java-1.54.0-win32-x64\jre\21.0.10-win32-x86_64\bin\jli.dll
0x00007fff78510000 - 0x00007fff786d7000 	C:\WINDOWS\System32\USER32.dll
0x00007fff78260000 - 0x00007fff78287000 	C:\WINDOWS\System32\win32u.dll
0x00007fff79270000 - 0x00007fff7929b000 	C:\WINDOWS\System32\GDI32.dll
0x00007fff78290000 - 0x00007fff783bb000 	C:\WINDOWS\System32\gdi32full.dll
0x00007fff77d00000 - 0x00007fff77da3000 	C:\WINDOWS\System32\msvcp_win.dll
0x00007fff57ba0000 - 0x00007fff57bbe000 	C:\Users\seete\.cursor\extensions\redhat.java-1.54.0-win32-x64\jre\21.0.10-win32-x86_64\bin\VCRUNTIME140.dll
0x00007fff5c510000 - 0x00007fff5c7a2000 	C:\WINDOWS\WinSxS\amd64_microsoft.windows.common-controls_6595b64144ccf1df_6.0.26100.8521_none_3e08b75ce33403b3\COMCTL32.dll
0x00007fff7a110000 - 0x00007fff7a1b9000 	C:\WINDOWS\System32\msvcrt.dll
0x00007fff79160000 - 0x00007fff79192000 	C:\WINDOWS\System32\IMM32.DLL
0x00007fff743e0000 - 0x00007fff743ec000 	C:\Users\seete\.cursor\extensions\redhat.java-1.54.0-win32-x64\jre\21.0.10-win32-x86_64\bin\vcruntime140_1.dll
0x00007fff40090000 - 0x00007fff4011d000 	C:\Users\seete\.cursor\extensions\redhat.java-1.54.0-win32-x64\jre\21.0.10-win32-x86_64\bin\msvcp140.dll
0x00007ffee82f0000 - 0x00007ffee9091000 	C:\Users\seete\.cursor\extensions\redhat.java-1.54.0-win32-x64\jre\21.0.10-win32-x86_64\bin\server\jvm.dll
0x00007fff79860000 - 0x00007fff79916000 	C:\WINDOWS\System32\ADVAPI32.dll
0x00007fff79a20000 - 0x00007fff79aca000 	C:\WINDOWS\System32\sechost.dll
0x00007fff79dc0000 - 0x00007fff79ed8000 	C:\WINDOWS\System32\RPCRT4.dll
0x00007fff792a0000 - 0x00007fff79320000 	C:\WINDOWS\System32\WS2_32.dll
0x00007fff77890000 - 0x00007fff778ee000 	C:\WINDOWS\SYSTEM32\POWRPROF.dll
0x00007fff582f0000 - 0x00007fff58326000 	C:\WINDOWS\SYSTEM32\WINMM.dll
0x00007fff63070000 - 0x00007fff6307b000 	C:\WINDOWS\SYSTEM32\VERSION.dll
0x00007fff77870000 - 0x00007fff77884000 	C:\WINDOWS\SYSTEM32\UMPDC.dll
0x00007fff767c0000 - 0x00007fff767db000 	C:\WINDOWS\SYSTEM32\kernel.appcore.dll
0x00007fff5b620000 - 0x00007fff5b62a000 	C:\Users\seete\.cursor\extensions\redhat.java-1.54.0-win32-x64\jre\21.0.10-win32-x86_64\bin\jimage.dll
0x00007fff75250000 - 0x00007fff75492000 	C:\WINDOWS\SYSTEM32\DBGHELP.DLL
0x00007fff793f0000 - 0x00007fff79773000 	C:\WINDOWS\System32\combase.dll
0x00007fff79780000 - 0x00007fff79859000 	C:\WINDOWS\System32\OLEAUT32.dll
0x00007fff56d50000 - 0x00007fff56d8b000 	C:\WINDOWS\SYSTEM32\dbgcore.DLL
0x00007fff77db0000 - 0x00007fff77e58000 	C:\WINDOWS\System32\bcryptPrimitives.dll
0x00007fff5b610000 - 0x00007fff5b61f000 	C:\Users\seete\.cursor\extensions\redhat.java-1.54.0-win32-x64\jre\21.0.10-win32-x86_64\bin\instrument.dll
0x00007fff57370000 - 0x00007fff57390000 	C:\Users\seete\.cursor\extensions\redhat.java-1.54.0-win32-x64\jre\21.0.10-win32-x86_64\bin\java.dll
0x00007fff788d0000 - 0x00007fff79054000 	C:\WINDOWS\System32\SHELL32.dll
0x00007fff75630000 - 0x00007fff75eb0000 	C:\WINDOWS\SYSTEM32\windows.storage.dll
0x00007fff79060000 - 0x00007fff79156000 	C:\WINDOWS\System32\SHCORE.dll
0x00007fff79d50000 - 0x00007fff79db7000 	C:\WINDOWS\System32\shlwapi.dll
0x00007fff77950000 - 0x00007fff77979000 	C:\WINDOWS\SYSTEM32\profapi.dll
0x00007fff4c320000 - 0x00007fff4c338000 	C:\Users\seete\.cursor\extensions\redhat.java-1.54.0-win32-x64\jre\21.0.10-win32-x86_64\bin\zip.dll
0x00007fff5b5d0000 - 0x00007fff5b5e0000 	C:\Users\seete\.cursor\extensions\redhat.java-1.54.0-win32-x64\jre\21.0.10-win32-x86_64\bin\net.dll
0x00007fff63590000 - 0x00007fff636b9000 	C:\WINDOWS\SYSTEM32\WINHTTP.dll
0x00007fff76d30000 - 0x00007fff76d9c000 	C:\WINDOWS\system32\mswsock.dll
0x00007fff4c300000 - 0x00007fff4c316000 	C:\Users\seete\.cursor\extensions\redhat.java-1.54.0-win32-x64\jre\21.0.10-win32-x86_64\bin\nio.dll
0x00007fff5b1f0000 - 0x00007fff5b200000 	C:\Users\seete\.cursor\extensions\redhat.java-1.54.0-win32-x64\jre\21.0.10-win32-x86_64\bin\verify.dll
0x00007fff57e90000 - 0x00007fff57eb7000 	C:\Users\seete\.gradle\native\c067742578af261105cb4f569cf0c3c89f3d7b1fecec35dd04571415982c5e48\windows-amd64\native-platform.dll
0x00007fff1a760000 - 0x00007fff1a8a4000 	C:\Users\seete\.gradle\native\100fb08df4bc3b14c8652ba06237920a3bd2aa13389f12d3474272988ae205f9\windows-amd64\native-platform-file-events.dll
0x00007fff57f40000 - 0x00007fff57f4a000 	C:\Users\seete\.cursor\extensions\redhat.java-1.54.0-win32-x64\jre\21.0.10-win32-x86_64\bin\management.dll
0x00007fff57f30000 - 0x00007fff57f3c000 	C:\Users\seete\.cursor\extensions\redhat.java-1.54.0-win32-x64\jre\21.0.10-win32-x86_64\bin\management_ext.dll
0x00007fff7a240000 - 0x00007fff7a248000 	C:\WINDOWS\System32\PSAPI.DLL
0x00007fff77010000 - 0x00007fff7702b000 	C:\WINDOWS\SYSTEM32\CRYPTSP.dll
0x00007fff76720000 - 0x00007fff76759000 	C:\WINDOWS\system32\rsaenh.dll
0x00007fff76de0000 - 0x00007fff76e13000 	C:\WINDOWS\SYSTEM32\USERENV.dll
0x00007fff77920000 - 0x00007fff7794a000 	C:\WINDOWS\SYSTEM32\bcrypt.dll
0x00007fff77030000 - 0x00007fff7703c000 	C:\WINDOWS\SYSTEM32\CRYPTBASE.dll
0x00007fff76300000 - 0x00007fff76333000 	C:\WINDOWS\SYSTEM32\IPHLPAPI.DLL
0x00007fff79d20000 - 0x00007fff79d2a000 	C:\WINDOWS\System32\NSI.dll
0x00007fff57ec0000 - 0x00007fff57ec9000 	C:\Users\seete\.cursor\extensions\redhat.java-1.54.0-win32-x64\jre\21.0.10-win32-x86_64\bin\extnet.dll
0x00007fff57ee0000 - 0x00007fff57eee000 	C:\Users\seete\.cursor\extensions\redhat.java-1.54.0-win32-x64\jre\21.0.10-win32-x86_64\bin\sunmscapi.dll
0x00007fff77b80000 - 0x00007fff77cf8000 	C:\WINDOWS\System32\CRYPT32.dll
0x00007fff77230000 - 0x00007fff77260000 	C:\WINDOWS\SYSTEM32\ncrypt.dll
0x00007fff771e0000 - 0x00007fff7721f000 	C:\WINDOWS\SYSTEM32\NTASN1.dll
0x00007fff4aac0000 - 0x00007fff4aac8000 	C:\WINDOWS\system32\wshunix.dll

JVMTI agents:
C:\Users\seete\.gradle\wrapper\dists\gradle-8.9-bin\90cnw93cvbtalezasaz0blq0a\gradle-8.9\lib\agents\gradle-instrumentation-agent-8.9.jar path:C:\Users\seete\.cursor\extensions\redhat.java-1.54.0-win32-x64\jre\21.0.10-win32-x86_64\bin\instrument.dll, loaded, initialized, instrumentlib options:none

dbghelp: loaded successfully - version: 4.0.5 - missing functions: none
symbol engine: initialized successfully - sym options: 0x614 - pdb path: .;C:\Users\seete\.cursor\extensions\redhat.java-1.54.0-win32-x64\jre\21.0.10-win32-x86_64\bin;C:\WINDOWS\SYSTEM32;C:\WINDOWS\WinSxS\amd64_microsoft.windows.common-controls_6595b64144ccf1df_6.0.26100.8521_none_3e08b75ce33403b3;C:\Users\seete\.cursor\extensions\redhat.java-1.54.0-win32-x64\jre\21.0.10-win32-x86_64\bin\server;C:\Users\seete\.gradle\native\c067742578af261105cb4f569cf0c3c89f3d7b1fecec35dd04571415982c5e48\windows-amd64;C:\Users\seete\.gradle\native\100fb08df4bc3b14c8652ba06237920a3bd2aa13389f12d3474272988ae205f9\windows-amd64

VM Arguments:
jvm_args: --add-opens=java.base/java.util=ALL-UNNAMED --add-opens=java.base/java.lang=ALL-UNNAMED --add-opens=java.base/java.lang.invoke=ALL-UNNAMED --add-opens=java.prefs/java.util.prefs=ALL-UNNAMED --add-exports=jdk.compiler/com.sun.tools.javac.api=ALL-UNNAMED --add-exports=jdk.compiler/com.sun.tools.javac.util=ALL-UNNAMED --add-opens=java.base/java.nio.charset=ALL-UNNAMED --add-opens=java.base/java.net=ALL-UNNAMED --add-opens=java.base/java.util.concurrent.atomic=ALL-UNNAMED -XX:MaxMetaspaceSize=384m -XX:+HeapDumpOnOutOfMemoryError -Xms256m -Xmx512m -Dfile.encoding=utf8 -Duser.country=US -Duser.language=en -Duser.variant -javaagent:C:\Users\seete\.gradle\wrapper\dists\gradle-8.9-bin\90cnw93cvbtalezasaz0blq0a\gradle-8.9\lib\agents\gradle-instrumentation-agent-8.9.jar 
java_command: org.gradle.launcher.daemon.bootstrap.GradleDaemon 8.9
java_class_path (initial): C:\Users\seete\.gradle\wrapper\dists\gradle-8.9-bin\90cnw93cvbtalezasaz0blq0a\gradle-8.9\lib\gradle-daemon-main-8.9.jar
Launcher Type: SUN_STANDARD

[Global flags]
     intx CICompilerCount                          = 2                                         {product} {ergonomic}
   size_t CompressedClassSpaceSize                 = 335544320                                 {product} {ergonomic}
     uint ConcGCThreads                            = 1                                         {product} {ergonomic}
     uint G1ConcRefinementThreads                  = 2                                         {product} {ergonomic}
   size_t G1HeapRegionSize                         = 1048576                                   {product} {ergonomic}
    uintx GCDrainStackTargetSize                   = 64                                        {product} {ergonomic}
     bool HeapDumpOnOutOfMemoryError               = true                                   {manageable} {command line}
   size_t InitialHeapSize                          = 268435456                                 {product} {command line}
   size_t MarkStackSize                            = 4194304                                   {product} {ergonomic}
   size_t MaxHeapSize                              = 536870912                                 {product} {command line}
   size_t MaxMetaspaceSize                         = 402653184                                 {product} {command line}
   size_t MaxNewSize                               = 321912832                                 {product} {ergonomic}
   size_t MinHeapDeltaBytes                        = 1048576                                   {product} {ergonomic}
   size_t MinHeapSize                              = 268435456                                 {product} {command line}
    uintx NonNMethodCodeHeapSize                   = 5826188                                {pd product} {ergonomic}
    uintx NonProfiledCodeHeapSize                  = 122916026                              {pd product} {ergonomic}
    uintx ProfiledCodeHeapSize                     = 122916026                              {pd product} {ergonomic}
    uintx ReservedCodeCacheSize                    = 251658240                              {pd product} {ergonomic}
     bool SegmentedCodeCache                       = true                                      {product} {ergonomic}
   size_t SoftMaxHeapSize                          = 536870912                              {manageable} {ergonomic}
     bool UseCompressedOops                        = true                           {product lp64_product} {ergonomic}
     bool UseG1GC                                  = true                                      {product} {ergonomic}
     bool UseLargePagesIndividualAllocation        = false                                  {pd product} {ergonomic}

Logging:
Log output configuration:
 #0: stdout all=warning uptime,level,tags foldmultilines=false
 #1: stderr all=off uptime,level,tags foldmultilines=false

Release file:
JAVA_VERSION="21.0.10" 
MODULES="java.base java.compiler java.datatransfer java.xml java.prefs java.desktop java.instrument java.logging java.management java.security.sasl java.naming java.rmi java.management.rmi java.net.http java.scripting java.security.jgss java.transaction.xa java.sql java.sql.rowset java.xml.crypto java.se java.smartcardio jdk.accessibility jdk.internal.jvmstat jdk.attach jdk.charsets jdk.internal.opt jdk.zipfs jdk.compiler jdk.crypto.ec jdk.crypto.cryptoki jdk.crypto.mscapi jdk.dynalink jdk.internal.ed jdk.editpad jdk.hotspot.agent jdk.httpserver jdk.internal.le jdk.internal.vm.ci jdk.internal.vm.compiler jdk.internal.vm.compiler.management jdk.jartool jdk.javadoc jdk.jcmd jdk.management jdk.management.agent jdk.jconsole jdk.jdeps jdk.jdwp.agent jdk.jdi jdk.jfr jdk.jshell jdk.jsobject jdk.jstatd jdk.localedata jdk.management.jfr jdk.naming.dns jdk.naming.rmi jdk.net jdk.nio.mapmode jdk.random jdk.sctp jdk.security.auth jdk.security.jgss jdk.unsupported jdk.unsupported.desktop jdk.xml.dom" 

Environment Variables:
JAVA_HOME=C:\Program Files\Java\jdk-24
PATH=C:\Program Files\PlasticSCM5\server;C:\Program Files\PlasticSCM5\client;C:\Program Files\Common Files\Oracle\Java\javapath;C:\windows\system32;C:\windows;C:\windows\System32\Wbem;C:\windows\System32\WindowsPowerShell\v1.0\;C:\windows\System32\OpenSSH\;C:\Program Files\dotnet\;C:\WINDOWS\system32;C:\WINDOWS;C:\WINDOWS\System32\Wbem;C:\WINDOWS\System32\WindowsPowerShell\v1.0\;C:\WINDOWS\System32\OpenSSH\;%JAVA_HOME%\bin;C:\Program Files\cursor\resources\app\bin;C:\Program Files\Git\cmd;C:\Program Files\nodejs\;C:\Program Files\node.js;C:\Users\seete\.local\bin;C:\Users\seete\AppData\Local\Programs\Python\Python38\Scripts\;C:\Users\seete\AppData\Local\Programs\Python\Python38\;C:\Users\seete\AppData\Local\Microsoft\WindowsApps;C:\Users\seete\.dotnet\tools;C:\Users\seete\AppData\Local\Programs\Microsoft VS Code\bin;C:\Users\seete\AppData\Local\GitHubDesktop\bin;C:\ProgramData\nn\GitHubDesktop\bin;C:\Users\seete\AppData\Local\Microsoft\WinGet\Packages\BurntSushi.ripgrep.MSVC_Microsoft.Winget.Source_8wekyb3d8bbwe\ripgrep-15.1.0-x86_64-pc-windows-msvc;C:\Users\seete\AppData\Local\Microsoft\WinGet\Packages\sharkdp.fd_Microsoft.Winget.Source_8wekyb3d8bbwe\fd-v10.3.0-x86_64-pc-windows-msvc;C:\Users\seete\AppData\Local\Programs\cursor\resources\app\bin;C:\Users\seete\AppData\Roaming\npm;C:\Program Files\nodejs
USERNAME=nn
OS=Windows_NT
PROCESSOR_IDENTIFIER=Intel64 Family 6 Model 156 Stepping 0, GenuineIntel
TMP=C:\Users\seete\AppData\Local\Temp
TEMP=C:\Users\seete\AppData\Local\Temp




Periodic native trim disabled

---------------  S Y S T E M  ---------------

OS:
 Windows 11 , 64 bit Build 26100 (10.0.26100.8521)
OS uptime: 0 days 23:27 hours

CPU: total 2 (initial active 2) (2 cores per cpu, 1 threads per core) family 6 model 156 stepping 0 microcode 0x24000024, cx8, cmov, fxsr, mmx, 3dnowpref, sse, sse2, sse3, ssse3, sse4.1, sse4.2, popcnt, tsc, tscinvbit, aes, erms, clmul, sha, clflush, clflushopt, clwb, rdtscp, rdpid
Processor Information for the first 2 processors :
  Max Mhz: 1101, Current Mhz: 1101, Mhz Limit: 1101

Memory: 4k page, system-wide physical 3800M (342M free)
TotalPageFile size 16088M (AvailPageFile size 0M)
current process WorkingSet (physical memory assigned to process): 210M, peak: 398M
current process commit charge ("private bytes"): 551M, peak: 553M

vm_info: OpenJDK 64-Bit Server VM (21.0.10+7-LTS) for windows-amd64 JRE (21.0.10+7-LTS), built on 2026-01-20T00:00:00Z by "admin" with MS VC++ 17.12 (VS2022)

END.
