#
# There is insufficient memory for the Java Runtime Environment to continue.
# Native memory allocation (mmap) failed to map 62914560 bytes. Error detail: G1 virtual space
# Possible reasons:
#   The system is out of physical RAM or swap space
#   This process is running with CompressedOops enabled, and the Java Heap may be blocking the growth of the native heap
# Possible solutions:
#   Reduce memory load on the system
#   Increase physical memory or swap space
#   Check if swap backing store is full
#   Decrease Java heap size (-Xmx/-Xms)
#   Decrease number of Java threads
#   Decrease Java thread stack sizes (-Xss)
#   Set larger code cache with -XX:ReservedCodeCacheSize=
#   JVM is running with Unscaled Compressed Oops mode in which the Java heap is
#     placed in the first 4GB address space. The Java Heap base address is the
#     maximum limit for the native heap growth. Please use -XX:HeapBaseMinAddress
#     to set the Java Heap base and to place the Java Heap above 4GB virtual address.
# This output file may be truncated or incomplete.
#
#  Out of Memory Error (os_windows.cpp:3714), pid=9684, tid=15712
#
# JRE version:  (21.0.10+7) (build )
# Java VM: OpenJDK 64-Bit Server VM (21.0.10+7-LTS, mixed mode, sharing, tiered, compressed oops, compressed class ptrs, g1 gc, windows-amd64)
# No core dump will be written. Minidumps are not enabled by default on client versions of Windows
#

---------------  S U M M A R Y ------------

Command Line: org.jetbrains.kotlin.cli.jvm.K2JVMCompiler @C:\___myworkspace2\price watch\mobile\node_modules\@react-native\gradle-plugin\settings-plugin\build\20260620_1017172316878332238.compiler.options

Host: Intel(R) Celeron(R) N4500 @ 1.10GHz, 2 cores, 3G,  Windows 11 , 64 bit Build 26100 (10.0.26100.8521)
Time: Sat Jun 20 01:17:55 2026 Malay Peninsula Standard Time elapsed time: 1.330264 seconds (0d 0h 0m 1s)

---------------  T H R E A D  ---------------

Current thread (0x000001cdbdc4f730):  JavaThread "Unknown thread" [_thread_in_vm, id=15712, stack(0x00000023df600000,0x00000023df700000) (1024K)]

Stack: [0x00000023df600000,0x00000023df700000]
Native frames: (J=compiled Java code, j=interpreted, Vv=VM code, C=native code)
V  [jvm.dll+0x6d7a39]
V  [jvm.dll+0x8b4b26]
V  [jvm.dll+0x8b70de]
V  [jvm.dll+0x8b77c3]
V  [jvm.dll+0x284346]
V  [jvm.dll+0x6d4355]
V  [jvm.dll+0x6c808a]
V  [jvm.dll+0x35edb8]
V  [jvm.dll+0x3669f6]
V  [jvm.dll+0x3b7afe]
V  [jvm.dll+0x3b7da8]
V  [jvm.dll+0x332fbc]
V  [jvm.dll+0x333b0b]
V  [jvm.dll+0x87eadb]
V  [jvm.dll+0x3c4a81]
V  [jvm.dll+0x867d25]
V  [jvm.dll+0x457b31]
V  [jvm.dll+0x459721]
C  [jli.dll+0x52d0]
C  [ucrtbase.dll+0x2cd30]
C  [KERNEL32.DLL+0x2e957]
C  [ntdll.dll+0x87c1c]


---------------  P R O C E S S  ---------------

Threads class SMR info:
_java_thread_list=0x00007ffad2dda1c8, length=0, elements={
}

Java Threads: ( => current thread )
Total: 0

Other Threads:
  0x000001cdbdc81a90 WorkerThread "GC Thread#0"                     [id=7396, stack(0x00000023df700000,0x00000023df800000) (1024K)]
  0x000001cdbdc8a090 ConcurrentGCThread "G1 Main Marker"            [id=17552, stack(0x00000023df800000,0x00000023df900000) (1024K)]
  0x000001cdbdc8b930 WorkerThread "G1 Conc#0"                       [id=1704, stack(0x00000023df900000,0x00000023dfa00000) (1024K)]

[error occurred during error reporting (printing all threads), id 0xc0000005, EXCEPTION_ACCESS_VIOLATION (0xc0000005) at pc=0x00007ffad24d56a7]
VM state: not at safepoint (not fully initialized)

VM Mutex/Monitor currently owned by a thread:  ([mutex/lock_event])
[0x00007ffad2e4e660] Heap_lock - owner thread: 0x000001cdbdc4f730

Heap address: 0x00000000c4800000, size: 952 MB, Compressed Oops mode: 32-bit

CDS archive(s) mapped at: [0x0000000000000000-0x0000000000000000-0x0000000000000000), size 0, SharedBaseAddress: 0x0000000800000000, ArchiveRelocationMode: 1.
Narrow klass base: 0x0000000000000000, Narrow klass shift: 0, Narrow klass range: 0x0

GC Precious Log:
 CardTable entry size: 512
 Card Set container configuration: InlinePtr #cards 5 size 8 Array Of Cards #cards 12 size 40 Howl #buckets 4 coarsen threshold 1843 Howl Bitmap #cards 512 size 80 coarsen threshold 460 Card regions per heap region 1 cards per card region 2048

Heap:
 garbage-first heap   total 0K, used 0K [0x00000000c4800000, 0x0000000100000000)
  region size 1024K, 0 young (0K), 0 survivors (0K)

[error occurred during error reporting (printing heap information), id 0xc0000005, EXCEPTION_ACCESS_VIOLATION (0xc0000005) at pc=0x00007ffad28c13b9]
GC Heap History (0 events):
No events

Dll operation events (1 events):
Event: 0.174 Loaded shared library C:\Users\seete\.cursor\extensions\redhat.java-1.54.0-win32-x64\jre\21.0.10-win32-x86_64\bin\java.dll

Deoptimization events (0 events):
No events

Classes loaded (0 events):
No events

Classes unloaded (0 events):
No events

Classes redefined (0 events):
No events

Internal exceptions (0 events):
No events

ZGC Phase Switch (0 events):
No events

VM Operations (0 events):
No events

Memory protections (0 events):
No events

Nmethod flushes (0 events):
No events

Events (0 events):
No events


Dynamic libraries:
0x00007ff794f00000 - 0x00007ff794f0e000 	C:\Users\seete\.cursor\extensions\redhat.java-1.54.0-win32-x64\jre\21.0.10-win32-x86_64\bin\java.exe
0x00007ffba9700000 - 0x00007ffba9966000 	C:\WINDOWS\SYSTEM32\ntdll.dll
0x00007ffba7f30000 - 0x00007ffba7ff9000 	C:\WINDOWS\System32\KERNEL32.DLL
0x00007ffba6f40000 - 0x00007ffba733a000 	C:\WINDOWS\System32\KERNELBASE.dll
0x00007ffba6d40000 - 0x00007ffba6e8c000 	C:\WINDOWS\System32\ucrtbase.dll
0x00007ffb8a2a0000 - 0x00007ffb8a2b8000 	C:\Users\seete\.cursor\extensions\redhat.java-1.54.0-win32-x64\jre\21.0.10-win32-x86_64\bin\jli.dll
0x00007ffba7840000 - 0x00007ffba7a07000 	C:\WINDOWS\System32\USER32.dll
0x00007ffba6c50000 - 0x00007ffba6c77000 	C:\WINDOWS\System32\win32u.dll
0x00007ffba7cd0000 - 0x00007ffba7cfb000 	C:\WINDOWS\System32\GDI32.dll
0x00007ffba7340000 - 0x00007ffba746b000 	C:\WINDOWS\System32\gdi32full.dll
0x00007ffba6e90000 - 0x00007ffba6f33000 	C:\WINDOWS\System32\msvcp_win.dll
0x00007ffb7b5d0000 - 0x00007ffb7b5ee000 	C:\Users\seete\.cursor\extensions\redhat.java-1.54.0-win32-x64\jre\21.0.10-win32-x86_64\bin\VCRUNTIME140.dll
0x00007ffb913c0000 - 0x00007ffb91652000 	C:\WINDOWS\WinSxS\amd64_microsoft.windows.common-controls_6595b64144ccf1df_6.0.26100.8521_none_3e08b75ce33403b3\COMCTL32.dll
0x00007ffba7c20000 - 0x00007ffba7cc9000 	C:\WINDOWS\System32\msvcrt.dll
0x00007ffba7470000 - 0x00007ffba74a2000 	C:\WINDOWS\System32\IMM32.DLL
0x00007ffb761f0000 - 0x00007ffb761fc000 	C:\Users\seete\.cursor\extensions\redhat.java-1.54.0-win32-x64\jre\21.0.10-win32-x86_64\bin\vcruntime140_1.dll
0x00007ffb37bf0000 - 0x00007ffb37c7d000 	C:\Users\seete\.cursor\extensions\redhat.java-1.54.0-win32-x64\jre\21.0.10-win32-x86_64\bin\msvcp140.dll
0x00007ffad2190000 - 0x00007ffad2f31000 	C:\Users\seete\.cursor\extensions\redhat.java-1.54.0-win32-x64\jre\21.0.10-win32-x86_64\bin\server\jvm.dll
0x00007ffba7a10000 - 0x00007ffba7ac6000 	C:\WINDOWS\System32\ADVAPI32.dll
0x00007ffba7690000 - 0x00007ffba773a000 	C:\WINDOWS\System32\sechost.dll
0x00007ffba8c30000 - 0x00007ffba8d48000 	C:\WINDOWS\System32\RPCRT4.dll
0x00007ffba7d80000 - 0x00007ffba7e00000 	C:\WINDOWS\System32\WS2_32.dll
0x00007ffba67f0000 - 0x00007ffba684e000 	C:\WINDOWS\SYSTEM32\POWRPROF.dll
0x00007ffb873a0000 - 0x00007ffb873d6000 	C:\WINDOWS\SYSTEM32\WINMM.dll
0x00007ffb92b20000 - 0x00007ffb92b2b000 	C:\WINDOWS\SYSTEM32\VERSION.dll
0x00007ffba67d0000 - 0x00007ffba67e4000 	C:\WINDOWS\SYSTEM32\UMPDC.dll
0x00007ffba5720000 - 0x00007ffba573b000 	C:\WINDOWS\SYSTEM32\kernel.appcore.dll
0x00007ffb761e0000 - 0x00007ffb761ea000 	C:\Users\seete\.cursor\extensions\redhat.java-1.54.0-win32-x64\jre\21.0.10-win32-x86_64\bin\jimage.dll
0x00007ffba4030000 - 0x00007ffba4272000 	C:\WINDOWS\SYSTEM32\DBGHELP.DLL
0x00007ffba88a0000 - 0x00007ffba8c23000 	C:\WINDOWS\System32\combase.dll
0x00007ffba81e0000 - 0x00007ffba82b9000 	C:\WINDOWS\System32\OLEAUT32.dll
0x00007ffb868d0000 - 0x00007ffb8690b000 	C:\WINDOWS\SYSTEM32\dbgcore.DLL
0x00007ffba6a20000 - 0x00007ffba6ac8000 	C:\WINDOWS\System32\bcryptPrimitives.dll
0x00007ffb75e20000 - 0x00007ffb75e40000 	C:\Users\seete\.cursor\extensions\redhat.java-1.54.0-win32-x64\jre\21.0.10-win32-x86_64\bin\java.dll

JVMTI agents: none

dbghelp: loaded successfully - version: 4.0.5 - missing functions: none
symbol engine: initialized successfully - sym options: 0x614 - pdb path: .;C:\Users\seete\.cursor\extensions\redhat.java-1.54.0-win32-x64\jre\21.0.10-win32-x86_64\bin;C:\WINDOWS\SYSTEM32;C:\WINDOWS\WinSxS\amd64_microsoft.windows.common-controls_6595b64144ccf1df_6.0.26100.8521_none_3e08b75ce33403b3;C:\Users\seete\.cursor\extensions\redhat.java-1.54.0-win32-x64\jre\21.0.10-win32-x86_64\bin\server

VM Arguments:
java_command: org.jetbrains.kotlin.cli.jvm.K2JVMCompiler @C:\___myworkspace2\price watch\mobile\node_modules\@react-native\gradle-plugin\settings-plugin\build\20260620_1017172316878332238.compiler.options
java_class_path (initial): C:\Users\seete\.gradle\caches\modules-2\files-2.1\org.jetbrains.kotlin\kotlin-compiler-embeddable\2.1.20\4ef56b3316798316bfac7a0ae443391c9e900ea1\kotlin-compiler-embeddable-2.1.20.jar;C:\Users\seete\.gradle\caches\modules-2\files-2.1\org.jetbrains.kotlin\kotlin-stdlib\2.1.20\aa8ca79cd50578314f6d1180c47cbe14c0fee567\kotlin-stdlib-2.1.20.jar;C:\Users\seete\.gradle\caches\modules-2\files-2.1\org.jetbrains.kotlin\kotlin-script-runtime\2.1.20\f7c623d7f7bdb01f5ccd6b437bc0a937fcd7c57e\kotlin-script-runtime-2.1.20.jar;C:\Users\seete\.gradle\caches\modules-2\files-2.1\org.jetbrains.kotlin\kotlin-reflect\1.6.10\1cbe9c92c12a94eea200d23c2bbaedaf3daf5132\kotlin-reflect-1.6.10.jar;C:\Users\seete\.gradle\caches\modules-2\files-2.1\org.jetbrains.kotlin\kotlin-daemon-embeddable\2.1.20\95670fce77befd02a70a0bc3abe8ee4533521334\kotlin-daemon-embeddable-2.1.20.jar;C:\Users\seete\.gradle\caches\modules-2\files-2.1\org.jetbrains.intellij.deps\trove4j\1.0.20200330\3afb14d5f9ceb459d724e907a21145e8ff394f02\trove4j-1.0.20200330.jar;C:\Users\seete\.gradle\caches\modules-2\files-2.1\org.jetbrains.kotlinx\kotlinx-coroutines-core-jvm\1.8.0\ac1dc37a30a93150b704022f8d895ee1bd3a36b3\kotlinx-coroutines-core-jvm-1.8.0.jar;C:\Users\seete\.gradle\caches\modules-2\files-2.1\org.jetbrains\annotations\13.0\919f0dfe192fb4e063e7dacadee7f8bb9a2672a9\annotations-13.0.jar
Launcher Type: SUN_STANDARD

[Global flags]
     intx CICompilerCount                          = 2                                         {product} {ergonomic}
     uint ConcGCThreads                            = 1                                         {product} {ergonomic}
     uint G1ConcRefinementThreads                  = 2                                         {product} {ergonomic}
   size_t G1HeapRegionSize                         = 1048576                                   {product} {ergonomic}
    uintx GCDrainStackTargetSize                   = 64                                        {product} {ergonomic}
   size_t InitialHeapSize                          = 62914560                                  {product} {ergonomic}
   size_t MarkStackSize                            = 4194304                                   {product} {ergonomic}
   size_t MaxHeapSize                              = 998244352                                 {product} {ergonomic}
   size_t MinHeapDeltaBytes                        = 1048576                                   {product} {ergonomic}
   size_t MinHeapSize                              = 8388608                                   {product} {ergonomic}
    uintx NonNMethodCodeHeapSize                   = 5826188                                {pd product} {ergonomic}
    uintx NonProfiledCodeHeapSize                  = 122916026                              {pd product} {ergonomic}
    uintx ProfiledCodeHeapSize                     = 122916026                              {pd product} {ergonomic}
    uintx ReservedCodeCacheSize                    = 251658240                              {pd product} {ergonomic}
     bool SegmentedCodeCache                       = true                                      {product} {ergonomic}
   size_t SoftMaxHeapSize                          = 998244352                              {manageable} {ergonomic}
     bool UseCompressedOops                        = true                           {product lp64_product} {ergonomic}
     bool UseG1GC                                  = true                                      {product} {ergonomic}
     bool UseLargePagesIndividualAllocation        = false                                  {pd product} {ergonomic}

Logging:
Log output configuration:
 #0: stdout all=warning uptime,level,tags foldmultilines=false
 #1: stderr all=off uptime,level,tags foldmultilines=false

Release file:
<release file has not been read>
Environment Variables:
JAVA_HOME=C:\Program Files\Java\jdk-24
PATH=C:\Program Files\PlasticSCM5\server;C:\Program Files\PlasticSCM5\client;C:\Program Files\Common Files\Oracle\Java\javapath;C:\windows\system32;C:\windows;C:\windows\System32\Wbem;C:\windows\System32\WindowsPowerShell\v1.0\;C:\windows\System32\OpenSSH\;C:\Program Files\dotnet\;C:\WINDOWS\system32;C:\WINDOWS;C:\WINDOWS\System32\Wbem;C:\WINDOWS\System32\WindowsPowerShell\v1.0\;C:\WINDOWS\System32\OpenSSH\;%JAVA_HOME%\bin;C:\Program Files\cursor\resources\app\bin;C:\Program Files\Git\cmd;C:\Program Files\nodejs\;C:\Program Files\node.js;C:\Users\seete\.local\bin;C:\Users\seete\AppData\Local\Programs\Python\Python38\Scripts\;C:\Users\seete\AppData\Local\Programs\Python\Python38\;C:\Users\seete\AppData\Local\Microsoft\WindowsApps;C:\Users\seete\.dotnet\tools;C:\Users\seete\AppData\Local\Programs\Microsoft VS Code\bin;C:\Users\seete\AppData\Local\GitHubDesktop\bin;C:\ProgramData\nn\GitHubDesktop\bin;C:\Users\seete\AppData\Local\Microsoft\WinGet\Packages\BurntSushi.ripgrep.MSVC_Microsoft.Winget.Source_8wekyb3d8bbwe\ripgrep-15.1.0-x86_64-pc-windows-msvc;C:\Users\seete\AppData\Local\Microsoft\WinGet\Packages\sharkdp.fd_Microsoft.Winget.Source_8wekyb3d8bbwe\fd-v10.3.0-x86_64-pc-windows-msvc;C:\Users\seete\AppData\Local\Programs\cursor\resources\app\bin;C:\Users\seete\AppData\Roaming\npm;C:\Program Files\nodejs
USERNAME=nn
OS=Windows_NT
PROCESSOR_IDENTIFIER=Intel64 Family 6 Model 156 Stepping 0, GenuineIntel
TMP=C:\Users\seete\AppData\Local\Temp
TEMP=C:\Users\seete\AppData\Local\Temp




Periodic native trim disabled

---------------  S Y S T E M  ---------------

OS:
 Windows 11 , 64 bit Build 26100 (10.0.26100.8521)
OS uptime: 4 days 1:44 hours

CPU: total 2 (initial active 2) (2 cores per cpu, 1 threads per core) family 6 model 156 stepping 0 microcode 0x24000024, cx8, cmov, fxsr, mmx, 3dnowpref, sse, sse2, sse3, ssse3, sse4.1, sse4.2, popcnt, tsc, tscinvbit, aes, erms, clmul, sha, clflush, clflushopt, clwb, rdtscp, rdpid
Processor Information for the first 2 processors :
  Max Mhz: 1101, Current Mhz: 1101, Mhz Limit: 1101

Memory: 4k page, system-wide physical 3800M (93M free)
TotalPageFile size 16088M (AvailPageFile size 79M)
current process WorkingSet (physical memory assigned to process): 11M, peak: 11M
current process commit charge ("private bytes"): 47M, peak: 107M

vm_info: OpenJDK 64-Bit Server VM (21.0.10+7-LTS) for windows-amd64 JRE (21.0.10+7-LTS), built on 2026-01-20T00:00:00Z by "admin" with MS VC++ 17.12 (VS2022)

END.
